#
# A fatal error has been detected by the Java Runtime Environment:
#
#  SIGSEGV (0xb) at pc=0x000000011f6fb153, pid=79304, tid=7171
#
# JRE version: Java(TM) SE Runtime Environment (8.0_91-b14) (build 1.8.0_91-b14)
# Java VM: Java HotSpot(TM) 64-Bit Server VM (25.91-b14 mixed mode bsd-amd64 compressed oops)
# Problematic frame:
# C  [libInterfaceAvecC.dylib+0x5153]  destroyList+0x13
#
# Failed to write core dump. Core dumps have been disabled. To enable core dumping, try "ulimit -c unlimited" before starting Java again
#
# If you would like to submit a bug report, please visit:
#   http://bugreport.java.com/bugreport/crash.jsp
# The crash happened outside the Java Virtual Machine in native code.
# See problematic frame for where to report the bug.
#

---------------  T H R E A D  ---------------

Current thread (0x00007ff45a00a800):  JavaThread "main" [_thread_in_native, id=7171, stack(0x0000700006f84000,0x0000700007084000)]

siginfo: si_signo: 11 (SIGSEGV), si_code: 0 (unknown), si_addr: 0x0000000000000000

Registers:
RAX=0x0000000000000002, RBX=0x000000010d62f460, RCX=0x00007ff459d36450, RDX=0x00000000000c8100
RSP=0x0000700007083750, RBP=0x0000700007083770, RSI=0x0000000000000000, RDI=0x4000000000000000
R8 =0x0000000000000001, R9 =0x0000000000000000, R10=0x0000000000000001, R11=0x0000000000000002
R12=0x0000000000000000, R13=0x000000010d62f460, R14=0x00007000070838e8, R15=0x00007ff45a00a800
RIP=0x000000011f6fb153, EFLAGS=0x0000000000010206, ERR=0x0000000000000000
  TRAPNO=0x000000000000000d

Top of Stack: (sp=0x0000700007083750)
0x0000700007083750:   0000000000000000 00007ff459d364b0
0x0000700007083760:   00007ff459d364b0 00007ff459e0e0f0
0x0000700007083770:   00007000070837a0 000000011f6f9e2f
0x0000700007083780:   00007000070837a0 0000000000000002
0x0000700007083790:   00000009070838e8 00007ff459d35680
0x00007000070837a0:   00007000070837d0 000000011f6fb579
0x00007000070837b0:   0000000000000000 00007ff459d35680
0x00007000070837c0:   00007ff459d34da0 00007ff459d363e0
0x00007000070837d0:   0000700007083860 000000011f6fa8a8
0x00007000070837e0:   0000700007083850 000000010771d81a
0x00007000070837f0:   000000010771482f 00007ff45a00a800
0x0000700007083800:   0000000c0000000e 000000011f6fbe19
0x0000700007083810:   00777ff45a00a800 00007ff459f2d3f8
0x0000700007083820:   00007ff459f156d0 000000000d62f460
0x0000700007083830:   0000000900000003 00007ff459c01170
0x0000700007083840:   00007000070838e0 00007000070838e8
0x0000700007083850:   00007000070838d0 00007ff45a00a9f8
0x0000700007083860:   00007000070838c0 000000010e15f9d4
0x0000700007083870:   000000010e16b983 000000010e15f722
0x0000700007083880:   0000700007083880 000000010d62f460
0x0000700007083890:   00007000070838e8 000000010d62fab8
0x00007000070838a0:   0000000000000000 000000010d62f460
0x00007000070838b0:   0000000000000000 00007000070838e0
0x00007000070838c0:   0000700007083930 000000010e14fb60
0x00007000070838d0:   000000079575e3c8 000000010e15952a
0x00007000070838e0:   00000007956f0b40 000000079575edf8
0x00007000070838f0:   00007000070838f0 000000010d62a8b0
0x0000700007083900:   0000700007083948 000000010d62b028
0x0000700007083910:   0000000000000000 000000010d62a8f0
0x0000700007083920:   00007000070838e0 0000700007083948
0x0000700007083930:   00007000070839b0 000000010e1487a7
0x0000700007083940:   00000007956f0b40 00000007956f0b30 

Instructions: (pc=0x000000011f6fb153)
0x000000011f6fb133:   20 5d c3 66 2e 0f 1f 84 00 00 00 00 00 55 48 89
0x000000011f6fb143:   e5 48 83 ec 20 48 89 7d f8 48 8b 7d f8 48 8b 3f
0x000000011f6fb153:   48 8b 7f 10 48 89 7d f0 48 8b 7d f0 48 89 7d e8
0x000000011f6fb163:   48 8b 45 f0 48 8b 4d f8 48 3b 01 0f 84 6f 00 00 

Register to memory mapping:

RAX=0x0000000000000002 is an unknown value
RBX={method} {0x000000010d62f460} 'nativeInitGame' '(Ljava/lang/String;LJeuHex;)C' in 'InterfaceAvecC'
RCX=0x00007ff459d36450 is an unknown value
RDX=0x00000000000c8100 is an unknown value
RSP=0x0000700007083750 is pointing into the stack for thread: 0x00007ff45a00a800
RBP=0x0000700007083770 is pointing into the stack for thread: 0x00007ff45a00a800
RSI=0x0000000000000000 is an unknown value
RDI=0x4000000000000000 is an unknown value
R8 =0x0000000000000001 is an unknown value
R9 =0x0000000000000000 is an unknown value
R10=0x0000000000000001 is an unknown value
R11=0x0000000000000002 is an unknown value
R12=0x0000000000000000 is an unknown value
R13={method} {0x000000010d62f460} 'nativeInitGame' '(Ljava/lang/String;LJeuHex;)C' in 'InterfaceAvecC'
R14=0x00007000070838e8 is pointing into the stack for thread: 0x00007ff45a00a800
R15=0x00007ff45a00a800 is a thread


Stack: [0x0000700006f84000,0x0000700007084000],  sp=0x0000700007083750,  free space=1021k
Native frames: (J=compiled Java code, j=interpreted, Vv=VM code, C=native code)
C  [libInterfaceAvecC.dylib+0x5153]  destroyList+0x13
C  [libInterfaceAvecC.dylib+0x3e2f]  destroyTabHash+0x9f
C  [libInterfaceAvecC.dylib+0x5579]  destroyReducedGraph+0x59
C  [libInterfaceAvecC.dylib+0x48a8]  Java_InterfaceAvecC_nativeInitGame+0x218
j  InterfaceAvecC.nativeInitGame(Ljava/lang/String;LJeuHex;)C+0
j  JeuHex.main([Ljava/lang/String;)V+24
v  ~StubRoutines::call_stub
V  [libjvm.dylib+0x2ec1e6]
V  [libjvm.dylib+0x322fbe]
V  [libjvm.dylib+0x31bd35]
C  [java+0x393e]  JavaMain+0x9b1
C  [libsystem_pthread.dylib+0x39af]  _pthread_body+0xb4
C  [libsystem_pthread.dylib+0x38fb]  _pthread_body+0x0
C  [libsystem_pthread.dylib+0x3101]  thread_start+0xd
C  0x0000000000000000

Java frames: (J=compiled Java code, j=interpreted, Vv=VM code)
j  InterfaceAvecC.nativeInitGame(Ljava/lang/String;LJeuHex;)C+0
j  JeuHex.main([Ljava/lang/String;)V+24
v  ~StubRoutines::call_stub

---------------  P R O C E S S  ---------------

Java Threads: ( => current thread )
  0x00007ff45a87e800 JavaThread "Service Thread" daemon [_thread_blocked, id=18435, stack(0x0000700007ba8000,0x0000700007ca8000)]
  0x00007ff45a87b800 JavaThread "C1 CompilerThread2" daemon [_thread_blocked, id=17923, stack(0x0000700007aa5000,0x0000700007ba5000)]
  0x00007ff45a87b000 JavaThread "C2 CompilerThread1" daemon [_thread_blocked, id=17411, stack(0x00007000079a2000,0x0000700007aa2000)]
  0x00007ff45a81c800 JavaThread "C2 CompilerThread0" daemon [_thread_blocked, id=16899, stack(0x000070000789f000,0x000070000799f000)]
  0x00007ff45b000000 JavaThread "Signal Dispatcher" daemon [_thread_blocked, id=16387, stack(0x000070000779c000,0x000070000789c000)]
  0x00007ff45a045000 JavaThread "Finalizer" daemon [_thread_blocked, id=12547, stack(0x0000700007699000,0x0000700007799000)]
  0x00007ff45a042000 JavaThread "Reference Handler" daemon [_thread_blocked, id=12035, stack(0x0000700007596000,0x0000700007696000)]
=>0x00007ff45a00a800 JavaThread "main" [_thread_in_native, id=7171, stack(0x0000700006f84000,0x0000700007084000)]

Other Threads:
  0x00007ff45a03d800 VMThread [stack: 0x0000700007493000,0x0000700007593000] [id=11523]
  0x00007ff45b800800 WatcherThread [stack: 0x0000700007cab000,0x0000700007dab000] [id=18947]

VM state:not at safepoint (normal execution)

VM Mutex/Monitor currently owned by a thread: None

Heap:
 PSYoungGen      total 38400K, used 2662K [0x0000000795580000, 0x0000000798000000, 0x00000007c0000000)
  eden space 33280K, 8% used [0x0000000795580000,0x0000000795819a58,0x0000000797600000)
  from space 5120K, 0% used [0x0000000797b00000,0x0000000797b00000,0x0000000798000000)
  to   space 5120K, 0% used [0x0000000797600000,0x0000000797600000,0x0000000797b00000)
 ParOldGen       total 87552K, used 0K [0x0000000740000000, 0x0000000745580000, 0x0000000795580000)
  object space 87552K, 0% used [0x0000000740000000,0x0000000740000000,0x0000000745580000)
 Metaspace       used 3523K, capacity 4568K, committed 4864K, reserved 1056768K
  class space    used 391K, capacity 392K, committed 512K, reserved 1048576K

Card table byte_map: [0x0000000108754000,0x0000000108b55000] byte_map_base: 0x0000000104d54000

Marking Bits: (ParMarkBitMap*) 0x0000000107ce6eb0
 Begin Bits: [0x0000000108e00000, 0x000000010ae00000)
 End Bits:   [0x000000010ae00000, 0x000000010ce00000)

Polling page: 0x0000000106bdc000

CodeCache: size=245760Kb used=1445Kb max_used=1445Kb free=244314Kb
 bounds [0x000000010e148000, 0x000000010e3b8000, 0x000000011d148000]
 total_blobs=400 nmethods=155 adapters=159
 compilation: enabled

Compilation events (10 events):
Event: 136.773 Thread 0x00007ff45a87b800  151       3       java.io.FileOutputStream::write (12 bytes)
Event: 136.773 Thread 0x00007ff45a87b800 nmethod 151 0x000000010e2a3b50 code [0x000000010e2a3cc0, 0x000000010e2a3e48]
Event: 136.773 Thread 0x00007ff45a87b800  152       3       java.nio.Buffer::clear (20 bytes)
Event: 136.773 Thread 0x00007ff45a87b800 nmethod 152 0x000000010e2a3f10 code [0x000000010e2a4060, 0x000000010e2a41d0]
Event: 136.773 Thread 0x00007ff45a87b800  153       3       sun.nio.cs.StreamEncoder::writeBytes (132 bytes)
Event: 136.774 Thread 0x00007ff45a87b800 nmethod 153 0x000000010e2a4250 code [0x000000010e2a4460, 0x000000010e2a5058]
Event: 152.893 Thread 0x00007ff45a87b800  154       3       sun.nio.cs.UTF_8$Decoder::decodeArrayLoop (691 bytes)
Event: 152.900 Thread 0x00007ff45a87b800 nmethod 154 0x000000010e2a5510 code [0x000000010e2a5e60, 0x000000010e2ac488]
Event: 152.900 Thread 0x00007ff45a87b800  155       3       java.util.regex.Matcher::usePattern (98 bytes)
Event: 152.900 Thread 0x00007ff45a87b800 nmethod 155 0x000000010e2b0fd0 code [0x000000010e2b1180, 0x000000010e2b1768]

GC Heap History (0 events):
No events

Deoptimization events (0 events):
No events

Internal exceptions (10 events):
Event: 0.084 Thread 0x00007ff45a00a800 Exception <a 'java/util/zip/ZipException'> (0x00000007956cd090) thrown at [/Users/java_re/workspace/8-2-build-macosx-x86_64/jdk8u91/6644/hotspot/src/share/vm/prims/jni.cpp, line 709]
Event: 0.084 Thread 0x00007ff45a00a800 Exception <a 'java/security/PrivilegedActionException'> (0x00000007956cd298) thrown at [/Users/java_re/workspace/8-2-build-macosx-x86_64/jdk8u91/6644/hotspot/src/share/vm/prims/jvm.cpp, line 1386]
Event: 0.084 Thread 0x00007ff45a00a800 Exception <a 'java/security/PrivilegedActionException'> (0x00000007956cd4a8) thrown at [/Users/java_re/workspace/8-2-build-macosx-x86_64/jdk8u91/6644/hotspot/src/share/vm/prims/jvm.cpp, line 1386]
Event: 0.085 Thread 0x00007ff45a00a800 Exception <a 'java/util/zip/ZipException'> (0x00000007956dec68) thrown at [/Users/java_re/workspace/8-2-build-macosx-x86_64/jdk8u91/6644/hotspot/src/share/vm/prims/jni.cpp, line 709]
Event: 0.086 Thread 0x00007ff45a00a800 Exception <a 'java/security/PrivilegedActionException'> (0x00000007956dee70) thrown at [/Users/java_re/workspace/8-2-build-macosx-x86_64/jdk8u91/6644/hotspot/src/share/vm/prims/jvm.cpp, line 1386]
Event: 0.086 Thread 0x00007ff45a00a800 Exception <a 'java/security/PrivilegedActionException'> (0x00000007956df080) thrown at [/Users/java_re/workspace/8-2-build-macosx-x86_64/jdk8u91/6644/hotspot/src/share/vm/prims/jvm.cpp, line 1386]
Event: 0.100 Thread 0x00007ff45a00a800 Exception <a 'java/security/PrivilegedActionException'> (0x0000000795716ea8) thrown at [/Users/java_re/workspace/8-2-build-macosx-x86_64/jdk8u91/6644/hotspot/src/share/vm/prims/jvm.cpp, line 1386]
Event: 0.100 Thread 0x00007ff45a00a800 Exception <a 'java/security/PrivilegedActionException'> (0x00000007957170b8) thrown at [/Users/java_re/workspace/8-2-build-macosx-x86_64/jdk8u91/6644/hotspot/src/share/vm/prims/jvm.cpp, line 1386]
Event: 0.101 Thread 0x00007ff45a00a800 Exception <a 'java/security/PrivilegedActionException'> (0x000000079571a540) thrown at [/Users/java_re/workspace/8-2-build-macosx-x86_64/jdk8u91/6644/hotspot/src/share/vm/prims/jvm.cpp, line 1386]
Event: 0.101 Thread 0x00007ff45a00a800 Exception <a 'java/security/PrivilegedActionException'> (0x000000079571a750) thrown at [/Users/java_re/workspace/8-2-build-macosx-x86_64/jdk8u91/6644/hotspot/src/share/vm/prims/jvm.cpp, line 1386]

Events (10 events):
Event: 37.751 loading class java/util/regex/Pattern$Ctype
Event: 37.751 loading class java/util/regex/Pattern$Ctype done
Event: 37.751 loading class java/util/Formatter$FormatSpecifier
Event: 37.751 loading class java/util/Formatter$FormatString
Event: 37.751 loading class java/util/Formatter$FormatString done
Event: 37.752 loading class java/util/Formatter$FormatSpecifier done
Event: 37.752 loading class java/util/Formatter$Flags
Event: 37.752 loading class java/util/Formatter$Flags done
Event: 37.752 loading class java/util/Formatter$Conversion
Event: 37.752 loading class java/util/Formatter$Conversion done


Dynamic libraries:
0x000000001bddc000 	/System/Library/Frameworks/Cocoa.framework/Versions/A/Cocoa
0x000000001bddc000 	/System/Library/Frameworks/Security.framework/Versions/A/Security
0x000000001bddc000 	/System/Library/Frameworks/ApplicationServices.framework/Versions/A/ApplicationServices
0x000000001bddc000 	/usr/lib/libz.1.dylib
0x000000001bddc000 	/usr/lib/libSystem.B.dylib
0x000000001bddc000 	/usr/lib/libobjc.A.dylib
0x000000001bddc000 	/System/Library/Frameworks/CoreFoundation.framework/Versions/A/CoreFoundation
0x000000001bddc000 	/System/Library/Frameworks/Foundation.framework/Versions/C/Foundation
0x000000001bddc000 	/System/Library/Frameworks/AppKit.framework/Versions/C/AppKit
0x000000001bddc000 	/System/Library/Frameworks/CoreData.framework/Versions/A/CoreData
0x000000001bddc000 	/System/Library/PrivateFrameworks/RemoteViewServices.framework/Versions/A/RemoteViewServices
0x000000001bddc000 	/System/Library/PrivateFrameworks/UIFoundation.framework/Versions/A/UIFoundation
0x000000001bddc000 	/System/Library/PrivateFrameworks/DFRFoundation.framework/Versions/A/DFRFoundation
0x000000001bddc000 	/usr/lib/libenergytrace.dylib
0x000000001bddc000 	/System/Library/PrivateFrameworks/SkyLight.framework/Versions/A/SkyLight
0x000000001bddc000 	/System/Library/Frameworks/CoreGraphics.framework/Versions/A/CoreGraphics
0x000000001bddc000 	/usr/lib/libScreenReader.dylib
0x000000001bddc000 	/System/Library/Frameworks/Accelerate.framework/Versions/A/Accelerate
0x000000001bddc000 	/System/Library/Frameworks/IOSurface.framework/Versions/A/IOSurface
0x000000001bddc000 	/System/Library/Frameworks/AudioToolbox.framework/Versions/A/AudioToolbox
0x000000001bddc000 	/System/Library/Frameworks/AudioUnit.framework/Versions/A/AudioUnit
0x000000001bddc000 	/System/Library/PrivateFrameworks/DataDetectorsCore.framework/Versions/A/DataDetectorsCore
0x000000001bddc000 	/System/Library/PrivateFrameworks/DesktopServicesPriv.framework/Versions/A/DesktopServicesPriv
0x000000001bddc000 	/System/Library/Frameworks/Carbon.framework/Versions/A/Frameworks/HIToolbox.framework/Versions/A/HIToolbox
0x000000001bddc000 	/usr/lib/libicucore.A.dylib
0x000000001bddc000 	/System/Library/Frameworks/QuartzCore.framework/Versions/A/QuartzCore
0x000000001bddc000 	/System/Library/Frameworks/Carbon.framework/Versions/A/Frameworks/SpeechRecognition.framework/Versions/A/SpeechRecognition
0x000000001bddc000 	/usr/lib/libauto.dylib
0x000000001bddc000 	/usr/lib/libxml2.2.dylib
0x000000001bddc000 	/System/Library/PrivateFrameworks/CoreUI.framework/Versions/A/CoreUI
0x000000001bddc000 	/System/Library/Frameworks/CoreAudio.framework/Versions/A/CoreAudio
0x000000001bddc000 	/System/Library/Frameworks/DiskArbitration.framework/Versions/A/DiskArbitration
0x000000001bddc000 	/usr/lib/liblangid.dylib
0x000000001bddc000 	/System/Library/PrivateFrameworks/MultitouchSupport.framework/Versions/A/MultitouchSupport
0x000000001bddc000 	/System/Library/Frameworks/IOKit.framework/Versions/A/IOKit
0x000000001bddc000 	/usr/lib/libDiagnosticMessagesClient.dylib
0x000000001bddc000 	/System/Library/Frameworks/CoreServices.framework/Versions/A/CoreServices
0x000000001bddc000 	/System/Library/PrivateFrameworks/PerformanceAnalysis.framework/Versions/A/PerformanceAnalysis
0x000000001bddc000 	/System/Library/PrivateFrameworks/GenerationalStorage.framework/Versions/A/GenerationalStorage
0x000000001bddc000 	/System/Library/Frameworks/OpenGL.framework/Versions/A/OpenGL
0x000000001bddc000 	/System/Library/Frameworks/CoreImage.framework/Versions/A/CoreImage
0x000000001bddc000 	/System/Library/Frameworks/CoreText.framework/Versions/A/CoreText
0x000000001bddc000 	/System/Library/Frameworks/ImageIO.framework/Versions/A/ImageIO
0x000000001bddc000 	/System/Library/PrivateFrameworks/Backup.framework/Versions/A/Backup
0x000000001bddc000 	/usr/lib/libarchive.2.dylib
0x000000001bddc000 	/System/Library/Frameworks/CFNetwork.framework/Versions/A/CFNetwork
0x000000001bddc000 	/System/Library/Frameworks/SystemConfiguration.framework/Versions/A/SystemConfiguration
0x000000001bddc000 	/usr/lib/libCRFSuite.dylib
0x000000001bddc000 	/usr/lib/libc++.1.dylib
0x000000001bddc000 	/usr/lib/libc++abi.dylib
0x000000001bddc000 	/usr/lib/system/libcache.dylib
0x000000001bddc000 	/usr/lib/system/libcommonCrypto.dylib
0x000000001bddc000 	/usr/lib/system/libcompiler_rt.dylib
0x000000001bddc000 	/usr/lib/system/libcopyfile.dylib
0x000000001bddc000 	/usr/lib/system/libcorecrypto.dylib
0x000000001bddc000 	/usr/lib/system/libdispatch.dylib
0x000000001bddc000 	/usr/lib/system/libdyld.dylib
0x000000001bddc000 	/usr/lib/system/libkeymgr.dylib
0x000000001bddc000 	/usr/lib/system/liblaunch.dylib
0x000000001bddc000 	/usr/lib/system/libmacho.dylib
0x000000001bddc000 	/usr/lib/system/libquarantine.dylib
0x000000001bddc000 	/usr/lib/system/libremovefile.dylib
0x000000001bddc000 	/usr/lib/system/libsystem_asl.dylib
0x000000001bddc000 	/usr/lib/system/libsystem_blocks.dylib
0x000000001bddc000 	/usr/lib/system/libsystem_c.dylib
0x000000001bddc000 	/usr/lib/system/libsystem_configuration.dylib
0x000000001bddc000 	/usr/lib/system/libsystem_coreservices.dylib
0x000000001bddc000 	/usr/lib/system/libsystem_coretls.dylib
0x000000001bddc000 	/usr/lib/system/libsystem_dnssd.dylib
0x000000001bddc000 	/usr/lib/system/libsystem_info.dylib
0x000000001bddc000 	/usr/lib/system/libsystem_kernel.dylib
0x000000001bddc000 	/usr/lib/system/libsystem_m.dylib
0x000000001bddc000 	/usr/lib/system/libsystem_malloc.dylib
0x000000001bddc000 	/usr/lib/system/libsystem_network.dylib
0x000000001bddc000 	/usr/lib/system/libsystem_networkextension.dylib
0x000000001bddc000 	/usr/lib/system/libsystem_notify.dylib
0x000000001bddc000 	/usr/lib/system/libsystem_platform.dylib
0x000000001bddc000 	/usr/lib/system/libsystem_pthread.dylib
0x000000001bddc000 	/usr/lib/system/libsystem_sandbox.dylib
0x000000001bddc000 	/usr/lib/system/libsystem_secinit.dylib
0x000000001bddc000 	/usr/lib/system/libsystem_symptoms.dylib
0x000000001bddc000 	/usr/lib/system/libsystem_trace.dylib
0x000000001bddc000 	/usr/lib/system/libunwind.dylib
0x000000001bddc000 	/usr/lib/system/libxpc.dylib
0x000000001bddc000 	/usr/lib/libbsm.0.dylib
0x000000001bddc000 	/usr/lib/system/libkxld.dylib
0x000000001bddc000 	/usr/lib/libcoretls.dylib
0x000000001bddc000 	/usr/lib/libcoretls_cfhelpers.dylib
0x000000001bddc000 	/usr/lib/libOpenScriptingUtil.dylib
0x000000001bddc000 	/usr/lib/libpam.2.dylib
0x000000001bddc000 	/usr/lib/libsqlite3.dylib
0x000000001bddc000 	/usr/lib/libxar.1.dylib
0x000000001bddc000 	/usr/lib/libbz2.1.0.dylib
0x000000001bddc000 	/usr/lib/liblzma.5.dylib
0x000000001bddc000 	/usr/lib/libnetwork.dylib
0x000000001bddc000 	/usr/lib/libpcap.A.dylib
0x000000001bddc000 	/System/Library/Frameworks/CoreServices.framework/Versions/A/Frameworks/FSEvents.framework/Versions/A/FSEvents
0x000000001bddc000 	/System/Library/Frameworks/CoreServices.framework/Versions/A/Frameworks/CarbonCore.framework/Versions/A/CarbonCore
0x000000001bddc000 	/System/Library/Frameworks/CoreServices.framework/Versions/A/Frameworks/Metadata.framework/Versions/A/Metadata
0x000000001bddc000 	/System/Library/Frameworks/CoreServices.framework/Versions/A/Frameworks/OSServices.framework/Versions/A/OSServices
0x000000001bddc000 	/System/Library/Frameworks/CoreServices.framework/Versions/A/Frameworks/SearchKit.framework/Versions/A/SearchKit
0x000000001bddc000 	/System/Library/Frameworks/CoreServices.framework/Versions/A/Frameworks/AE.framework/Versions/A/AE
0x000000001bddc000 	/System/Library/Frameworks/CoreServices.framework/Versions/A/Frameworks/LaunchServices.framework/Versions/A/LaunchServices
0x000000001bddc000 	/System/Library/Frameworks/CoreServices.framework/Versions/A/Frameworks/DictionaryServices.framework/Versions/A/DictionaryServices
0x000000001bddc000 	/System/Library/Frameworks/CoreServices.framework/Versions/A/Frameworks/SharedFileList.framework/Versions/A/SharedFileList
0x000000001bddc000 	/System/Library/Frameworks/NetFS.framework/Versions/A/NetFS
0x000000001bddc000 	/System/Library/PrivateFrameworks/NetAuth.framework/Versions/A/NetAuth
0x000000001bddc000 	/System/Library/PrivateFrameworks/login.framework/Versions/A/Frameworks/loginsupport.framework/Versions/A/loginsupport
0x000000001bddc000 	/System/Library/PrivateFrameworks/TCC.framework/Versions/A/TCC
0x000000001bddc000 	/usr/lib/libmecabra.dylib
0x000000001bddc000 	/System/Library/Frameworks/ApplicationServices.framework/Versions/A/Frameworks/ATS.framework/Versions/A/ATS
0x000000001bddc000 	/System/Library/Frameworks/ApplicationServices.framework/Versions/A/Frameworks/ColorSync.framework/Versions/A/ColorSync
0x000000001bddc000 	/System/Library/Frameworks/ApplicationServices.framework/Versions/A/Frameworks/HIServices.framework/Versions/A/HIServices
0x000000001bddc000 	/System/Library/Frameworks/ApplicationServices.framework/Versions/A/Frameworks/LangAnalysis.framework/Versions/A/LangAnalysis
0x000000001bddc000 	/System/Library/Frameworks/ApplicationServices.framework/Versions/A/Frameworks/PrintCore.framework/Versions/A/PrintCore
0x000000001bddc000 	/System/Library/Frameworks/ApplicationServices.framework/Versions/A/Frameworks/QD.framework/Versions/A/QD
0x000000001bddc000 	/System/Library/Frameworks/ApplicationServices.framework/Versions/A/Frameworks/SpeechSynthesis.framework/Versions/A/SpeechSynthesis
0x000000001bddc000 	/System/Library/Frameworks/Accelerate.framework/Versions/A/Frameworks/vImage.framework/Versions/A/vImage
0x000000001bddc000 	/System/Library/Frameworks/Accelerate.framework/Versions/A/Frameworks/vecLib.framework/Versions/A/vecLib
0x000000001bddc000 	/System/Library/Frameworks/Accelerate.framework/Versions/A/Frameworks/vecLib.framework/Versions/A/libvDSP.dylib
0x000000001bddc000 	/System/Library/Frameworks/Accelerate.framework/Versions/A/Frameworks/vecLib.framework/Versions/A/libBNNS.dylib
0x000000001bddc000 	/System/Library/Frameworks/Accelerate.framework/Versions/A/Frameworks/vecLib.framework/Versions/A/libQuadrature.dylib
0x000000001bddc000 	/System/Library/Frameworks/Accelerate.framework/Versions/A/Frameworks/vecLib.framework/Versions/A/libvMisc.dylib
0x000000001bddc000 	/System/Library/Frameworks/Accelerate.framework/Versions/A/Frameworks/vecLib.framework/Versions/A/libLAPACK.dylib
0x000000001bddc000 	/System/Library/Frameworks/Accelerate.framework/Versions/A/Frameworks/vecLib.framework/Versions/A/libBLAS.dylib
0x000000001bddc000 	/System/Library/Frameworks/Accelerate.framework/Versions/A/Frameworks/vecLib.framework/Versions/A/libLinearAlgebra.dylib
0x000000001bddc000 	/System/Library/Frameworks/Accelerate.framework/Versions/A/Frameworks/vecLib.framework/Versions/A/libSparseBLAS.dylib
0x000000001bddc000 	/System/Library/Frameworks/ApplicationServices.framework/Versions/A/Frameworks/ATS.framework/Versions/A/Resources/libFontParser.dylib
0x000000001bddc000 	/System/Library/Frameworks/ApplicationServices.framework/Versions/A/Frameworks/ATS.framework/Versions/A/Resources/libFontRegistry.dylib
0x000000001bddc000 	/System/Library/Frameworks/ImageIO.framework/Versions/A/Resources/libJPEG.dylib
0x000000001bddc000 	/System/Library/Frameworks/ImageIO.framework/Versions/A/Resources/libTIFF.dylib
0x000000001bddc000 	/System/Library/Frameworks/ImageIO.framework/Versions/A/Resources/libPng.dylib
0x000000001bddc000 	/System/Library/Frameworks/ImageIO.framework/Versions/A/Resources/libGIF.dylib
0x000000001bddc000 	/System/Library/Frameworks/ImageIO.framework/Versions/A/Resources/libJP2.dylib
0x000000001bddc000 	/System/Library/Frameworks/ImageIO.framework/Versions/A/Resources/libRadiance.dylib
0x000000001bddc000 	/usr/lib/libcompression.dylib
0x000000001bddc000 	/System/Library/PrivateFrameworks/AppleJPEG.framework/Versions/A/AppleJPEG
0x000000001bddc000 	/usr/lib/libcups.2.dylib
0x000000001bddc000 	/System/Library/Frameworks/Kerberos.framework/Versions/A/Kerberos
0x000000001bddc000 	/System/Library/Frameworks/GSS.framework/Versions/A/GSS
0x000000001bddc000 	/usr/lib/libresolv.9.dylib
0x000000001bddc000 	/usr/lib/libiconv.2.dylib
0x000000001bddc000 	/System/Library/PrivateFrameworks/Heimdal.framework/Versions/A/Heimdal
0x000000001bddc000 	/usr/lib/libheimdal-asn1.dylib
0x000000001bddc000 	/System/Library/Frameworks/OpenDirectory.framework/Versions/A/OpenDirectory
0x000000001bddc000 	/System/Library/PrivateFrameworks/CommonAuth.framework/Versions/A/CommonAuth
0x000000001bddc000 	/System/Library/Frameworks/OpenDirectory.framework/Versions/A/Frameworks/CFOpenDirectory.framework/Versions/A/CFOpenDirectory
0x000000001bddc000 	/System/Library/Frameworks/SecurityFoundation.framework/Versions/A/SecurityFoundation
0x000000001bddc000 	/System/Library/PrivateFrameworks/LanguageModeling.framework/Versions/A/LanguageModeling
0x000000001bddc000 	/usr/lib/libmarisa.dylib
0x000000001bddc000 	/usr/lib/libChineseTokenizer.dylib
0x000000001bddc000 	/usr/lib/libcmph.dylib
0x000000001bddc000 	/System/Library/PrivateFrameworks/CoreEmoji.framework/Versions/A/CoreEmoji
0x000000001bddc000 	/System/Library/Frameworks/ServiceManagement.framework/Versions/A/ServiceManagement
0x000000001bddc000 	/usr/lib/libxslt.1.dylib
0x000000001bddc000 	/System/Library/Frameworks/Carbon.framework/Versions/A/Frameworks/Ink.framework/Versions/A/Ink
0x000000001bddc000 	/System/Library/PrivateFrameworks/TextureIO.framework/Versions/A/TextureIO
0x000000001bddc000 	/System/Library/Frameworks/Metal.framework/Versions/A/Metal
0x000000001bddc000 	/usr/lib/libate.dylib
0x000000001bddc000 	/System/Library/PrivateFrameworks/GPUCompiler.framework/libmetal_timestamp.dylib
0x000000001bddc000 	/System/Library/Frameworks/OpenGL.framework/Versions/A/Libraries/libCoreFSCache.dylib
0x000000001bddc000 	/System/Library/PrivateFrameworks/IOAccelerator.framework/Versions/A/IOAccelerator
0x000000001bddc000 	/System/Library/Frameworks/CoreVideo.framework/Versions/A/CoreVideo
0x000000001bddc000 	/usr/lib/libFosl_dynamic.dylib
0x000000001bddc000 	/System/Library/PrivateFrameworks/MetalPerformanceShaders.framework/Versions/A/MetalPerformanceShaders
0x000000001bddc000 	/System/Library/PrivateFrameworks/FaceCore.framework/Versions/A/FaceCore
0x000000001bddc000 	/System/Library/Frameworks/OpenCL.framework/Versions/A/OpenCL
0x000000001bddc000 	/System/Library/Frameworks/OpenGL.framework/Versions/A/Libraries/libGLU.dylib
0x000000001bddc000 	/System/Library/Frameworks/OpenGL.framework/Versions/A/Libraries/libGFXShared.dylib
0x000000001bddc000 	/System/Library/Frameworks/OpenGL.framework/Versions/A/Libraries/libGL.dylib
0x000000001bddc000 	/System/Library/Frameworks/OpenGL.framework/Versions/A/Libraries/libGLImage.dylib
0x000000001bddc000 	/System/Library/Frameworks/OpenGL.framework/Versions/A/Libraries/libCVMSPluginSupport.dylib
0x000000001bddc000 	/System/Library/Frameworks/OpenGL.framework/Versions/A/Libraries/libCoreVMClient.dylib
0x000000001bddc000 	/System/Library/PrivateFrameworks/CrashReporterSupport.framework/Versions/A/CrashReporterSupport
0x000000001bddc000 	/System/Library/PrivateFrameworks/Sharing.framework/Versions/A/Sharing
0x000000001bddc000 	/System/Library/PrivateFrameworks/IconServices.framework/Versions/A/IconServices
0x000000001bddc000 	/System/Library/PrivateFrameworks/ProtocolBuffer.framework/Versions/A/ProtocolBuffer
0x000000001bddc000 	/System/Library/PrivateFrameworks/Apple80211.framework/Versions/A/Apple80211
0x000000001bddc000 	/System/Library/Frameworks/CoreWLAN.framework/Versions/A/CoreWLAN
0x000000001bddc000 	/System/Library/PrivateFrameworks/CoreUtils.framework/Versions/A/CoreUtils
0x000000001bddc000 	/System/Library/Frameworks/IOBluetooth.framework/Versions/A/IOBluetooth
0x000000001bddc000 	/System/Library/PrivateFrameworks/CoreWiFi.framework/Versions/A/CoreWiFi
0x000000001bddc000 	/System/Library/Frameworks/CoreBluetooth.framework/Versions/A/CoreBluetooth
0x000000001bddc000 	/System/Library/Frameworks/CoreDisplay.framework/Versions/A/CoreDisplay
0x000000001bddc000 	/System/Library/PrivateFrameworks/IOPresentment.framework/Versions/A/IOPresentment
0x000000001bddc000 	/System/Library/PrivateFrameworks/DSExternalDisplay.framework/Versions/A/DSExternalDisplay
0x000000001bddc000 	/System/Library/PrivateFrameworks/DebugSymbols.framework/Versions/A/DebugSymbols
0x000000001bddc000 	/System/Library/PrivateFrameworks/CoreSymbolication.framework/Versions/A/CoreSymbolication
0x000000001bddc000 	/System/Library/PrivateFrameworks/Symbolication.framework/Versions/A/Symbolication
0x000000001bddc000 	/System/Library/PrivateFrameworks/AppleFSCompression.framework/Versions/A/AppleFSCompression
0x000000001bddc000 	/System/Library/PrivateFrameworks/SpeechRecognitionCore.framework/Versions/A/SpeechRecognitionCore
0x000000001bddc000 	/System/Library/PrivateFrameworks/ChunkingLibrary.framework/Versions/A/ChunkingLibrary
0x0000000107400000 	/Library/Java/JavaVirtualMachines/jdk1.8.0_91.jdk/Contents/Home/jre/lib/server/libjvm.dylib
0x0000000106ae0000 	/usr/lib/libstdc++.6.dylib
0x0000000106b99000 	/Library/Java/JavaVirtualMachines/jdk1.8.0_91.jdk/Contents/Home/jre/lib/libverify.dylib
0x0000000106ba7000 	/Library/Java/JavaVirtualMachines/jdk1.8.0_91.jdk/Contents/Home/jre/lib/libjava.dylib
0x0000000106be6000 	/Library/Java/JavaVirtualMachines/jdk1.8.0_91.jdk/Contents/Home/jre/lib/libzip.dylib
0x000000011dd88000 	/System/Library/Frameworks/JavaVM.framework/Frameworks/JavaRuntimeSupport.framework/JavaRuntimeSupport
0x000000011dda2000 	/System/Library/Frameworks/JavaVM.framework/Versions/A/Frameworks/JavaNativeFoundation.framework/Versions/A/JavaNativeFoundation
0x0000000106bf0000 	/System/Library/Frameworks/JavaVM.framework/Versions/A/JavaVM
0x000000001bddc000 	/System/Library/Frameworks/Carbon.framework/Versions/A/Carbon
0x000000011ddb7000 	/System/Library/PrivateFrameworks/JavaLaunching.framework/Versions/A/JavaLaunching
0x000000001bddc000 	/System/Library/Frameworks/Carbon.framework/Versions/A/Frameworks/CommonPanels.framework/Versions/A/CommonPanels
0x000000001bddc000 	/System/Library/Frameworks/Carbon.framework/Versions/A/Frameworks/Help.framework/Versions/A/Help
0x000000001bddc000 	/System/Library/Frameworks/Carbon.framework/Versions/A/Frameworks/ImageCapture.framework/Versions/A/ImageCapture
0x000000001bddc000 	/System/Library/Frameworks/Carbon.framework/Versions/A/Frameworks/OpenScripting.framework/Versions/A/OpenScripting
0x000000001bddc000 	/System/Library/Frameworks/Carbon.framework/Versions/A/Frameworks/Print.framework/Versions/A/Print
0x000000001bddc000 	/System/Library/Frameworks/Carbon.framework/Versions/A/Frameworks/SecurityHI.framework/Versions/A/SecurityHI
0x000000011f6f6000 	/Users/Angelo/Desktop/ProjetHex/ProjetS4BEGGIFOUDINEMMADI/code/lib/libInterfaceAvecC.dylib

VM Arguments:
java_command: JeuHex
java_class_path (initial): .
Launcher Type: SUN_STANDARD

Environment Variables:
PATH=/usr/local/bin:/usr/bin:/bin:/usr/sbin:/sbin:/opt/X11/bin:/usr/local/share/dotnet
SHELL=/bin/zsh
DISPLAY=/private/tmp/com.apple.launchd.0KBjL2mZaq/org.macosforge.xquartz:0

Signal Handlers:
SIGSEGV: [libjvm.dylib+0x5a97a1], sa_mask[0]=11111111011111110111111111111111, sa_flags=SA_ONSTACK|SA_RESTART|SA_SIGINFO
SIGBUS: [libjvm.dylib+0x5a97a1], sa_mask[0]=11111111011111110111111111111111, sa_flags=SA_RESTART|SA_SIGINFO
SIGFPE: [libjvm.dylib+0x482594], sa_mask[0]=11111111011111110111111111111111, sa_flags=SA_RESTART|SA_SIGINFO
SIGPIPE: [libjvm.dylib+0x482594], sa_mask[0]=11111111011111110111111111111111, sa_flags=SA_RESTART|SA_SIGINFO
SIGXFSZ: [libjvm.dylib+0x482594], sa_mask[0]=11111111011111110111111111111111, sa_flags=SA_RESTART|SA_SIGINFO
SIGILL: [libjvm.dylib+0x482594], sa_mask[0]=11111111011111110111111111111111, sa_flags=SA_RESTART|SA_SIGINFO
SIGUSR1: SIG_DFL, sa_mask[0]=00000000000000000000000000000000, sa_flags=SA_RESTART
SIGUSR2: [libjvm.dylib+0x4820b2], sa_mask[0]=00000000000000000000000000000000, sa_flags=SA_RESTART|SA_SIGINFO
SIGHUP: [libjvm.dylib+0x480689], sa_mask[0]=11111111011111110111111111111111, sa_flags=SA_RESTART|SA_SIGINFO
SIGINT: [libjvm.dylib+0x480689], sa_mask[0]=11111111011111110111111111111111, sa_flags=SA_RESTART|SA_SIGINFO
SIGTERM: [libjvm.dylib+0x480689], sa_mask[0]=11111111011111110111111111111111, sa_flags=SA_RESTART|SA_SIGINFO
SIGQUIT: [libjvm.dylib+0x480689], sa_mask[0]=11111111011111110111111111111111, sa_flags=SA_RESTART|SA_SIGINFO


---------------  S Y S T E M  ---------------

OS:Bsduname:Darwin 16.5.0 Darwin Kernel Version 16.5.0: Fri Mar  3 16:52:33 PST 2017; root:xnu-3789.51.2~3/RELEASE_X86_64 x86_64
rlimit: STACK 8192k, CORE 0k, NPROC 709, NOFILE 10240, AS infinity
load average:1.57 1.64 1.66

CPU:total 4 (2 cores per cpu, 2 threads per core) family 6 model 61 stepping 4, cmov, cx8, fxsr, mmx, sse, sse2, sse3, ssse3, sse4.1, sse4.2, popcnt, avx, avx2, aes, clmul, erms, 3dnowpref, lzcnt, ht, tsc, tscinvbit, bmi1, bmi2, adx

Memory: 4k page, physical 8388608k(23992k free)

/proc/meminfo:


vm_info: Java HotSpot(TM) 64-Bit Server VM (25.91-b14) for bsd-amd64 JRE (1.8.0_91-b14), built on Apr  1 2016 01:03:00 by "java_re" with gcc 4.2.1 (Based on Apple Inc. build 5658) (LLVM build 2336.11.00)

time: Mon May 22 20:30:28 2017
elapsed time: 153 seconds (0d 0h 2m 33s)

