#
# A fatal error has been detected by the Java Runtime Environment:
#
#  SIGSEGV (0xb) at pc=0x000000011799bc0d, pid=84558, tid=7171
#
# JRE version: Java(TM) SE Runtime Environment (8.0_91-b14) (build 1.8.0_91-b14)
# Java VM: Java HotSpot(TM) 64-Bit Server VM (25.91-b14 mixed mode bsd-amd64 compressed oops)
# Problematic frame:
# C  [libInterfaceAvecC.dylib+0x4c0d]  largerGroup+0x1d
#
# Failed to write core dump. Core dumps have been disabled. To enable core dumping, try "ulimit -c unlimited" before starting Java again
#
# If you would like to submit a bug report, please visit:
#   http://bugreport.java.com/bugreport/crash.jsp
# The crash happened outside the Java Virtual Machine in native code.
# See problematic frame for where to report the bug.
#

---------------  T H R E A D  ---------------

Current thread (0x00007fec4e005000):  JavaThread "main" [_thread_in_native, id=7171, stack(0x0000700008030000,0x0000700008130000)]

siginfo: si_signo: 11 (SIGSEGV), si_code: 1 (SEGV_MAPERR), si_addr: 0x0000000000000008

Registers:
RAX=0x0000000000000000, RBX=0x0000000114a07c10, RCX=0x0000000000000000, RDX=0x0000000000000003
RSP=0x000070000812f0b0, RBP=0x000070000812f0b0, RSI=0x0000000000000000, RDI=0x0000000000000000
R8 =0x000000011799e0e8, R9 =0x000000079559b42a, R10=0x0000000119db19a8, R11=0x000000010ecde357
R12=0x0000000000000000, R13=0x0000000114a07c10, R14=0x000070000812f1e8, R15=0x00007fec4e005000
RIP=0x000000011799bc0d, EFLAGS=0x0000000000010246, ERR=0x0000000000000004
  TRAPNO=0x000000000000000e

Top of Stack: (sp=0x000070000812f0b0)
0x000070000812f0b0:   000070000812f130 000000011799ba2b
0x000070000812f0c0:   000070000812f118 0000000114a080a0
0x000070000812f0d0:   0000000000000000 000000024c4329b0
0x000070000812f0e0:   ffffffff0012f100 00007fec4c436920
0x000070000812f0f0:   00007fec4c435420 00007fec4c5144a0
0x000070000812f100:   0000000000000000 0000000000000000
0x000070000812f110:   0000000b0000000c 000000002a000000
0x000070000812f120:   00007fec4c4329b0 00007fec4c433ed0
0x000070000812f130:   000070000812f160 000000011799c070
0x000070000812f140:   0000000000000000 00000000002a8e00
0x000070000812f150:   000070000812f1d0 00007fec4e0051f8
0x000070000812f160:   000070000812f1c0 0000000119db19d4
0x000070000812f170:   0000000000000000 000000079577f5f8
0x000070000812f180:   000070000812f180 0000000000000000
0x000070000812f190:   000070000812f1e8 0000000114a080a0
0x000070000812f1a0:   0000000000000000 0000000114a07c10
0x000070000812f1b0:   0000000000000000 000070000812f1e0
0x000070000812f1c0:   000070000812f230 0000000119da1d00
0x000070000812f1d0:   000000079575fbd0 0000000119dab536
0x000070000812f1e0:   000000000000002a 0000000000000000
0x000070000812f1f0:   000070000812f1f0 0000000114a04f70
0x000070000812f200:   000070000812f250 0000000114a0a520
0x000070000812f210:   0000000000000000 0000000114a04f88
0x000070000812f220:   000070000812f1e0 000070000812f250
0x000070000812f230:   000070000812f298 0000000119da1b60
0x000070000812f240:   0000000000000000 0000000000000063
0x000070000812f250:   000000079577c410 000070000812f258
0x000070000812f260:   0000000114a0266f 000070000812f2c8
0x000070000812f270:   0000000114a04ff8 0000000000000000
0x000070000812f280:   0000000114a026c0 000070000812f250
0x000070000812f290:   000070000812f2c8 000070000812f330
0x000070000812f2a0:   0000000119d9a7a7 000000000000002a 

Instructions: (pc=0x000000011799bc0d)
0x000000011799bbed:   00 00 00 55 48 89 e5 48 89 7d f0 89 75 ec 89 55
0x000000011799bbfd:   e8 48 63 7d ec 48 8b 45 f0 48 8b 00 48 8b 04 f8
0x000000011799bc0d:   8b 50 08 48 63 45 e8 48 8b 7d f0 48 8b 3f 48 8b
0x000000011799bc1d:   04 c7 3b 50 08 0f 8c 09 00 00 00 c6 45 ff 01 e9 

Register to memory mapping:

RAX=0x0000000000000000 is an unknown value
RBX={method} {0x0000000114a07c10} 'nativePlacePiece' '(IC)I' in 'InterfaceAvecC'
RCX=0x0000000000000000 is an unknown value
RDX=0x0000000000000003 is an unknown value
RSP=0x000070000812f0b0 is pointing into the stack for thread: 0x00007fec4e005000
RBP=0x000070000812f0b0 is pointing into the stack for thread: 0x00007fec4e005000
RSI=0x0000000000000000 is an unknown value
RDI=0x0000000000000000 is an unknown value
R8 =0x000000011799e0e8: globGraph+0 in /Users/Angelo/Desktop/ProjetHex/ProjetS4BEGGIFOUDINEMMADI/code/lib/libInterfaceAvecC.dylib at 0x0000000117997000
R9 =0x000000079559b42a is an unknown value
R10=0x0000000119db19a8 is at code_begin+808 in an Interpreter codelet
method entry point (kind = native)  [0x0000000119db1680, 0x0000000119db1f80]  2304 bytes
R11=0x000000010ecde357: throw_unsatisfied_link_error+0 in /Library/Java/JavaVirtualMachines/jdk1.8.0_91.jdk/Contents/Home/jre/lib/server/libjvm.dylib at 0x000000010e800000
R12=0x0000000000000000 is an unknown value
R13={method} {0x0000000114a07c10} 'nativePlacePiece' '(IC)I' in 'InterfaceAvecC'
R14=0x000070000812f1e8 is pointing into the stack for thread: 0x00007fec4e005000
R15=0x00007fec4e005000 is a thread


Stack: [0x0000700008030000,0x0000700008130000],  sp=0x000070000812f0b0,  free space=1020k
Native frames: (J=compiled Java code, j=interpreted, Vv=VM code, C=native code)
C  [libInterfaceAvecC.dylib+0x4c0d]  largerGroup+0x1d
C  [libInterfaceAvecC.dylib+0x4a2b]  searchGroup+0x1db
C  [libInterfaceAvecC.dylib+0x5070]  Java_InterfaceAvecC_nativePlacePiece+0x70
j  InterfaceAvecC.nativePlacePiece(IC)I+0
j  PlayerIA.placePiece()C+40
j  JeuHex.play()C+63
v  ~StubRoutines::call_stub
V  [libjvm.dylib+0x2ec1e6]
V  [libjvm.dylib+0x323355]
V  [libjvm.dylib+0x31499a]
C  [libInterfaceAvecC.dylib+0x4f14]  Java_InterfaceAvecC_nativeInitGame+0x1a4
j  InterfaceAvecC.nativeInitGame(Ljava/lang/String;LJeuHex;)C+0
j  JeuHex.main([Ljava/lang/String;)V+24
v  ~StubRoutines::call_stub
V  [libjvm.dylib+0x2ec1e6]
V  [libjvm.dylib+0x322fbe]
V  [libjvm.dylib+0x31bd35]
C  [java+0x393e]  JavaMain+0x9b1
C  [libsystem_pthread.dylib+0x39af]  _pthread_body+0xb4
C  [libsystem_pthread.dylib+0x38fb]  _pthread_body+0x0
C  [libsystem_pthread.dylib+0x3101]  thread_start+0xd
C  0x0000000000000000

Java frames: (J=compiled Java code, j=interpreted, Vv=VM code)
j  InterfaceAvecC.nativePlacePiece(IC)I+0
j  PlayerIA.placePiece()C+40
j  JeuHex.play()C+63
v  ~StubRoutines::call_stub
j  InterfaceAvecC.nativeInitGame(Ljava/lang/String;LJeuHex;)C+0
j  JeuHex.main([Ljava/lang/String;)V+24
v  ~StubRoutines::call_stub

---------------  P R O C E S S  ---------------

Java Threads: ( => current thread )
  0x00007fec4d085800 JavaThread "Service Thread" daemon [_thread_blocked, id=18691, stack(0x0000700008c54000,0x0000700008d54000)]
  0x00007fec4d800800 JavaThread "C1 CompilerThread2" daemon [_thread_blocked, id=18179, stack(0x0000700008b51000,0x0000700008c51000)]
  0x00007fec4c853000 JavaThread "C2 CompilerThread1" daemon [_thread_blocked, id=17667, stack(0x0000700008a4e000,0x0000700008b4e000)]
  0x00007fec4c852000 JavaThread "C2 CompilerThread0" daemon [_thread_blocked, id=17155, stack(0x000070000894b000,0x0000700008a4b000)]
  0x00007fec4c845000 JavaThread "Signal Dispatcher" daemon [_thread_blocked, id=16643, stack(0x0000700008848000,0x0000700008948000)]
  0x00007fec4d039000 JavaThread "Finalizer" daemon [_thread_blocked, id=12547, stack(0x0000700008745000,0x0000700008845000)]
  0x00007fec4d036800 JavaThread "Reference Handler" daemon [_thread_blocked, id=12035, stack(0x0000700008642000,0x0000700008742000)]
=>0x00007fec4e005000 JavaThread "main" [_thread_in_native, id=7171, stack(0x0000700008030000,0x0000700008130000)]

Other Threads:
  0x00007fec4d031800 VMThread [stack: 0x000070000853f000,0x000070000863f000] [id=11523]
  0x00007fec4e003000 WatcherThread [stack: 0x0000700008d57000,0x0000700008e57000] [id=19203]

VM state:not at safepoint (normal execution)

VM Mutex/Monitor currently owned by a thread: None

Heap:
 PSYoungGen      total 38400K, used 2662K [0x0000000795580000, 0x0000000798000000, 0x00000007c0000000)
  eden space 33280K, 8% used [0x0000000795580000,0x0000000795819b68,0x0000000797600000)
  from space 5120K, 0% used [0x0000000797b00000,0x0000000797b00000,0x0000000798000000)
  to   space 5120K, 0% used [0x0000000797600000,0x0000000797600000,0x0000000797b00000)
 ParOldGen       total 87552K, used 0K [0x0000000740000000, 0x0000000745580000, 0x0000000795580000)
  object space 87552K, 0% used [0x0000000740000000,0x0000000740000000,0x0000000745580000)
 Metaspace       used 3451K, capacity 4568K, committed 4864K, reserved 1056768K
  class space    used 388K, capacity 392K, committed 512K, reserved 1048576K

Card table byte_map: [0x000000010fb54000,0x000000010ff55000] byte_map_base: 0x000000010c154000

Marking Bits: (ParMarkBitMap*) 0x000000010f0e6eb0
 Begin Bits: [0x0000000110200000, 0x0000000112200000)
 End Bits:   [0x0000000112200000, 0x0000000114200000)

Polling page: 0x000000010df08000

CodeCache: size=245760Kb used=1371Kb max_used=1371Kb free=244388Kb
 bounds [0x0000000119d9a000, 0x000000011a00a000, 0x0000000128d9a000]
 total_blobs=395 nmethods=155 adapters=154
 compilation: enabled

Compilation events (10 events):
Event: 92.864 Thread 0x00007fec4d800800  152       3       java.io.FileOutputStream::write (12 bytes)
Event: 92.864 Thread 0x00007fec4d800800 nmethod 152 0x0000000119ef02d0 code [0x0000000119ef0440, 0x0000000119ef05c8]
Event: 92.864 Thread 0x00007fec4d800800  153       3       java.nio.Buffer::clear (20 bytes)
Event: 92.865 Thread 0x00007fec4d800800 nmethod 153 0x0000000119ef0690 code [0x0000000119ef07e0, 0x0000000119ef0950]
Event: 92.865 Thread 0x00007fec4d800800  146       3       java.nio.Buffer::checkIndex (22 bytes)
Event: 92.865 Thread 0x00007fec4d800800 nmethod 146 0x0000000119ef09d0 code [0x0000000119ef0b40, 0x0000000119ef0d88]
Event: 94.081 Thread 0x00007fec4d800800  154       1       java.nio.Buffer::capacity (5 bytes)
Event: 94.081 Thread 0x00007fec4d800800 nmethod 154 0x0000000119ef0e50 code [0x0000000119ef0fa0, 0x0000000119ef10b0]
Event: 95.143 Thread 0x00007fec4d800800  155       3       java.util.regex.Matcher::getTextLength (10 bytes)
Event: 95.143 Thread 0x00007fec4d800800 nmethod 155 0x0000000119ef1110 code [0x0000000119ef1280, 0x0000000119ef14a8]

GC Heap History (0 events):
No events

Deoptimization events (0 events):
No events

Internal exceptions (10 events):
Event: 0.086 Thread 0x00007fec4e005000 Exception <a 'java/util/zip/ZipException'> (0x00000007956cd090) thrown at [/Users/java_re/workspace/8-2-build-macosx-x86_64/jdk8u91/6644/hotspot/src/share/vm/prims/jni.cpp, line 709]
Event: 0.086 Thread 0x00007fec4e005000 Exception <a 'java/security/PrivilegedActionException'> (0x00000007956cd298) thrown at [/Users/java_re/workspace/8-2-build-macosx-x86_64/jdk8u91/6644/hotspot/src/share/vm/prims/jvm.cpp, line 1386]
Event: 0.086 Thread 0x00007fec4e005000 Exception <a 'java/security/PrivilegedActionException'> (0x00000007956cd4a8) thrown at [/Users/java_re/workspace/8-2-build-macosx-x86_64/jdk8u91/6644/hotspot/src/share/vm/prims/jvm.cpp, line 1386]
Event: 0.087 Thread 0x00007fec4e005000 Exception <a 'java/util/zip/ZipException'> (0x00000007956dec68) thrown at [/Users/java_re/workspace/8-2-build-macosx-x86_64/jdk8u91/6644/hotspot/src/share/vm/prims/jni.cpp, line 709]
Event: 0.087 Thread 0x00007fec4e005000 Exception <a 'java/security/PrivilegedActionException'> (0x00000007956dee70) thrown at [/Users/java_re/workspace/8-2-build-macosx-x86_64/jdk8u91/6644/hotspot/src/share/vm/prims/jvm.cpp, line 1386]
Event: 0.087 Thread 0x00007fec4e005000 Exception <a 'java/security/PrivilegedActionException'> (0x00000007956df080) thrown at [/Users/java_re/workspace/8-2-build-macosx-x86_64/jdk8u91/6644/hotspot/src/share/vm/prims/jvm.cpp, line 1386]
Event: 0.099 Thread 0x00007fec4e005000 Exception <a 'java/security/PrivilegedActionException'> (0x0000000795719338) thrown at [/Users/java_re/workspace/8-2-build-macosx-x86_64/jdk8u91/6644/hotspot/src/share/vm/prims/jvm.cpp, line 1386]
Event: 0.099 Thread 0x00007fec4e005000 Exception <a 'java/security/PrivilegedActionException'> (0x0000000795719548) thrown at [/Users/java_re/workspace/8-2-build-macosx-x86_64/jdk8u91/6644/hotspot/src/share/vm/prims/jvm.cpp, line 1386]
Event: 0.099 Thread 0x00007fec4e005000 Exception <a 'java/security/PrivilegedActionException'> (0x000000079571c9d0) thrown at [/Users/java_re/workspace/8-2-build-macosx-x86_64/jdk8u91/6644/hotspot/src/share/vm/prims/jvm.cpp, line 1386]
Event: 0.099 Thread 0x00007fec4e005000 Exception <a 'java/security/PrivilegedActionException'> (0x000000079571cbe0) thrown at [/Users/java_re/workspace/8-2-build-macosx-x86_64/jdk8u91/6644/hotspot/src/share/vm/prims/jvm.cpp, line 1386]

Events (10 events):
Event: 6.664 loading class InterfaceAvecC
Event: 6.664 loading class InterfaceAvecC done
Event: 6.666 loading class Hex
Event: 6.666 loading class Hex done
Event: 6.666 loading class Coordinates
Event: 6.666 loading class Coordinates done
Event: 6.667 loading class Piece
Event: 6.667 loading class Piece done
Event: 25.763 loading class Date
Event: 25.763 loading class Date done


Dynamic libraries:
0x000000001bddc000 	/System/Library/Frameworks/Cocoa.framework/Versions/A/Cocoa
0x000000001bddc000 	/System/Library/Frameworks/Security.framework/Versions/A/Security
0x000000001bddc000 	/System/Library/Frameworks/ApplicationServices.framework/Versions/A/ApplicationServices
0x000000001bddc000 	/usr/lib/libz.1.dylib
0x000000001bddc000 	/usr/lib/libSystem.B.dylib
0x000000001bddc000 	/usr/lib/libobjc.A.dylib
0x000000001bddc000 	/System/Library/Frameworks/CoreFoundation.framework/Versions/A/CoreFoundation
0x000000001bddc000 	/System/Library/Frameworks/Foundation.framework/Versions/C/Foundation
0x000000001bddc000 	/System/Library/Frameworks/AppKit.framework/Versions/C/AppKit
0x000000001bddc000 	/System/Library/Frameworks/CoreData.framework/Versions/A/CoreData
0x000000001bddc000 	/System/Library/PrivateFrameworks/RemoteViewServices.framework/Versions/A/RemoteViewServices
0x000000001bddc000 	/System/Library/PrivateFrameworks/UIFoundation.framework/Versions/A/UIFoundation
0x000000001bddc000 	/System/Library/PrivateFrameworks/DFRFoundation.framework/Versions/A/DFRFoundation
0x000000001bddc000 	/usr/lib/libenergytrace.dylib
0x000000001bddc000 	/System/Library/PrivateFrameworks/SkyLight.framework/Versions/A/SkyLight
0x000000001bddc000 	/System/Library/Frameworks/CoreGraphics.framework/Versions/A/CoreGraphics
0x000000001bddc000 	/usr/lib/libScreenReader.dylib
0x000000001bddc000 	/System/Library/Frameworks/Accelerate.framework/Versions/A/Accelerate
0x000000001bddc000 	/System/Library/Frameworks/IOSurface.framework/Versions/A/IOSurface
0x000000001bddc000 	/System/Library/Frameworks/AudioToolbox.framework/Versions/A/AudioToolbox
0x000000001bddc000 	/System/Library/Frameworks/AudioUnit.framework/Versions/A/AudioUnit
0x000000001bddc000 	/System/Library/PrivateFrameworks/DataDetectorsCore.framework/Versions/A/DataDetectorsCore
0x000000001bddc000 	/System/Library/PrivateFrameworks/DesktopServicesPriv.framework/Versions/A/DesktopServicesPriv
0x000000001bddc000 	/System/Library/Frameworks/Carbon.framework/Versions/A/Frameworks/HIToolbox.framework/Versions/A/HIToolbox
0x000000001bddc000 	/usr/lib/libicucore.A.dylib
0x000000001bddc000 	/System/Library/Frameworks/QuartzCore.framework/Versions/A/QuartzCore
0x000000001bddc000 	/System/Library/Frameworks/Carbon.framework/Versions/A/Frameworks/SpeechRecognition.framework/Versions/A/SpeechRecognition
0x000000001bddc000 	/usr/lib/libauto.dylib
0x000000001bddc000 	/usr/lib/libxml2.2.dylib
0x000000001bddc000 	/System/Library/PrivateFrameworks/CoreUI.framework/Versions/A/CoreUI
0x000000001bddc000 	/System/Library/Frameworks/CoreAudio.framework/Versions/A/CoreAudio
0x000000001bddc000 	/System/Library/Frameworks/DiskArbitration.framework/Versions/A/DiskArbitration
0x000000001bddc000 	/usr/lib/liblangid.dylib
0x000000001bddc000 	/System/Library/PrivateFrameworks/MultitouchSupport.framework/Versions/A/MultitouchSupport
0x000000001bddc000 	/System/Library/Frameworks/IOKit.framework/Versions/A/IOKit
0x000000001bddc000 	/usr/lib/libDiagnosticMessagesClient.dylib
0x000000001bddc000 	/System/Library/Frameworks/CoreServices.framework/Versions/A/CoreServices
0x000000001bddc000 	/System/Library/PrivateFrameworks/PerformanceAnalysis.framework/Versions/A/PerformanceAnalysis
0x000000001bddc000 	/System/Library/PrivateFrameworks/GenerationalStorage.framework/Versions/A/GenerationalStorage
0x000000001bddc000 	/System/Library/Frameworks/OpenGL.framework/Versions/A/OpenGL
0x000000001bddc000 	/System/Library/Frameworks/CoreImage.framework/Versions/A/CoreImage
0x000000001bddc000 	/System/Library/Frameworks/CoreText.framework/Versions/A/CoreText
0x000000001bddc000 	/System/Library/Frameworks/ImageIO.framework/Versions/A/ImageIO
0x000000001bddc000 	/System/Library/PrivateFrameworks/Backup.framework/Versions/A/Backup
0x000000001bddc000 	/usr/lib/libarchive.2.dylib
0x000000001bddc000 	/System/Library/Frameworks/CFNetwork.framework/Versions/A/CFNetwork
0x000000001bddc000 	/System/Library/Frameworks/SystemConfiguration.framework/Versions/A/SystemConfiguration
0x000000001bddc000 	/usr/lib/libCRFSuite.dylib
0x000000001bddc000 	/usr/lib/libc++.1.dylib
0x000000001bddc000 	/usr/lib/libc++abi.dylib
0x000000001bddc000 	/usr/lib/system/libcache.dylib
0x000000001bddc000 	/usr/lib/system/libcommonCrypto.dylib
0x000000001bddc000 	/usr/lib/system/libcompiler_rt.dylib
0x000000001bddc000 	/usr/lib/system/libcopyfile.dylib
0x000000001bddc000 	/usr/lib/system/libcorecrypto.dylib
0x000000001bddc000 	/usr/lib/system/libdispatch.dylib
0x000000001bddc000 	/usr/lib/system/libdyld.dylib
0x000000001bddc000 	/usr/lib/system/libkeymgr.dylib
0x000000001bddc000 	/usr/lib/system/liblaunch.dylib
0x000000001bddc000 	/usr/lib/system/libmacho.dylib
0x000000001bddc000 	/usr/lib/system/libquarantine.dylib
0x000000001bddc000 	/usr/lib/system/libremovefile.dylib
0x000000001bddc000 	/usr/lib/system/libsystem_asl.dylib
0x000000001bddc000 	/usr/lib/system/libsystem_blocks.dylib
0x000000001bddc000 	/usr/lib/system/libsystem_c.dylib
0x000000001bddc000 	/usr/lib/system/libsystem_configuration.dylib
0x000000001bddc000 	/usr/lib/system/libsystem_coreservices.dylib
0x000000001bddc000 	/usr/lib/system/libsystem_coretls.dylib
0x000000001bddc000 	/usr/lib/system/libsystem_dnssd.dylib
0x000000001bddc000 	/usr/lib/system/libsystem_info.dylib
0x000000001bddc000 	/usr/lib/system/libsystem_kernel.dylib
0x000000001bddc000 	/usr/lib/system/libsystem_m.dylib
0x000000001bddc000 	/usr/lib/system/libsystem_malloc.dylib
0x000000001bddc000 	/usr/lib/system/libsystem_network.dylib
0x000000001bddc000 	/usr/lib/system/libsystem_networkextension.dylib
0x000000001bddc000 	/usr/lib/system/libsystem_notify.dylib
0x000000001bddc000 	/usr/lib/system/libsystem_platform.dylib
0x000000001bddc000 	/usr/lib/system/libsystem_pthread.dylib
0x000000001bddc000 	/usr/lib/system/libsystem_sandbox.dylib
0x000000001bddc000 	/usr/lib/system/libsystem_secinit.dylib
0x000000001bddc000 	/usr/lib/system/libsystem_symptoms.dylib
0x000000001bddc000 	/usr/lib/system/libsystem_trace.dylib
0x000000001bddc000 	/usr/lib/system/libunwind.dylib
0x000000001bddc000 	/usr/lib/system/libxpc.dylib
0x000000001bddc000 	/usr/lib/libbsm.0.dylib
0x000000001bddc000 	/usr/lib/system/libkxld.dylib
0x000000001bddc000 	/usr/lib/libcoretls.dylib
0x000000001bddc000 	/usr/lib/libcoretls_cfhelpers.dylib
0x000000001bddc000 	/usr/lib/libOpenScriptingUtil.dylib
0x000000001bddc000 	/usr/lib/libpam.2.dylib
0x000000001bddc000 	/usr/lib/libsqlite3.dylib
0x000000001bddc000 	/usr/lib/libxar.1.dylib
0x000000001bddc000 	/usr/lib/libbz2.1.0.dylib
0x000000001bddc000 	/usr/lib/liblzma.5.dylib
0x000000001bddc000 	/usr/lib/libnetwork.dylib
0x000000001bddc000 	/usr/lib/libpcap.A.dylib
0x000000001bddc000 	/System/Library/Frameworks/CoreServices.framework/Versions/A/Frameworks/FSEvents.framework/Versions/A/FSEvents
0x000000001bddc000 	/System/Library/Frameworks/CoreServices.framework/Versions/A/Frameworks/CarbonCore.framework/Versions/A/CarbonCore
0x000000001bddc000 	/System/Library/Frameworks/CoreServices.framework/Versions/A/Frameworks/Metadata.framework/Versions/A/Metadata
0x000000001bddc000 	/System/Library/Frameworks/CoreServices.framework/Versions/A/Frameworks/OSServices.framework/Versions/A/OSServices
0x000000001bddc000 	/System/Library/Frameworks/CoreServices.framework/Versions/A/Frameworks/SearchKit.framework/Versions/A/SearchKit
0x000000001bddc000 	/System/Library/Frameworks/CoreServices.framework/Versions/A/Frameworks/AE.framework/Versions/A/AE
0x000000001bddc000 	/System/Library/Frameworks/CoreServices.framework/Versions/A/Frameworks/LaunchServices.framework/Versions/A/LaunchServices
0x000000001bddc000 	/System/Library/Frameworks/CoreServices.framework/Versions/A/Frameworks/DictionaryServices.framework/Versions/A/DictionaryServices
0x000000001bddc000 	/System/Library/Frameworks/CoreServices.framework/Versions/A/Frameworks/SharedFileList.framework/Versions/A/SharedFileList
0x000000001bddc000 	/System/Library/Frameworks/NetFS.framework/Versions/A/NetFS
0x000000001bddc000 	/System/Library/PrivateFrameworks/NetAuth.framework/Versions/A/NetAuth
0x000000001bddc000 	/System/Library/PrivateFrameworks/login.framework/Versions/A/Frameworks/loginsupport.framework/Versions/A/loginsupport
0x000000001bddc000 	/System/Library/PrivateFrameworks/TCC.framework/Versions/A/TCC
0x000000001bddc000 	/usr/lib/libmecabra.dylib
0x000000001bddc000 	/System/Library/Frameworks/ApplicationServices.framework/Versions/A/Frameworks/ATS.framework/Versions/A/ATS
0x000000001bddc000 	/System/Library/Frameworks/ApplicationServices.framework/Versions/A/Frameworks/ColorSync.framework/Versions/A/ColorSync
0x000000001bddc000 	/System/Library/Frameworks/ApplicationServices.framework/Versions/A/Frameworks/HIServices.framework/Versions/A/HIServices
0x000000001bddc000 	/System/Library/Frameworks/ApplicationServices.framework/Versions/A/Frameworks/LangAnalysis.framework/Versions/A/LangAnalysis
0x000000001bddc000 	/System/Library/Frameworks/ApplicationServices.framework/Versions/A/Frameworks/PrintCore.framework/Versions/A/PrintCore
0x000000001bddc000 	/System/Library/Frameworks/ApplicationServices.framework/Versions/A/Frameworks/QD.framework/Versions/A/QD
0x000000001bddc000 	/System/Library/Frameworks/ApplicationServices.framework/Versions/A/Frameworks/SpeechSynthesis.framework/Versions/A/SpeechSynthesis
0x000000001bddc000 	/System/Library/Frameworks/Accelerate.framework/Versions/A/Frameworks/vImage.framework/Versions/A/vImage
0x000000001bddc000 	/System/Library/Frameworks/Accelerate.framework/Versions/A/Frameworks/vecLib.framework/Versions/A/vecLib
0x000000001bddc000 	/System/Library/Frameworks/Accelerate.framework/Versions/A/Frameworks/vecLib.framework/Versions/A/libvDSP.dylib
0x000000001bddc000 	/System/Library/Frameworks/Accelerate.framework/Versions/A/Frameworks/vecLib.framework/Versions/A/libBNNS.dylib
0x000000001bddc000 	/System/Library/Frameworks/Accelerate.framework/Versions/A/Frameworks/vecLib.framework/Versions/A/libQuadrature.dylib
0x000000001bddc000 	/System/Library/Frameworks/Accelerate.framework/Versions/A/Frameworks/vecLib.framework/Versions/A/libvMisc.dylib
0x000000001bddc000 	/System/Library/Frameworks/Accelerate.framework/Versions/A/Frameworks/vecLib.framework/Versions/A/libLAPACK.dylib
0x000000001bddc000 	/System/Library/Frameworks/Accelerate.framework/Versions/A/Frameworks/vecLib.framework/Versions/A/libBLAS.dylib
0x000000001bddc000 	/System/Library/Frameworks/Accelerate.framework/Versions/A/Frameworks/vecLib.framework/Versions/A/libLinearAlgebra.dylib
0x000000001bddc000 	/System/Library/Frameworks/Accelerate.framework/Versions/A/Frameworks/vecLib.framework/Versions/A/libSparseBLAS.dylib
0x000000001bddc000 	/System/Library/Frameworks/ApplicationServices.framework/Versions/A/Frameworks/ATS.framework/Versions/A/Resources/libFontParser.dylib
0x000000001bddc000 	/System/Library/Frameworks/ApplicationServices.framework/Versions/A/Frameworks/ATS.framework/Versions/A/Resources/libFontRegistry.dylib
0x000000001bddc000 	/System/Library/Frameworks/ImageIO.framework/Versions/A/Resources/libJPEG.dylib
0x000000001bddc000 	/System/Library/Frameworks/ImageIO.framework/Versions/A/Resources/libTIFF.dylib
0x000000001bddc000 	/System/Library/Frameworks/ImageIO.framework/Versions/A/Resources/libPng.dylib
0x000000001bddc000 	/System/Library/Frameworks/ImageIO.framework/Versions/A/Resources/libGIF.dylib
0x000000001bddc000 	/System/Library/Frameworks/ImageIO.framework/Versions/A/Resources/libJP2.dylib
0x000000001bddc000 	/System/Library/Frameworks/ImageIO.framework/Versions/A/Resources/libRadiance.dylib
0x000000001bddc000 	/usr/lib/libcompression.dylib
0x000000001bddc000 	/System/Library/PrivateFrameworks/AppleJPEG.framework/Versions/A/AppleJPEG
0x000000001bddc000 	/usr/lib/libcups.2.dylib
0x000000001bddc000 	/System/Library/Frameworks/Kerberos.framework/Versions/A/Kerberos
0x000000001bddc000 	/System/Library/Frameworks/GSS.framework/Versions/A/GSS
0x000000001bddc000 	/usr/lib/libresolv.9.dylib
0x000000001bddc000 	/usr/lib/libiconv.2.dylib
0x000000001bddc000 	/System/Library/PrivateFrameworks/Heimdal.framework/Versions/A/Heimdal
0x000000001bddc000 	/usr/lib/libheimdal-asn1.dylib
0x000000001bddc000 	/System/Library/Frameworks/OpenDirectory.framework/Versions/A/OpenDirectory
0x000000001bddc000 	/System/Library/PrivateFrameworks/CommonAuth.framework/Versions/A/CommonAuth
0x000000001bddc000 	/System/Library/Frameworks/OpenDirectory.framework/Versions/A/Frameworks/CFOpenDirectory.framework/Versions/A/CFOpenDirectory
0x000000001bddc000 	/System/Library/Frameworks/SecurityFoundation.framework/Versions/A/SecurityFoundation
0x000000001bddc000 	/System/Library/PrivateFrameworks/LanguageModeling.framework/Versions/A/LanguageModeling
0x000000001bddc000 	/usr/lib/libmarisa.dylib
0x000000001bddc000 	/usr/lib/libChineseTokenizer.dylib
0x000000001bddc000 	/usr/lib/libcmph.dylib
0x000000001bddc000 	/System/Library/PrivateFrameworks/CoreEmoji.framework/Versions/A/CoreEmoji
0x000000001bddc000 	/System/Library/Frameworks/ServiceManagement.framework/Versions/A/ServiceManagement
0x000000001bddc000 	/usr/lib/libxslt.1.dylib
0x000000001bddc000 	/System/Library/Frameworks/Carbon.framework/Versions/A/Frameworks/Ink.framework/Versions/A/Ink
0x000000001bddc000 	/System/Library/PrivateFrameworks/TextureIO.framework/Versions/A/TextureIO
0x000000001bddc000 	/System/Library/Frameworks/Metal.framework/Versions/A/Metal
0x000000001bddc000 	/usr/lib/libate.dylib
0x000000001bddc000 	/System/Library/PrivateFrameworks/GPUCompiler.framework/libmetal_timestamp.dylib
0x000000001bddc000 	/System/Library/Frameworks/OpenGL.framework/Versions/A/Libraries/libCoreFSCache.dylib
0x000000001bddc000 	/System/Library/PrivateFrameworks/IOAccelerator.framework/Versions/A/IOAccelerator
0x000000001bddc000 	/System/Library/Frameworks/CoreVideo.framework/Versions/A/CoreVideo
0x000000001bddc000 	/usr/lib/libFosl_dynamic.dylib
0x000000001bddc000 	/System/Library/PrivateFrameworks/MetalPerformanceShaders.framework/Versions/A/MetalPerformanceShaders
0x000000001bddc000 	/System/Library/PrivateFrameworks/FaceCore.framework/Versions/A/FaceCore
0x000000001bddc000 	/System/Library/Frameworks/OpenCL.framework/Versions/A/OpenCL
0x000000001bddc000 	/System/Library/Frameworks/OpenGL.framework/Versions/A/Libraries/libGLU.dylib
0x000000001bddc000 	/System/Library/Frameworks/OpenGL.framework/Versions/A/Libraries/libGFXShared.dylib
0x000000001bddc000 	/System/Library/Frameworks/OpenGL.framework/Versions/A/Libraries/libGL.dylib
0x000000001bddc000 	/System/Library/Frameworks/OpenGL.framework/Versions/A/Libraries/libGLImage.dylib
0x000000001bddc000 	/System/Library/Frameworks/OpenGL.framework/Versions/A/Libraries/libCVMSPluginSupport.dylib
0x000000001bddc000 	/System/Library/Frameworks/OpenGL.framework/Versions/A/Libraries/libCoreVMClient.dylib
0x000000001bddc000 	/System/Library/PrivateFrameworks/CrashReporterSupport.framework/Versions/A/CrashReporterSupport
0x000000001bddc000 	/System/Library/PrivateFrameworks/Sharing.framework/Versions/A/Sharing
0x000000001bddc000 	/System/Library/PrivateFrameworks/IconServices.framework/Versions/A/IconServices
0x000000001bddc000 	/System/Library/PrivateFrameworks/ProtocolBuffer.framework/Versions/A/ProtocolBuffer
0x000000001bddc000 	/System/Library/PrivateFrameworks/Apple80211.framework/Versions/A/Apple80211
0x000000001bddc000 	/System/Library/Frameworks/CoreWLAN.framework/Versions/A/CoreWLAN
0x000000001bddc000 	/System/Library/PrivateFrameworks/CoreUtils.framework/Versions/A/CoreUtils
0x000000001bddc000 	/System/Library/Frameworks/IOBluetooth.framework/Versions/A/IOBluetooth
0x000000001bddc000 	/System/Library/PrivateFrameworks/CoreWiFi.framework/Versions/A/CoreWiFi
0x000000001bddc000 	/System/Library/Frameworks/CoreBluetooth.framework/Versions/A/CoreBluetooth
0x000000001bddc000 	/System/Library/Frameworks/CoreDisplay.framework/Versions/A/CoreDisplay
0x000000001bddc000 	/System/Library/PrivateFrameworks/IOPresentment.framework/Versions/A/IOPresentment
0x000000001bddc000 	/System/Library/PrivateFrameworks/DSExternalDisplay.framework/Versions/A/DSExternalDisplay
0x000000001bddc000 	/System/Library/PrivateFrameworks/DebugSymbols.framework/Versions/A/DebugSymbols
0x000000001bddc000 	/System/Library/PrivateFrameworks/CoreSymbolication.framework/Versions/A/CoreSymbolication
0x000000001bddc000 	/System/Library/PrivateFrameworks/Symbolication.framework/Versions/A/Symbolication
0x000000001bddc000 	/System/Library/PrivateFrameworks/AppleFSCompression.framework/Versions/A/AppleFSCompression
0x000000001bddc000 	/System/Library/PrivateFrameworks/SpeechRecognitionCore.framework/Versions/A/SpeechRecognitionCore
0x000000001bddc000 	/System/Library/PrivateFrameworks/ChunkingLibrary.framework/Versions/A/ChunkingLibrary
0x000000010e800000 	/Library/Java/JavaVirtualMachines/jdk1.8.0_91.jdk/Contents/Home/jre/lib/server/libjvm.dylib
0x000000010de0c000 	/usr/lib/libstdc++.6.dylib
0x000000010dec5000 	/Library/Java/JavaVirtualMachines/jdk1.8.0_91.jdk/Contents/Home/jre/lib/libverify.dylib
0x000000010ded3000 	/Library/Java/JavaVirtualMachines/jdk1.8.0_91.jdk/Contents/Home/jre/lib/libjava.dylib
0x000000010df12000 	/Library/Java/JavaVirtualMachines/jdk1.8.0_91.jdk/Contents/Home/jre/lib/libzip.dylib
0x000000011602b000 	/System/Library/Frameworks/JavaVM.framework/Frameworks/JavaRuntimeSupport.framework/JavaRuntimeSupport
0x000000010dfe7000 	/System/Library/Frameworks/JavaVM.framework/Versions/A/Frameworks/JavaNativeFoundation.framework/Versions/A/JavaNativeFoundation
0x0000000116045000 	/System/Library/Frameworks/JavaVM.framework/Versions/A/JavaVM
0x000000001bddc000 	/System/Library/Frameworks/Carbon.framework/Versions/A/Carbon
0x0000000116052000 	/System/Library/PrivateFrameworks/JavaLaunching.framework/Versions/A/JavaLaunching
0x000000001bddc000 	/System/Library/Frameworks/Carbon.framework/Versions/A/Frameworks/CommonPanels.framework/Versions/A/CommonPanels
0x000000001bddc000 	/System/Library/Frameworks/Carbon.framework/Versions/A/Frameworks/Help.framework/Versions/A/Help
0x000000001bddc000 	/System/Library/Frameworks/Carbon.framework/Versions/A/Frameworks/ImageCapture.framework/Versions/A/ImageCapture
0x000000001bddc000 	/System/Library/Frameworks/Carbon.framework/Versions/A/Frameworks/OpenScripting.framework/Versions/A/OpenScripting
0x000000001bddc000 	/System/Library/Frameworks/Carbon.framework/Versions/A/Frameworks/Print.framework/Versions/A/Print
0x000000001bddc000 	/System/Library/Frameworks/Carbon.framework/Versions/A/Frameworks/SecurityHI.framework/Versions/A/SecurityHI
0x0000000117997000 	/Users/Angelo/Desktop/ProjetHex/ProjetS4BEGGIFOUDINEMMADI/code/lib/libInterfaceAvecC.dylib

VM Arguments:
java_command: JeuHex
java_class_path (initial): .
Launcher Type: SUN_STANDARD

Environment Variables:
PATH=/usr/local/bin:/usr/bin:/bin:/usr/sbin:/sbin:/opt/X11/bin:/usr/local/share/dotnet
SHELL=/bin/zsh
DISPLAY=/private/tmp/com.apple.launchd.0KBjL2mZaq/org.macosforge.xquartz:0

Signal Handlers:
SIGSEGV: [libjvm.dylib+0x5a97a1], sa_mask[0]=11111111011111110111111111111111, sa_flags=SA_ONSTACK|SA_RESTART|SA_SIGINFO
SIGBUS: [libjvm.dylib+0x5a97a1], sa_mask[0]=11111111011111110111111111111111, sa_flags=SA_RESTART|SA_SIGINFO
SIGFPE: [libjvm.dylib+0x482594], sa_mask[0]=11111111011111110111111111111111, sa_flags=SA_RESTART|SA_SIGINFO
SIGPIPE: [libjvm.dylib+0x482594], sa_mask[0]=11111111011111110111111111111111, sa_flags=SA_RESTART|SA_SIGINFO
SIGXFSZ: [libjvm.dylib+0x482594], sa_mask[0]=11111111011111110111111111111111, sa_flags=SA_RESTART|SA_SIGINFO
SIGILL: [libjvm.dylib+0x482594], sa_mask[0]=11111111011111110111111111111111, sa_flags=SA_RESTART|SA_SIGINFO
SIGUSR1: SIG_DFL, sa_mask[0]=00000000000000000000000000000000, sa_flags=SA_RESTART
SIGUSR2: [libjvm.dylib+0x4820b2], sa_mask[0]=00000000000000000000000000000000, sa_flags=SA_RESTART|SA_SIGINFO
SIGHUP: [libjvm.dylib+0x480689], sa_mask[0]=11111111011111110111111111111111, sa_flags=SA_RESTART|SA_SIGINFO
SIGINT: [libjvm.dylib+0x480689], sa_mask[0]=11111111011111110111111111111111, sa_flags=SA_RESTART|SA_SIGINFO
SIGTERM: [libjvm.dylib+0x480689], sa_mask[0]=11111111011111110111111111111111, sa_flags=SA_RESTART|SA_SIGINFO
SIGQUIT: [libjvm.dylib+0x480689], sa_mask[0]=11111111011111110111111111111111, sa_flags=SA_RESTART|SA_SIGINFO


---------------  S Y S T E M  ---------------

OS:Bsduname:Darwin 16.5.0 Darwin Kernel Version 16.5.0: Fri Mar  3 16:52:33 PST 2017; root:xnu-3789.51.2~3/RELEASE_X86_64 x86_64
rlimit: STACK 8192k, CORE 0k, NPROC 709, NOFILE 10240, AS infinity
load average:1.75 1.66 1.61

CPU:total 4 (2 cores per cpu, 2 threads per core) family 6 model 61 stepping 4, cmov, cx8, fxsr, mmx, sse, sse2, sse3, ssse3, sse4.1, sse4.2, popcnt, avx, avx2, aes, clmul, erms, 3dnowpref, lzcnt, ht, tsc, tscinvbit, bmi1, bmi2, adx

Memory: 4k page, physical 8388608k(440152k free)

/proc/meminfo:


vm_info: Java HotSpot(TM) 64-Bit Server VM (25.91-b14) for bsd-amd64 JRE (1.8.0_91-b14), built on Apr  1 2016 01:03:00 by "java_re" with gcc 4.2.1 (Based on Apple Inc. build 5658) (LLVM build 2336.11.00)

time: Tue May 23 15:58:57 2017
elapsed time: 95 seconds (0d 0h 1m 35s)

