#
# A fatal error has been detected by the Java Runtime Environment:
#
#  SIGSEGV (0xb) at pc=0x00000001120e583e, pid=1770, tid=7171
#
# JRE version: Java(TM) SE Runtime Environment (8.0_91-b14) (build 1.8.0_91-b14)
# Java VM: Java HotSpot(TM) 64-Bit Server VM (25.91-b14 mixed mode bsd-amd64 compressed oops)
# Problematic frame:
# C  0x00000001120e583e
#
# Failed to write core dump. Core dumps have been disabled. To enable core dumping, try "ulimit -c unlimited" before starting Java again
#
# If you would like to submit a bug report, please visit:
#   http://bugreport.java.com/bugreport/crash.jsp
# The crash happened outside the Java Virtual Machine in native code.
# See problematic frame for where to report the bug.
#

---------------  T H R E A D  ---------------

Current thread (0x00007fb652009000):  JavaThread "main" [_thread_in_native, id=7171, stack(0x0000700009f94000,0x000070000a094000)]

siginfo: si_signo: 11 (SIGSEGV), si_code: 0 (unknown), si_addr: 0x0000000000000000

Registers:
RAX=0x2e2e2e2e2e2e2e2e, RBX=0x00000001277bb008, RCX=0x0000000000000000, RDX=0x0000000000000000
RSP=0x000070000a093260, RBP=0x000070000a093270, RSI=0x0000000000000044, RDI=0x00007fb651e03f70
R8 =0x000070000a0935c0, R9 =0x000070000a0935c0, R10=0xffffffffffffffff, R11=0x00000001277bb008
R12=0x0000000000000000, R13=0x00000001116e67f0, R14=0x0000000000000044, R15=0x00007fb652009000
RIP=0x00000001120e583e, EFLAGS=0x0000000000010202, ERR=0x0000000000000000
  TRAPNO=0x000000000000000d

Top of Stack: (sp=0x000070000a093260)
0x000070000a093260:   00000001116e67f0 000070000a093820
0x000070000a093270:   000070000a0936c0 00007fffa6936282
0x000070000a093280:   000000004000037f 00000000a6a730c1
0x000070000a093290:   000000000a090720 0000ffff00001fa0
0x000070000a0932a0:   0000000000000000 000000000000ffff
0x000070000a0932b0:   0000000000000100 000000000000ffff
0x000070000a0932c0:   0000000000000000 0000000000000000
0x000070000a0932d0:   0000000000000000 0000000000000000
0x000070000a0932e0:   87bc000000000000 000000000000c00b
0x000070000a0932f0:   0000000000000000 0000000000000000
0x000070000a093300:   a000000000000000 0000000000004001
0x000070000a093310:   a000000000000000 0000000000004001
0x000070000a093320:   00ffffffffffffff 0000000000000000
0x000070000a093330:   0000ffffffffffff 0000000000000000
0x000070000a093340:   0000000000000000 0000000000000000
0x000070000a093350:   0000000000000000 00000000000000ff
0x000070000a093360:   2f62696c2f65646f 7265746e4962696c
0x000070000a093370:   7972617262694c2f 614a2f6176614a2f
0x000070000a093380:   0000000000000000 0000000000000000
0x000070000a093390:   cafebabecafebabe 0000000000000000
0x000070000a0933a0:   0000000000000000 0000000000000000
0x000070000a0933b0:   0000000000000000 0000000000000000
0x000070000a0933c0:   0000000000000000 0000000000000000
0x000070000a0933d0:   0000000000000000 0000000000000000
0x000070000a0933e0:   0000000000000000 0000000000000000
0x000070000a0933f0:   0000000000000000 0000000000000000
0x000070000a093400:   0000000000000000 0000000000000000
0x000070000a093410:   cafebabecafebabe 0000000000000000
0x000070000a093420:   0000000000000000 0000000000000000
0x000070000a093430:   0000000000000000 0000000000000000
0x000070000a093440:   0000000000000000 0000000000000000
0x000070000a093450:   0000000000000000 0000000000000000 

Instructions: (pc=0x00000001120e583e)
0x00000001120e581e:   89 fb 48 8b 3b 48 85 ff 75 13 48 89 df e8 9c cb
0x00000001120e582e:   ff ff 48 89 c7 48 89 3b 48 85 ff 74 63 48 8b 07
0x00000001120e583e:   48 8b 80 40 01 00 00 48 8b 15 74 b2 03 00 31 c9
0x00000001120e584e:   48 85 d2 41 b8 00 00 00 00 74 08 48 8b 4a 08 4c 

Register to memory mapping:

RAX=0x2e2e2e2e2e2e2e2e is an unknown value
RBX=
[error occurred during error reporting (printing register info), id 0xb]

Stack: [0x0000700009f94000,0x000070000a094000],  sp=0x000070000a093260,  free space=1020k
Native frames: (J=compiled Java code, j=interpreted, Vv=VM code, C=native code)
C  0x00000001120e583e
C  [libdyld.dylib+0x1282]  dyld_stub_binder+0x11a

[error occurred during error reporting (printing native stack), id 0xb]

Java frames: (J=compiled Java code, j=interpreted, Vv=VM code)
j  InterfaceAvecC.nativeGetSpots(Ljava/lang/String;)Ljava/lang/String;+0
j  JeuHex.loadGame(Ljava/lang/String;)Ljava/lang/String;+21
j  JeuHex.gameSetup()V+231
j  JeuHex.main([Ljava/lang/String;)V+13
v  ~StubRoutines::call_stub

---------------  P R O C E S S  ---------------

Java Threads: ( => current thread )
  0x00007fb652889000 JavaThread "Service Thread" daemon [_thread_blocked, id=18691, stack(0x000070000abb8000,0x000070000acb8000)]
  0x00007fb653000800 JavaThread "C1 CompilerThread2" daemon [_thread_blocked, id=18179, stack(0x000070000aab5000,0x000070000abb5000)]
  0x00007fb652832800 JavaThread "C2 CompilerThread1" daemon [_thread_blocked, id=17667, stack(0x000070000a9b2000,0x000070000aab2000)]
  0x00007fb652831800 JavaThread "C2 CompilerThread0" daemon [_thread_blocked, id=17155, stack(0x000070000a8af000,0x000070000a9af000)]
  0x00007fb65282c800 JavaThread "Signal Dispatcher" daemon [_thread_blocked, id=16643, stack(0x000070000a7ac000,0x000070000a8ac000)]
  0x00007fb65285b000 JavaThread "Finalizer" daemon [_thread_blocked, id=12547, stack(0x000070000a6a9000,0x000070000a7a9000)]
  0x00007fb653805800 JavaThread "Reference Handler" daemon [_thread_blocked, id=12035, stack(0x000070000a5a6000,0x000070000a6a6000)]
=>0x00007fb652009000 JavaThread "main" [_thread_in_native, id=7171, stack(0x0000700009f94000,0x000070000a094000)]

Other Threads:
  0x00007fb653801000 VMThread [stack: 0x000070000a4a3000,0x000070000a5a3000] [id=11523]
  0x00007fb652032800 WatcherThread [stack: 0x000070000acbb000,0x000070000adbb000] [id=19203]

VM state:not at safepoint (normal execution)

VM Mutex/Monitor currently owned by a thread: None

Heap:
 PSYoungGen      total 38400K, used 1996K [0x0000000795580000, 0x0000000798000000, 0x00000007c0000000)
  eden space 33280K, 6% used [0x0000000795580000,0x0000000795773398,0x0000000797600000)
  from space 5120K, 0% used [0x0000000797b00000,0x0000000797b00000,0x0000000798000000)
  to   space 5120K, 0% used [0x0000000797600000,0x0000000797600000,0x0000000797b00000)
 ParOldGen       total 87552K, used 0K [0x0000000740000000, 0x0000000745580000, 0x0000000795580000)
  object space 87552K, 0% used [0x0000000740000000,0x0000000740000000,0x0000000745580000)
 Metaspace       used 3343K, capacity 4564K, committed 4864K, reserved 1056768K
  class space    used 380K, capacity 388K, committed 512K, reserved 1048576K

Card table byte_map: [0x000000011080d000,0x0000000110c0e000] byte_map_base: 0x000000010ce0d000

Marking Bits: (ParMarkBitMap*) 0x000000010fce6eb0
 Begin Bits: [0x000000012116c000, 0x000000012316c000)
 End Bits:   [0x000000012316c000, 0x000000012516c000)

Polling page: 0x000000010ebe3000

CodeCache: size=245760Kb used=1183Kb max_used=1183Kb free=244577Kb
 bounds [0x000000011216c000, 0x00000001123dc000, 0x000000012116c000]
 total_blobs=307 nmethods=67 adapters=154
 compilation: enabled

Compilation events (10 events):
Event: 0.105 Thread 0x00007fb653000800   63       3       java.io.DataInputStream::readInt (72 bytes)
Event: 0.105 Thread 0x00007fb653000800 nmethod 63 0x000000011228cad0 code [0x000000011228cc80, 0x000000011228d1e8]
Event: 0.106 Thread 0x00007fb653000800   65       3       java.util.StringTokenizer::scanToken (179 bytes)
Event: 0.107 Thread 0x00007fb653000800 nmethod 65 0x000000011228fbd0 code [0x000000011228fe60, 0x0000000112291118]
Event: 0.107 Thread 0x00007fb653000800   64       3       java.util.StringTokenizer::skipDelimiters (116 bytes)
Event: 0.107 Thread 0x00007fb653000800 nmethod 64 0x0000000112291890 code [0x0000000112291aa0, 0x0000000112292638]
Event: 0.963 Thread 0x00007fb653000800   66       3       java.lang.StringBuilder::toString (17 bytes)
Event: 0.964 Thread 0x00007fb653000800 nmethod 66 0x0000000112293750 code [0x00000001122938c0, 0x0000000112293ac8]
Event: 0.964 Thread 0x00007fb653000800   67       3       java.lang.ThreadLocal::getMap (5 bytes)
Event: 0.964 Thread 0x00007fb653000800 nmethod 67 0x0000000112293b90 code [0x0000000112293d00, 0x0000000112293e50]

GC Heap History (0 events):
No events

Deoptimization events (0 events):
No events

Internal exceptions (10 events):
Event: 0.087 Thread 0x00007fb652009000 Exception <a 'java/util/zip/ZipException'> (0x00000007956cd030) thrown at [/Users/java_re/workspace/8-2-build-macosx-x86_64/jdk8u91/6644/hotspot/src/share/vm/prims/jni.cpp, line 709]
Event: 0.087 Thread 0x00007fb652009000 Exception <a 'java/security/PrivilegedActionException'> (0x00000007956cd238) thrown at [/Users/java_re/workspace/8-2-build-macosx-x86_64/jdk8u91/6644/hotspot/src/share/vm/prims/jvm.cpp, line 1386]
Event: 0.087 Thread 0x00007fb652009000 Exception <a 'java/security/PrivilegedActionException'> (0x00000007956cd448) thrown at [/Users/java_re/workspace/8-2-build-macosx-x86_64/jdk8u91/6644/hotspot/src/share/vm/prims/jvm.cpp, line 1386]
Event: 0.088 Thread 0x00007fb652009000 Exception <a 'java/util/zip/ZipException'> (0x00000007956dec08) thrown at [/Users/java_re/workspace/8-2-build-macosx-x86_64/jdk8u91/6644/hotspot/src/share/vm/prims/jni.cpp, line 709]
Event: 0.088 Thread 0x00007fb652009000 Exception <a 'java/security/PrivilegedActionException'> (0x00000007956dee10) thrown at [/Users/java_re/workspace/8-2-build-macosx-x86_64/jdk8u91/6644/hotspot/src/share/vm/prims/jvm.cpp, line 1386]
Event: 0.088 Thread 0x00007fb652009000 Exception <a 'java/security/PrivilegedActionException'> (0x00000007956df020) thrown at [/Users/java_re/workspace/8-2-build-macosx-x86_64/jdk8u91/6644/hotspot/src/share/vm/prims/jvm.cpp, line 1386]
Event: 0.099 Thread 0x00007fb652009000 Exception <a 'java/security/PrivilegedActionException'> (0x00000007957167b8) thrown at [/Users/java_re/workspace/8-2-build-macosx-x86_64/jdk8u91/6644/hotspot/src/share/vm/prims/jvm.cpp, line 1386]
Event: 0.099 Thread 0x00007fb652009000 Exception <a 'java/security/PrivilegedActionException'> (0x00000007957169c8) thrown at [/Users/java_re/workspace/8-2-build-macosx-x86_64/jdk8u91/6644/hotspot/src/share/vm/prims/jvm.cpp, line 1386]
Event: 0.100 Thread 0x00007fb652009000 Exception <a 'java/security/PrivilegedActionException'> (0x0000000795719e50) thrown at [/Users/java_re/workspace/8-2-build-macosx-x86_64/jdk8u91/6644/hotspot/src/share/vm/prims/jvm.cpp, line 1386]
Event: 0.100 Thread 0x00007fb652009000 Exception <a 'java/security/PrivilegedActionException'> (0x000000079571a060) thrown at [/Users/java_re/workspace/8-2-build-macosx-x86_64/jdk8u91/6644/hotspot/src/share/vm/prims/jvm.cpp, line 1386]

Events (10 events):
Event: 0.109 loading class java/util/regex/Pattern$5
Event: 0.109 loading class java/util/regex/Pattern$5 done
Event: 0.109 loading class java/util/regex/Pattern$BranchConn
Event: 0.109 loading class java/util/regex/Pattern$BranchConn done
Event: 0.109 loading class java/util/regex/Pattern$Branch
Event: 0.109 loading class java/util/regex/Pattern$Branch done
Event: 0.109 loading class java/util/regex/Pattern$Dollar
Event: 0.109 loading class java/util/regex/Pattern$Dollar done
Event: 0.963 loading class InterfaceAvecC
Event: 0.963 loading class InterfaceAvecC done


Dynamic libraries:
0x000000001bddc000 	/System/Library/Frameworks/Cocoa.framework/Versions/A/Cocoa
0x000000001bddc000 	/System/Library/Frameworks/Security.framework/Versions/A/Security
0x000000001bddc000 	/System/Library/Frameworks/ApplicationServices.framework/Versions/A/ApplicationServices
0x000000001bddc000 	/usr/lib/libz.1.dylib
0x000000001bddc000 	/usr/lib/libSystem.B.dylib
0x000000001bddc000 	/usr/lib/libobjc.A.dylib
0x000000001bddc000 	/System/Library/Frameworks/CoreFoundation.framework/Versions/A/CoreFoundation
0x000000001bddc000 	/System/Library/Frameworks/Foundation.framework/Versions/C/Foundation
0x000000001bddc000 	/System/Library/Frameworks/AppKit.framework/Versions/C/AppKit
0x000000001bddc000 	/System/Library/Frameworks/CoreData.framework/Versions/A/CoreData
0x000000001bddc000 	/System/Library/PrivateFrameworks/RemoteViewServices.framework/Versions/A/RemoteViewServices
0x000000001bddc000 	/System/Library/PrivateFrameworks/UIFoundation.framework/Versions/A/UIFoundation
0x000000001bddc000 	/System/Library/PrivateFrameworks/DFRFoundation.framework/Versions/A/DFRFoundation
0x000000001bddc000 	/usr/lib/libenergytrace.dylib
0x000000001bddc000 	/System/Library/PrivateFrameworks/SkyLight.framework/Versions/A/SkyLight
0x000000001bddc000 	/System/Library/Frameworks/CoreGraphics.framework/Versions/A/CoreGraphics
0x000000001bddc000 	/usr/lib/libScreenReader.dylib
0x000000001bddc000 	/System/Library/Frameworks/Accelerate.framework/Versions/A/Accelerate
0x000000001bddc000 	/System/Library/Frameworks/IOSurface.framework/Versions/A/IOSurface
0x000000001bddc000 	/System/Library/Frameworks/AudioToolbox.framework/Versions/A/AudioToolbox
0x000000001bddc000 	/System/Library/Frameworks/AudioUnit.framework/Versions/A/AudioUnit
0x000000001bddc000 	/System/Library/PrivateFrameworks/DataDetectorsCore.framework/Versions/A/DataDetectorsCore
0x000000001bddc000 	/System/Library/PrivateFrameworks/DesktopServicesPriv.framework/Versions/A/DesktopServicesPriv
0x000000001bddc000 	/System/Library/Frameworks/Carbon.framework/Versions/A/Frameworks/HIToolbox.framework/Versions/A/HIToolbox
0x000000001bddc000 	/usr/lib/libicucore.A.dylib
0x000000001bddc000 	/System/Library/Frameworks/QuartzCore.framework/Versions/A/QuartzCore
0x000000001bddc000 	/System/Library/Frameworks/Carbon.framework/Versions/A/Frameworks/SpeechRecognition.framework/Versions/A/SpeechRecognition
0x000000001bddc000 	/usr/lib/libauto.dylib
0x000000001bddc000 	/usr/lib/libxml2.2.dylib
0x000000001bddc000 	/System/Library/PrivateFrameworks/CoreUI.framework/Versions/A/CoreUI
0x000000001bddc000 	/System/Library/Frameworks/CoreAudio.framework/Versions/A/CoreAudio
0x000000001bddc000 	/System/Library/Frameworks/DiskArbitration.framework/Versions/A/DiskArbitration
0x000000001bddc000 	/usr/lib/liblangid.dylib
0x000000001bddc000 	/System/Library/PrivateFrameworks/MultitouchSupport.framework/Versions/A/MultitouchSupport
0x000000001bddc000 	/System/Library/Frameworks/IOKit.framework/Versions/A/IOKit
0x000000001bddc000 	/usr/lib/libDiagnosticMessagesClient.dylib
0x000000001bddc000 	/System/Library/Frameworks/CoreServices.framework/Versions/A/CoreServices
0x000000001bddc000 	/System/Library/PrivateFrameworks/PerformanceAnalysis.framework/Versions/A/PerformanceAnalysis
0x000000001bddc000 	/System/Library/PrivateFrameworks/GenerationalStorage.framework/Versions/A/GenerationalStorage
0x000000001bddc000 	/System/Library/Frameworks/OpenGL.framework/Versions/A/OpenGL
0x000000001bddc000 	/System/Library/Frameworks/CoreImage.framework/Versions/A/CoreImage
0x000000001bddc000 	/System/Library/Frameworks/CoreText.framework/Versions/A/CoreText
0x000000001bddc000 	/System/Library/Frameworks/ImageIO.framework/Versions/A/ImageIO
0x000000001bddc000 	/System/Library/PrivateFrameworks/Backup.framework/Versions/A/Backup
0x000000001bddc000 	/usr/lib/libarchive.2.dylib
0x000000001bddc000 	/System/Library/Frameworks/CFNetwork.framework/Versions/A/CFNetwork
0x000000001bddc000 	/System/Library/Frameworks/SystemConfiguration.framework/Versions/A/SystemConfiguration
0x000000001bddc000 	/usr/lib/libCRFSuite.dylib
0x000000001bddc000 	/usr/lib/libc++.1.dylib
0x000000001bddc000 	/usr/lib/libc++abi.dylib
0x000000001bddc000 	/usr/lib/system/libcache.dylib
0x000000001bddc000 	/usr/lib/system/libcommonCrypto.dylib
0x000000001bddc000 	/usr/lib/system/libcompiler_rt.dylib
0x000000001bddc000 	/usr/lib/system/libcopyfile.dylib
0x000000001bddc000 	/usr/lib/system/libcorecrypto.dylib
0x000000001bddc000 	/usr/lib/system/libdispatch.dylib
0x000000001bddc000 	/usr/lib/system/libdyld.dylib
0x000000001bddc000 	/usr/lib/system/libkeymgr.dylib
0x000000001bddc000 	/usr/lib/system/liblaunch.dylib
0x000000001bddc000 	/usr/lib/system/libmacho.dylib
0x000000001bddc000 	/usr/lib/system/libquarantine.dylib
0x000000001bddc000 	/usr/lib/system/libremovefile.dylib
0x000000001bddc000 	/usr/lib/system/libsystem_asl.dylib
0x000000001bddc000 	/usr/lib/system/libsystem_blocks.dylib
0x000000001bddc000 	/usr/lib/system/libsystem_c.dylib
0x000000001bddc000 	/usr/lib/system/libsystem_configuration.dylib
0x000000001bddc000 	/usr/lib/system/libsystem_coreservices.dylib
0x000000001bddc000 	/usr/lib/system/libsystem_coretls.dylib
0x000000001bddc000 	/usr/lib/system/libsystem_dnssd.dylib
0x000000001bddc000 	/usr/lib/system/libsystem_info.dylib
0x000000001bddc000 	/usr/lib/system/libsystem_kernel.dylib
0x000000001bddc000 	/usr/lib/system/libsystem_m.dylib
0x000000001bddc000 	/usr/lib/system/libsystem_malloc.dylib
0x000000001bddc000 	/usr/lib/system/libsystem_network.dylib
0x000000001bddc000 	/usr/lib/system/libsystem_networkextension.dylib
0x000000001bddc000 	/usr/lib/system/libsystem_notify.dylib
0x000000001bddc000 	/usr/lib/system/libsystem_platform.dylib
0x000000001bddc000 	/usr/lib/system/libsystem_pthread.dylib
0x000000001bddc000 	/usr/lib/system/libsystem_sandbox.dylib
0x000000001bddc000 	/usr/lib/system/libsystem_secinit.dylib
0x000000001bddc000 	/usr/lib/system/libsystem_symptoms.dylib
0x000000001bddc000 	/usr/lib/system/libsystem_trace.dylib
0x000000001bddc000 	/usr/lib/system/libunwind.dylib
0x000000001bddc000 	/usr/lib/system/libxpc.dylib
0x000000001bddc000 	/usr/lib/libbsm.0.dylib
0x000000001bddc000 	/usr/lib/system/libkxld.dylib
0x000000001bddc000 	/usr/lib/libcoretls.dylib
0x000000001bddc000 	/usr/lib/libcoretls_cfhelpers.dylib
0x000000001bddc000 	/usr/lib/libOpenScriptingUtil.dylib
0x000000001bddc000 	/usr/lib/libpam.2.dylib
0x000000001bddc000 	/usr/lib/libsqlite3.dylib
0x000000001bddc000 	/usr/lib/libxar.1.dylib
0x000000001bddc000 	/usr/lib/libbz2.1.0.dylib
0x000000001bddc000 	/usr/lib/liblzma.5.dylib
0x000000001bddc000 	/usr/lib/libnetwork.dylib
0x000000001bddc000 	/usr/lib/libpcap.A.dylib
0x000000001bddc000 	/System/Library/Frameworks/CoreServices.framework/Versions/A/Frameworks/FSEvents.framework/Versions/A/FSEvents
0x000000001bddc000 	/System/Library/Frameworks/CoreServices.framework/Versions/A/Frameworks/CarbonCore.framework/Versions/A/CarbonCore
0x000000001bddc000 	/System/Library/Frameworks/CoreServices.framework/Versions/A/Frameworks/Metadata.framework/Versions/A/Metadata
0x000000001bddc000 	/System/Library/Frameworks/CoreServices.framework/Versions/A/Frameworks/OSServices.framework/Versions/A/OSServices
0x000000001bddc000 	/System/Library/Frameworks/CoreServices.framework/Versions/A/Frameworks/SearchKit.framework/Versions/A/SearchKit
0x000000001bddc000 	/System/Library/Frameworks/CoreServices.framework/Versions/A/Frameworks/AE.framework/Versions/A/AE
0x000000001bddc000 	/System/Library/Frameworks/CoreServices.framework/Versions/A/Frameworks/LaunchServices.framework/Versions/A/LaunchServices
0x000000001bddc000 	/System/Library/Frameworks/CoreServices.framework/Versions/A/Frameworks/DictionaryServices.framework/Versions/A/DictionaryServices
0x000000001bddc000 	/System/Library/Frameworks/CoreServices.framework/Versions/A/Frameworks/SharedFileList.framework/Versions/A/SharedFileList
0x000000001bddc000 	/System/Library/Frameworks/NetFS.framework/Versions/A/NetFS
0x000000001bddc000 	/System/Library/PrivateFrameworks/NetAuth.framework/Versions/A/NetAuth
0x000000001bddc000 	/System/Library/PrivateFrameworks/login.framework/Versions/A/Frameworks/loginsupport.framework/Versions/A/loginsupport
0x000000001bddc000 	/System/Library/PrivateFrameworks/TCC.framework/Versions/A/TCC
0x000000001bddc000 	/usr/lib/libmecabra.dylib
0x000000001bddc000 	/System/Library/Frameworks/ApplicationServices.framework/Versions/A/Frameworks/ATS.framework/Versions/A/ATS
0x000000001bddc000 	/System/Library/Frameworks/ApplicationServices.framework/Versions/A/Frameworks/ColorSync.framework/Versions/A/ColorSync
0x000000001bddc000 	/System/Library/Frameworks/ApplicationServices.framework/Versions/A/Frameworks/HIServices.framework/Versions/A/HIServices
0x000000001bddc000 	/System/Library/Frameworks/ApplicationServices.framework/Versions/A/Frameworks/LangAnalysis.framework/Versions/A/LangAnalysis
0x000000001bddc000 	/System/Library/Frameworks/ApplicationServices.framework/Versions/A/Frameworks/PrintCore.framework/Versions/A/PrintCore
0x000000001bddc000 	/System/Library/Frameworks/ApplicationServices.framework/Versions/A/Frameworks/QD.framework/Versions/A/QD
0x000000001bddc000 	/System/Library/Frameworks/ApplicationServices.framework/Versions/A/Frameworks/SpeechSynthesis.framework/Versions/A/SpeechSynthesis
0x000000001bddc000 	/System/Library/Frameworks/Accelerate.framework/Versions/A/Frameworks/vImage.framework/Versions/A/vImage
0x000000001bddc000 	/System/Library/Frameworks/Accelerate.framework/Versions/A/Frameworks/vecLib.framework/Versions/A/vecLib
0x000000001bddc000 	/System/Library/Frameworks/Accelerate.framework/Versions/A/Frameworks/vecLib.framework/Versions/A/libvDSP.dylib
0x000000001bddc000 	/System/Library/Frameworks/Accelerate.framework/Versions/A/Frameworks/vecLib.framework/Versions/A/libBNNS.dylib
0x000000001bddc000 	/System/Library/Frameworks/Accelerate.framework/Versions/A/Frameworks/vecLib.framework/Versions/A/libQuadrature.dylib
0x000000001bddc000 	/System/Library/Frameworks/Accelerate.framework/Versions/A/Frameworks/vecLib.framework/Versions/A/libvMisc.dylib
0x000000001bddc000 	/System/Library/Frameworks/Accelerate.framework/Versions/A/Frameworks/vecLib.framework/Versions/A/libLAPACK.dylib
0x000000001bddc000 	/System/Library/Frameworks/Accelerate.framework/Versions/A/Frameworks/vecLib.framework/Versions/A/libBLAS.dylib
0x000000001bddc000 	/System/Library/Frameworks/Accelerate.framework/Versions/A/Frameworks/vecLib.framework/Versions/A/libLinearAlgebra.dylib
0x000000001bddc000 	/System/Library/Frameworks/Accelerate.framework/Versions/A/Frameworks/vecLib.framework/Versions/A/libSparseBLAS.dylib
0x000000001bddc000 	/System/Library/Frameworks/ApplicationServices.framework/Versions/A/Frameworks/ATS.framework/Versions/A/Resources/libFontParser.dylib
0x000000001bddc000 	/System/Library/Frameworks/ApplicationServices.framework/Versions/A/Frameworks/ATS.framework/Versions/A/Resources/libFontRegistry.dylib
0x000000001bddc000 	/System/Library/Frameworks/ImageIO.framework/Versions/A/Resources/libJPEG.dylib
0x000000001bddc000 	/System/Library/Frameworks/ImageIO.framework/Versions/A/Resources/libTIFF.dylib
0x000000001bddc000 	/System/Library/Frameworks/ImageIO.framework/Versions/A/Resources/libPng.dylib
0x000000001bddc000 	/System/Library/Frameworks/ImageIO.framework/Versions/A/Resources/libGIF.dylib
0x000000001bddc000 	/System/Library/Frameworks/ImageIO.framework/Versions/A/Resources/libJP2.dylib
0x000000001bddc000 	/System/Library/Frameworks/ImageIO.framework/Versions/A/Resources/libRadiance.dylib
0x000000001bddc000 	/usr/lib/libcompression.dylib
0x000000001bddc000 	/System/Library/PrivateFrameworks/AppleJPEG.framework/Versions/A/AppleJPEG
0x000000001bddc000 	/usr/lib/libcups.2.dylib
0x000000001bddc000 	/System/Library/Frameworks/Kerberos.framework/Versions/A/Kerberos
0x000000001bddc000 	/System/Library/Frameworks/GSS.framework/Versions/A/GSS
0x000000001bddc000 	/usr/lib/libresolv.9.dylib
0x000000001bddc000 	/usr/lib/libiconv.2.dylib
0x000000001bddc000 	/System/Library/PrivateFrameworks/Heimdal.framework/Versions/A/Heimdal
0x000000001bddc000 	/usr/lib/libheimdal-asn1.dylib
0x000000001bddc000 	/System/Library/Frameworks/OpenDirectory.framework/Versions/A/OpenDirectory
0x000000001bddc000 	/System/Library/PrivateFrameworks/CommonAuth.framework/Versions/A/CommonAuth
0x000000001bddc000 	/System/Library/Frameworks/OpenDirectory.framework/Versions/A/Frameworks/CFOpenDirectory.framework/Versions/A/CFOpenDirectory
0x000000001bddc000 	/System/Library/Frameworks/SecurityFoundation.framework/Versions/A/SecurityFoundation
0x000000001bddc000 	/System/Library/PrivateFrameworks/LanguageModeling.framework/Versions/A/LanguageModeling
0x000000001bddc000 	/usr/lib/libmarisa.dylib
0x000000001bddc000 	/usr/lib/libChineseTokenizer.dylib
0x000000001bddc000 	/usr/lib/libcmph.dylib
0x000000001bddc000 	/System/Library/PrivateFrameworks/CoreEmoji.framework/Versions/A/CoreEmoji
0x000000001bddc000 	/System/Library/Frameworks/ServiceManagement.framework/Versions/A/ServiceManagement
0x000000001bddc000 	/usr/lib/libxslt.1.dylib
0x000000001bddc000 	/System/Library/Frameworks/Carbon.framework/Versions/A/Frameworks/Ink.framework/Versions/A/Ink
0x000000001bddc000 	/System/Library/PrivateFrameworks/TextureIO.framework/Versions/A/TextureIO
0x000000001bddc000 	/System/Library/Frameworks/Metal.framework/Versions/A/Metal
0x000000001bddc000 	/usr/lib/libate.dylib
0x000000001bddc000 	/System/Library/PrivateFrameworks/GPUCompiler.framework/libmetal_timestamp.dylib
0x000000001bddc000 	/System/Library/Frameworks/OpenGL.framework/Versions/A/Libraries/libCoreFSCache.dylib
0x000000001bddc000 	/System/Library/PrivateFrameworks/IOAccelerator.framework/Versions/A/IOAccelerator
0x000000001bddc000 	/System/Library/Frameworks/CoreVideo.framework/Versions/A/CoreVideo
0x000000001bddc000 	/usr/lib/libFosl_dynamic.dylib
0x000000001bddc000 	/System/Library/PrivateFrameworks/MetalPerformanceShaders.framework/Versions/A/MetalPerformanceShaders
0x000000001bddc000 	/System/Library/PrivateFrameworks/FaceCore.framework/Versions/A/FaceCore
0x000000001bddc000 	/System/Library/Frameworks/OpenCL.framework/Versions/A/OpenCL
0x000000001bddc000 	/System/Library/Frameworks/OpenGL.framework/Versions/A/Libraries/libGLU.dylib
0x000000001bddc000 	/System/Library/Frameworks/OpenGL.framework/Versions/A/Libraries/libGFXShared.dylib
0x000000001bddc000 	/System/Library/Frameworks/OpenGL.framework/Versions/A/Libraries/libGL.dylib
0x000000001bddc000 	/System/Library/Frameworks/OpenGL.framework/Versions/A/Libraries/libGLImage.dylib
0x000000001bddc000 	/System/Library/Frameworks/OpenGL.framework/Versions/A/Libraries/libCVMSPluginSupport.dylib
0x000000001bddc000 	/System/Library/Frameworks/OpenGL.framework/Versions/A/Libraries/libCoreVMClient.dylib
0x000000001bddc000 	/System/Library/PrivateFrameworks/CrashReporterSupport.framework/Versions/A/CrashReporterSupport
0x000000001bddc000 	/System/Library/PrivateFrameworks/Sharing.framework/Versions/A/Sharing
0x000000001bddc000 	/System/Library/PrivateFrameworks/IconServices.framework/Versions/A/IconServices
0x000000001bddc000 	/System/Library/PrivateFrameworks/ProtocolBuffer.framework/Versions/A/ProtocolBuffer
0x000000001bddc000 	/System/Library/PrivateFrameworks/Apple80211.framework/Versions/A/Apple80211
0x000000001bddc000 	/System/Library/Frameworks/CoreWLAN.framework/Versions/A/CoreWLAN
0x000000001bddc000 	/System/Library/PrivateFrameworks/CoreUtils.framework/Versions/A/CoreUtils
0x000000001bddc000 	/System/Library/Frameworks/IOBluetooth.framework/Versions/A/IOBluetooth
0x000000001bddc000 	/System/Library/PrivateFrameworks/CoreWiFi.framework/Versions/A/CoreWiFi
0x000000001bddc000 	/System/Library/Frameworks/CoreBluetooth.framework/Versions/A/CoreBluetooth
0x000000001bddc000 	/System/Library/Frameworks/CoreDisplay.framework/Versions/A/CoreDisplay
0x000000001bddc000 	/System/Library/PrivateFrameworks/IOPresentment.framework/Versions/A/IOPresentment
0x000000001bddc000 	/System/Library/PrivateFrameworks/DSExternalDisplay.framework/Versions/A/DSExternalDisplay
0x000000001bddc000 	/System/Library/PrivateFrameworks/DebugSymbols.framework/Versions/A/DebugSymbols
0x000000001bddc000 	/System/Library/PrivateFrameworks/CoreSymbolication.framework/Versions/A/CoreSymbolication
0x000000001bddc000 	/System/Library/PrivateFrameworks/Symbolication.framework/Versions/A/Symbolication
0x000000001bddc000 	/System/Library/PrivateFrameworks/AppleFSCompression.framework/Versions/A/AppleFSCompression
0x000000001bddc000 	/System/Library/PrivateFrameworks/SpeechRecognitionCore.framework/Versions/A/SpeechRecognitionCore
0x000000001bddc000 	/System/Library/PrivateFrameworks/ChunkingLibrary.framework/Versions/A/ChunkingLibrary
0x000000010f400000 	/Library/Java/JavaVirtualMachines/jdk1.8.0_91.jdk/Contents/Home/jre/lib/server/libjvm.dylib
0x0000000110394000 	/usr/lib/libstdc++.6.dylib
0x000000010eba0000 	/Library/Java/JavaVirtualMachines/jdk1.8.0_91.jdk/Contents/Home/jre/lib/libverify.dylib
0x000000010ebae000 	/Library/Java/JavaVirtualMachines/jdk1.8.0_91.jdk/Contents/Home/jre/lib/libjava.dylib
0x000000010ebed000 	/Library/Java/JavaVirtualMachines/jdk1.8.0_91.jdk/Contents/Home/jre/lib/libzip.dylib
0x00000001120af000 	/System/Library/Frameworks/JavaVM.framework/Frameworks/JavaRuntimeSupport.framework/JavaRuntimeSupport
0x00000001120c9000 	/System/Library/Frameworks/JavaVM.framework/Versions/A/Frameworks/JavaNativeFoundation.framework/Versions/A/JavaNativeFoundation
0x0000000125e6c000 	/System/Library/Frameworks/JavaVM.framework/Versions/A/JavaVM
0x000000001bddc000 	/System/Library/Frameworks/Carbon.framework/Versions/A/Carbon
0x0000000125e79000 	/System/Library/PrivateFrameworks/JavaLaunching.framework/Versions/A/JavaLaunching
0x000000001bddc000 	/System/Library/Frameworks/Carbon.framework/Versions/A/Frameworks/CommonPanels.framework/Versions/A/CommonPanels
0x000000001bddc000 	/System/Library/Frameworks/Carbon.framework/Versions/A/Frameworks/Help.framework/Versions/A/Help
0x000000001bddc000 	/System/Library/Frameworks/Carbon.framework/Versions/A/Frameworks/ImageCapture.framework/Versions/A/ImageCapture
0x000000001bddc000 	/System/Library/Frameworks/Carbon.framework/Versions/A/Frameworks/OpenScripting.framework/Versions/A/OpenScripting
0x000000001bddc000 	/System/Library/Frameworks/Carbon.framework/Versions/A/Frameworks/Print.framework/Versions/A/Print
0x000000001bddc000 	/System/Library/Frameworks/Carbon.framework/Versions/A/Frameworks/SecurityHI.framework/Versions/A/SecurityHI
0x00000001277b7000 	/Users/Angelo/Desktop/ProjetHex/ProjetS4BEGGIFOUDINEMMADI/code/lib/libInterfaceAvecC.dylib

VM Arguments:
java_command: JeuHex
java_class_path (initial): .
Launcher Type: SUN_STANDARD

Environment Variables:
PATH=/usr/local/bin:/usr/bin:/bin:/usr/sbin:/sbin:/opt/X11/bin:/usr/local/share/dotnet
SHELL=/bin/zsh
DISPLAY=/private/tmp/com.apple.launchd.0KBjL2mZaq/org.macosforge.xquartz:0

Signal Handlers:
SIGSEGV: [libjvm.dylib+0x5a97a1], sa_mask[0]=11111111011111110111111111111111, sa_flags=SA_ONSTACK|SA_RESTART|SA_SIGINFO
SIGBUS: [libjvm.dylib+0x5a97a1], sa_mask[0]=11111111011111110111111111111111, sa_flags=SA_RESTART|SA_SIGINFO
SIGFPE: [libjvm.dylib+0x482594], sa_mask[0]=11111111011111110111111111111111, sa_flags=SA_RESTART|SA_SIGINFO
SIGPIPE: [libjvm.dylib+0x482594], sa_mask[0]=11111111011111110111111111111111, sa_flags=SA_RESTART|SA_SIGINFO
SIGXFSZ: [libjvm.dylib+0x482594], sa_mask[0]=11111111011111110111111111111111, sa_flags=SA_RESTART|SA_SIGINFO
SIGILL: [libjvm.dylib+0x482594], sa_mask[0]=11111111011111110111111111111111, sa_flags=SA_RESTART|SA_SIGINFO
SIGUSR1: SIG_DFL, sa_mask[0]=00000000000000000000000000000000, sa_flags=SA_RESTART
SIGUSR2: [libjvm.dylib+0x4820b2], sa_mask[0]=00000000000000000000000000000000, sa_flags=SA_RESTART|SA_SIGINFO
SIGHUP: [libjvm.dylib+0x480689], sa_mask[0]=11111111011111110111111111111111, sa_flags=SA_RESTART|SA_SIGINFO
SIGINT: [libjvm.dylib+0x480689], sa_mask[0]=11111111011111110111111111111111, sa_flags=SA_RESTART|SA_SIGINFO
SIGTERM: [libjvm.dylib+0x480689], sa_mask[0]=11111111011111110111111111111111, sa_flags=SA_RESTART|SA_SIGINFO
SIGQUIT: [libjvm.dylib+0x480689], sa_mask[0]=11111111011111110111111111111111, sa_flags=SA_RESTART|SA_SIGINFO


---------------  S Y S T E M  ---------------

OS:Bsduname:Darwin 16.5.0 Darwin Kernel Version 16.5.0: Fri Mar  3 16:52:33 PST 2017; root:xnu-3789.51.2~3/RELEASE_X86_64 x86_64
rlimit: STACK 8192k, CORE 0k, NPROC 709, NOFILE 10240, AS infinity
load average:2.60 4.60 3.89

CPU:total 4 (2 cores per cpu, 2 threads per core) family 6 model 61 stepping 4, cmov, cx8, fxsr, mmx, sse, sse2, sse3, ssse3, sse4.1, sse4.2, popcnt, avx, avx2, aes, clmul, erms, 3dnowpref, lzcnt, ht, tsc, tscinvbit, bmi1, bmi2, adx

Memory: 4k page, physical 8388608k(158628k free)

/proc/meminfo:


vm_info: Java HotSpot(TM) 64-Bit Server VM (25.91-b14) for bsd-amd64 JRE (1.8.0_91-b14), built on Apr  1 2016 01:03:00 by "java_re" with gcc 4.2.1 (Based on Apple Inc. build 5658) (LLVM build 2336.11.00)

time: Sun May 14 12:35:39 2017
elapsed time: 0 seconds (0d 0h 0m 0s)

