#
# A fatal error has been detected by the Java Runtime Environment:
#
#  SIGSEGV (0xb) at pc=0x000000010bb0183e, pid=1756, tid=6915
#
# JRE version: Java(TM) SE Runtime Environment (8.0_91-b14) (build 1.8.0_91-b14)
# Java VM: Java HotSpot(TM) 64-Bit Server VM (25.91-b14 mixed mode bsd-amd64 compressed oops)
# Problematic frame:
# C  0x000000010bb0183e
#
# Failed to write core dump. Core dumps have been disabled. To enable core dumping, try "ulimit -c unlimited" before starting Java again
#
# If you would like to submit a bug report, please visit:
#   http://bugreport.java.com/bugreport/crash.jsp
# The crash happened outside the Java Virtual Machine in native code.
# See problematic frame for where to report the bug.
#

---------------  T H R E A D  ---------------

Current thread (0x00007f8463003800):  JavaThread "main" [_thread_in_native, id=6915, stack(0x0000700005bb0000,0x0000700005cb0000)]

siginfo: si_signo: 11 (SIGSEGV), si_code: 0 (unknown), si_addr: 0x0000000000000000

Registers:
RAX=0x2e2e2e2e2e2e2e2e, RBX=0x00000001231c8008, RCX=0x0000000000000000, RDX=0x0000000000000000
RSP=0x0000700005caf260, RBP=0x0000700005caf270, RSI=0x0000000000000044, RDI=0x00007f8461719900
R8 =0x0000700005caf5c0, R9 =0x0000700005caf5c0, R10=0xffffffffffffffff, R11=0x00000001231c8008
R12=0x0000000000000000, R13=0x00000001203217f0, R14=0x0000000000000044, R15=0x00007f8463003800
RIP=0x000000010bb0183e, EFLAGS=0x0000000000010206, ERR=0x0000000000000000
  TRAPNO=0x000000000000000d

Top of Stack: (sp=0x0000700005caf260)
0x0000700005caf260:   00000001203217f0 0000700005caf820
0x0000700005caf270:   0000700005caf6c0 00007fffa6936282
0x0000700005caf280:   000000004000037f 00000000a6a730c1
0x0000700005caf290:   0000000005cac720 0000ffff00001fa0
0x0000700005caf2a0:   0000000000000000 000000000000ffff
0x0000700005caf2b0:   0000000000000100 000000000000ffff
0x0000700005caf2c0:   0000000000000000 0000000000000000
0x0000700005caf2d0:   0000000000000000 0000000000000000
0x0000700005caf2e0:   87bc000000000000 000000000000c00b
0x0000700005caf2f0:   0000000000000000 0000000000000000
0x0000700005caf300:   a000000000000000 0000000000004001
0x0000700005caf310:   a000000000000000 0000000000004001
0x0000700005caf320:   00ffffffffffffff 0000000000000000
0x0000700005caf330:   0000ffffffffffff 0000000000000000
0x0000700005caf340:   0000000000000000 0000000000000000
0x0000700005caf350:   0000000000000000 00000000000000ff
0x0000700005caf360:   2f62696c2f65646f 7265746e4962696c
0x0000700005caf370:   7972617262694c2f 614a2f6176614a2f
0x0000700005caf380:   0000000000000000 0000000000000000
0x0000700005caf390:   cafebabecafebabe 0000000000000000
0x0000700005caf3a0:   0000000000000000 0000000000000000
0x0000700005caf3b0:   0000000000000000 0000000000000000
0x0000700005caf3c0:   0000000000000000 0000000000000000
0x0000700005caf3d0:   0000000000000000 0000000000000000
0x0000700005caf3e0:   0000000000000000 0000000000000000
0x0000700005caf3f0:   0000000000000000 0000000000000000
0x0000700005caf400:   0000000000000000 0000000000000000
0x0000700005caf410:   cafebabecafebabe 0000000000000000
0x0000700005caf420:   0000000000000000 0000000000000000
0x0000700005caf430:   0000000000000000 0000000000000000
0x0000700005caf440:   0000000000000000 0000000000000000
0x0000700005caf450:   0000000000000000 0000000000000000 

Instructions: (pc=0x000000010bb0183e)
0x000000010bb0181e:   89 fb 48 8b 3b 48 85 ff 75 13 48 89 df e8 9c cb
0x000000010bb0182e:   ff ff 48 89 c7 48 89 3b 48 85 ff 74 63 48 8b 07
0x000000010bb0183e:   48 8b 80 40 01 00 00 48 8b 15 74 b2 03 00 31 c9
0x000000010bb0184e:   48 85 d2 41 b8 00 00 00 00 74 08 48 8b 4a 08 4c 

Register to memory mapping:

RAX=0x2e2e2e2e2e2e2e2e is an unknown value
RBX=
[error occurred during error reporting (printing register info), id 0xb]

Stack: [0x0000700005bb0000,0x0000700005cb0000],  sp=0x0000700005caf260,  free space=1020k
Native frames: (J=compiled Java code, j=interpreted, Vv=VM code, C=native code)
C  0x000000010bb0183e
C  [libdyld.dylib+0x1282]  dyld_stub_binder+0x11a

[error occurred during error reporting (printing native stack), id 0xb]

Java frames: (J=compiled Java code, j=interpreted, Vv=VM code)
j  InterfaceAvecC.nativeGetSpots(Ljava/lang/String;)Ljava/lang/String;+0
j  JeuHex.loadGame(Ljava/lang/String;)Ljava/lang/String;+21
j  JeuHex.gameSetup()V+231
j  JeuHex.main([Ljava/lang/String;)V+13
v  ~StubRoutines::call_stub

---------------  P R O C E S S  ---------------

Java Threads: ( => current thread )
  0x00007f846300c000 JavaThread "Service Thread" daemon [_thread_blocked, id=18435, stack(0x0000700006857000,0x0000700006957000)]
  0x00007f8462822800 JavaThread "C1 CompilerThread2" daemon [_thread_blocked, id=17923, stack(0x0000700006754000,0x0000700006854000)]
  0x00007f8462822000 JavaThread "C2 CompilerThread1" daemon [_thread_blocked, id=17411, stack(0x0000700006651000,0x0000700006751000)]
  0x00007f8462835000 JavaThread "C2 CompilerThread0" daemon [_thread_blocked, id=16899, stack(0x000070000654e000,0x000070000664e000)]
  0x00007f8462009800 JavaThread "Signal Dispatcher" daemon [_thread_blocked, id=16387, stack(0x000070000644b000,0x000070000654b000)]
  0x00007f846182e800 JavaThread "Finalizer" daemon [_thread_blocked, id=12291, stack(0x00007000062c5000,0x00007000063c5000)]
  0x00007f8462035800 JavaThread "Reference Handler" daemon [_thread_blocked, id=11779, stack(0x00007000061c2000,0x00007000062c2000)]
=>0x00007f8463003800 JavaThread "main" [_thread_in_native, id=6915, stack(0x0000700005bb0000,0x0000700005cb0000)]

Other Threads:
  0x00007f8462030800 VMThread [stack: 0x00007000060bf000,0x00007000061bf000] [id=11267]
  0x00007f8462836000 WatcherThread [stack: 0x000070000695a000,0x0000700006a5a000] [id=18947]

VM state:not at safepoint (normal execution)

VM Mutex/Monitor currently owned by a thread: None

Heap:
 PSYoungGen      total 38400K, used 1996K [0x0000000795580000, 0x0000000798000000, 0x00000007c0000000)
  eden space 33280K, 6% used [0x0000000795580000,0x0000000795773398,0x0000000797600000)
  from space 5120K, 0% used [0x0000000797b00000,0x0000000797b00000,0x0000000798000000)
  to   space 5120K, 0% used [0x0000000797600000,0x0000000797600000,0x0000000797b00000)
 ParOldGen       total 87552K, used 0K [0x0000000740000000, 0x0000000745580000, 0x0000000795580000)
  object space 87552K, 0% used [0x0000000740000000,0x0000000740000000,0x0000000745580000)
 Metaspace       used 3343K, capacity 4564K, committed 4864K, reserved 1056768K
  class space    used 380K, capacity 388K, committed 512K, reserved 1048576K

Card table byte_map: [0x000000010b282000,0x000000010b683000] byte_map_base: 0x0000000107882000

Marking Bits: (ParMarkBitMap*) 0x000000010c46eeb0
 Begin Bits: [0x000000011bb1c000, 0x000000011db1c000)
 End Bits:   [0x000000011db1c000, 0x000000011fb1c000)

Polling page: 0x000000010a5f0000

CodeCache: size=245760Kb used=1181Kb max_used=1181Kb free=244578Kb
 bounds [0x000000010cb1c000, 0x000000010cd8c000, 0x000000011bb1c000]
 total_blobs=306 nmethods=66 adapters=154
 compilation: enabled

Compilation events (10 events):
