#
# A fatal error has been detected by the Java Runtime Environment:
#
#  SIGSEGV (0xb) at pc=0x000000010c45dbdc, pid=90878, tid=7171
#
# JRE version: Java(TM) SE Runtime Environment (8.0_91-b14) (build 1.8.0_91-b14)
# Java VM: Java HotSpot(TM) 64-Bit Server VM (25.91-b14 mixed mode bsd-amd64 compressed oops)
# Problematic frame:
# V  [libjvm.dylib+0x45dbdc]  Monitor::TryLock()+0x4
#
# Failed to write core dump. Core dumps have been disabled. To enable core dumping, try "ulimit -c unlimited" before starting Java again
#
# If you would like to submit a bug report, please visit:
#   http://bugreport.java.com/bugreport/crash.jsp
# The crash happened outside the Java Virtual Machine in native code.
# See problematic frame for where to report the bug.
#

---------------  T H R E A D  ---------------

Current thread (0x00007fdd4500b000):  JavaThread "main" [_thread_in_native, id=7171, stack(0x000070000f0d2000,0x000070000f1d2000)]

siginfo: si_signo: 11 (SIGSEGV), si_code: 0 (unknown), si_addr: 0x0000000000000000

Registers:
RAX=0x000000010c8fe710, RBX=0x2e2e2e2e2e2e2e2e, RCX=0x000070000f1cedb7, RDX=0x00000000cf264852
RSP=0x000070000f1cecf0, RBP=0x000070000f1cecf0, RSI=0x000070000f1cedae, RDI=0x2e2e2e2e2e2e2e2e
R8 =0x0000000000000001, R9 =0x0000000000000009, R10=0x00000001112bf9a8, R11=0x00006ff879a87b4e
R12=0x0000000000000009, R13=0x000070000f1cedae, R14=0x00000000cf2648c5, R15=0x00007fdd4500b1f8
RIP=0x000000010c45dbdc, EFLAGS=0x0000000000010246, ERR=0x0000000000000000
  TRAPNO=0x000000000000000d

Top of Stack: (sp=0x000070000f1cecf0)
0x000070000f1cecf0:   000070000f1ced10 000000010c45e352
0x000070000f1ced00:   2e2e2e2e2e2e2e2e 00000000cf2648c5
0x000070000f1ced10:   000070000f1ced30 000000010c3447d5
0x000070000f1ced20:   000070000f1ced90 00007fdd44c53eb0
0x000070000f1ced30:   000070000f1ced90 000000010b6ac4a6
0x000070000f1ced40:   0000000000000000 000070000f1cedb8
0x000070000f1ced50:   0000000000000009 000000090100b000
0x000070000f1ced60:   000070000f1cedae 000070000f1cf280
0x000070000f1ced70:   0000000000000009 000070000f1cedae
0x000070000f1ced80:   00007fdd44c53eb0 00007fdd4500b1f8
0x000070000f1ced90:   000070000f1cf1e0 000000010b6ab238
0x000070000f1ceda0:   000000010e201bf8 6548000100000001
0x000070000f1cedb0:   007373616c632e78 000070000f1cee00
0x000070000f1cedc0:   000070000f1ceeb0 000000000c5874c2
0x000070000f1cedd0:   00000000ffff0101 000070000f1cefc0
0x000070000f1cede0:   000070000f1ceeb0 000000010c5027ee
0x000070000f1cedf0:   00007fdd4500b000 0000000000000001
0x000070000f1cee00:   000070000f1cefd0 000070000f1d1140
0x000070000f1cee10:   000070000f1ceeb0 000000010c581784
0x000070000f1cee20:   000070000f1cee78 000000010e2024b8
0x000070000f1cee30:   000070000f1cee60 000000010c0df2df
0x000070000f1cee40:   000000010e2024b8 000070000f1cef38
0x000070000f1cee50:   00007fdd44c56600 000000010e201bf8
0x000070000f1cee60:   000070000f1cee90 000000010c0df350
0x000070000f1cee70:   000070000f1ceeb0 00007fdd44c56720
0x000070000f1cee80:   00007fdd44c56720 00007fdd4500b000
0x000070000f1cee90:   0000000000000000 0000000000000005
0x000070000f1ceea0:   0000000000000005 00007fdd0dfbe9b8
0x000070000f1ceeb0:   000070000f1d1090 000000010c59eeda
0x000070000f1ceec0:   00007fdd4500b000 00007fdd4500b000
0x000070000f1ceed0:   000070000f1cef68 00007fdd4500b000
0x000070000f1ceee0:   000000010dfbe978 000070000f1cef58 

Instructions: (pc=0x000000010c45dbdc)
0x000000010c45dbbc:   55 48 89 e5 48 8b 47 10 48 8b 40 38 5d c3 55 48
0x000000010c45dbcc:   89 e5 48 8b 47 10 48 8b 40 10 5d c3 55 48 89 e5
0x000000010c45dbdc:   48 8b 0f 48 8d 15 62 88 48 00 48 8d 35 a9 ef 47
0x000000010c45dbec:   00 f6 c1 01 75 35 49 89 c8 49 83 c8 01 83 3a 01 

Register to memory mapping:

RAX=0x000000010c8fe710: _ZN7VM_Exit10_vm_exitedE+0 in /Library/Java/JavaVirtualMachines/jdk1.8.0_91.jdk/Contents/Home/jre/lib/server/libjvm.dylib at 0x000000010c000000
RBX=0x2e2e2e2e2e2e2e2e is an unknown value
RCX=0x000070000f1cedb7 is pointing into the stack for thread: 0x00007fdd4500b000
RDX=0x00000000cf264852 is an unknown value
RSP=0x000070000f1cecf0 is pointing into the stack for thread: 0x00007fdd4500b000
RBP=0x000070000f1cecf0 is pointing into the stack for thread: 0x00007fdd4500b000
RSI=0x000070000f1cedae is pointing into the stack for thread: 0x00007fdd4500b000
RDI=0x2e2e2e2e2e2e2e2e is an unknown value
R8 =0x0000000000000001 is an unknown value
R9 =0x0000000000000009 is an unknown value
R10=0x00000001112bf9a8 is at code_begin+808 in an Interpreter codelet
method entry point (kind = native)  [0x00000001112bf680, 0x00000001112bff80]  2304 bytes
R11=0x00006ff879a87b4e is an unknown value
R12=0x0000000000000009 is an unknown value
R13=0x000070000f1cedae is pointing into the stack for thread: 0x00007fdd4500b000
R14=0x00000000cf2648c5 is an unknown value
R15=0x00007fdd4500b1f8 is an unknown value


Stack: [0x000070000f0d2000,0x000070000f1d2000],  sp=0x000070000f1cecf0,  free space=1011k
Native frames: (J=compiled Java code, j=interpreted, Vv=VM code, C=native code)
V  [libjvm.dylib+0x45dbdc]  Monitor::TryLock()+0x4
V  [libjvm.dylib+0x45e352]  Monitor::jvm_raw_lock()+0x12
V  [libjvm.dylib+0x3447d5]  JVM_RawMonitorEnter+0x25
C  [libzip.dylib+0x34a6]  ZIP_GetEntry2+0x4d
C  [libzip.dylib+0x2238]  Java_java_util_zip_ZipFile_getEntry+0xcf
j  java.util.zip.ZipFile.getEntry(J[BZ)J+0
j  java.util.zip.ZipFile.getEntry(Ljava/lang/String;)Ljava/util/zip/ZipEntry;+38
j  java.util.jar.JarFile.getEntry(Ljava/lang/String;)Ljava/util/zip/ZipEntry;+2
j  java.util.jar.JarFile.getJarEntry(Ljava/lang/String;)Ljava/util/jar/JarEntry;+2
j  sun.misc.URLClassPath$JarLoader.getResource(Ljava/lang/String;Z)Lsun/misc/Resource;+42
j  sun.misc.URLClassPath.getResource(Ljava/lang/String;Z)Lsun/misc/Resource;+62
j  java.net.URLClassLoader$1.run()Ljava/lang/Class;+26
j  java.net.URLClassLoader$1.run()Ljava/lang/Object;+1
v  ~StubRoutines::call_stub
V  [libjvm.dylib+0x2ec1e6]  JavaCalls::call_helper(JavaValue*, methodHandle*, JavaCallArguments*, Thread*)+0x6ae
V  [libjvm.dylib+0x34c8e0]  JVM_DoPrivileged+0x4b8
j  java.security.AccessController.doPrivileged(Ljava/security/PrivilegedExceptionAction;Ljava/security/AccessControlContext;)Ljava/lang/Object;+0
j  java.net.URLClassLoader.findClass(Ljava/lang/String;)Ljava/lang/Class;+13
j  java.lang.ClassLoader.loadClass(Ljava/lang/String;Z)Ljava/lang/Class;+70
j  java.lang.ClassLoader.loadClass(Ljava/lang/String;Z)Ljava/lang/Class;+38
j  sun.misc.Launcher$AppClassLoader.loadClass(Ljava/lang/String;Z)Ljava/lang/Class;+81
j  java.lang.ClassLoader.loadClass(Ljava/lang/String;)Ljava/lang/Class;+3
v  ~StubRoutines::call_stub
V  [libjvm.dylib+0x2ec1e6]  JavaCalls::call_helper(JavaValue*, methodHandle*, JavaCallArguments*, Thread*)+0x6ae
V  [libjvm.dylib+0x2ec974]  JavaCalls::call_virtual(JavaValue*, KlassHandle, Symbol*, Symbol*, JavaCallArguments*, Thread*)+0x164
V  [libjvm.dylib+0x2ecacc]  JavaCalls::call_virtual(JavaValue*, Handle, KlassHandle, Symbol*, Symbol*, Handle, Thread*)+0x56
V  [libjvm.dylib+0x535480]  SystemDictionary::load_instance_class(Symbol*, Handle, Thread*)+0x2d8
V  [libjvm.dylib+0x534c19]  SystemDictionary::resolve_instance_class_or_null(Symbol*, Handle, Handle, Thread*)+0x48f
V  [libjvm.dylib+0x53569c]  SystemDictionary::resolve_or_null(Symbol*, Handle, Handle, Thread*)+0x106
V  [libjvm.dylib+0x535d19]  SystemDictionary::resolve_or_fail(Symbol*, Handle, Handle, bool, Thread*)+0x31
V  [libjvm.dylib+0x1e222a]  ConstantPool::klass_at_impl(constantPoolHandle, int, Thread*)+0x2ee
V  [libjvm.dylib+0x1f25b2]  ConstantPool::klass_at(int, Thread*)+0x92
V  [libjvm.dylib+0x2e7da8]  InterpreterRuntime::anewarray(JavaThread*, ConstantPool*, int, int)+0x30
j  Board.<init>(ILjava/lang/String;)V+14
v  ~StubRoutines::call_stub
V  [libjvm.dylib+0x2ec1e6]  JavaCalls::call_helper(JavaValue*, methodHandle*, JavaCallArguments*, Thread*)+0x6ae
V  [libjvm.dylib+0x323355]  jni_invoke_nonstatic(JNIEnv_*, JavaValue*, _jobject*, JNICallType, _jmethodID*, JNI_ArgumentPusher*, Thread*)+0x2ec
V  [libjvm.dylib+0x312d0f]  jni_NewObject+0x197
C  [libInterfaceAvecC.dylib+0x15ca]  Java_InterfaceAvecC_nativeInitBoard+0x13a
j  InterfaceAvecC.nativeInitBoard(ILjava/lang/String;)LBoard;+0
j  JeuHex.initBoard(ILjava/lang/String;)LBoard;+3
j  JeuHex.gameSetup()V+106
j  JeuHex.main([Ljava/lang/String;)V+13
v  ~StubRoutines::call_stub
V  [libjvm.dylib+0x2ec1e6]  JavaCalls::call_helper(JavaValue*, methodHandle*, JavaCallArguments*, Thread*)+0x6ae
V  [libjvm.dylib+0x322fbe]  jni_invoke_static(JNIEnv_*, JavaValue*, _jobject*, JNICallType, _jmethodID*, JNI_ArgumentPusher*, Thread*)+0x1bf
V  [libjvm.dylib+0x31bd35]  jni_CallStaticVoidMethod+0x15d
C  [java+0x393e]  JavaMain+0x9b1
C  [libsystem_pthread.dylib+0x3aab]  _pthread_body+0xb4
C  [libsystem_pthread.dylib+0x39f7]  _pthread_body+0x0
C  [libsystem_pthread.dylib+0x31fd]  thread_start+0xd
C  0x0000000000000000

Java frames: (J=compiled Java code, j=interpreted, Vv=VM code)
j  java.util.zip.ZipFile.getEntry(J[BZ)J+0
j  java.util.zip.ZipFile.getEntry(Ljava/lang/String;)Ljava/util/zip/ZipEntry;+38
j  java.util.jar.JarFile.getEntry(Ljava/lang/String;)Ljava/util/zip/ZipEntry;+2
j  java.util.jar.JarFile.getJarEntry(Ljava/lang/String;)Ljava/util/jar/JarEntry;+2
j  sun.misc.URLClassPath$JarLoader.getResource(Ljava/lang/String;Z)Lsun/misc/Resource;+42
j  sun.misc.URLClassPath.getResource(Ljava/lang/String;Z)Lsun/misc/Resource;+62
j  java.net.URLClassLoader$1.run()Ljava/lang/Class;+26
j  java.net.URLClassLoader$1.run()Ljava/lang/Object;+1
v  ~StubRoutines::call_stub
j  java.security.AccessController.doPrivileged(Ljava/security/PrivilegedExceptionAction;Ljava/security/AccessControlContext;)Ljava/lang/Object;+0
j  java.net.URLClassLoader.findClass(Ljava/lang/String;)Ljava/lang/Class;+13
j  java.lang.ClassLoader.loadClass(Ljava/lang/String;Z)Ljava/lang/Class;+70
j  java.lang.ClassLoader.loadClass(Ljava/lang/String;Z)Ljava/lang/Class;+38
j  sun.misc.Launcher$AppClassLoader.loadClass(Ljava/lang/String;Z)Ljava/lang/Class;+81
j  java.lang.ClassLoader.loadClass(Ljava/lang/String;)Ljava/lang/Class;+3
v  ~StubRoutines::call_stub
j  Board.<init>(ILjava/lang/String;)V+14
v  ~StubRoutines::call_stub
j  InterfaceAvecC.nativeInitBoard(ILjava/lang/String;)LBoard;+0
j  JeuHex.initBoard(ILjava/lang/String;)LBoard;+3
j  JeuHex.gameSetup()V+106
j  JeuHex.main([Ljava/lang/String;)V+13
v  ~StubRoutines::call_stub

---------------  P R O C E S S  ---------------

Java Threads: ( => current thread )
  0x00007fdd450a7800 JavaThread "Service Thread" daemon [_thread_blocked, id=18691, stack(0x000070000fcf6000,0x000070000fdf6000)]
  0x00007fdd450a4800 JavaThread "C1 CompilerThread2" daemon [_thread_blocked, id=18179, stack(0x000070000fbf3000,0x000070000fcf3000)]
  0x00007fdd450a4000 JavaThread "C2 CompilerThread1" daemon [_thread_blocked, id=17667, stack(0x000070000faf0000,0x000070000fbf0000)]
  0x00007fdd4506f800 JavaThread "C2 CompilerThread0" daemon [_thread_blocked, id=17155, stack(0x000070000f9ed000,0x000070000faed000)]
  0x00007fdd45043800 JavaThread "Signal Dispatcher" daemon [_thread_blocked, id=16643, stack(0x000070000f8ea000,0x000070000f9ea000)]
  0x00007fdd4583d000 JavaThread "Finalizer" daemon [_thread_blocked, id=12547, stack(0x000070000f7e7000,0x000070000f8e7000)]
  0x00007fdd4583a800 JavaThread "Reference Handler" daemon [_thread_blocked, id=12035, stack(0x000070000f6e4000,0x000070000f7e4000)]
=>0x00007fdd4500b000 JavaThread "main" [_thread_in_native, id=7171, stack(0x000070000f0d2000,0x000070000f1d2000)]

Other Threads:
  0x00007fdd45030000 VMThread [stack: 0x000070000f5e1000,0x000070000f6e1000] [id=11523]
  0x00007fdd4503d800 WatcherThread [stack: 0x000070000fdf9000,0x000070000fef9000] [id=19203]

VM state:not at safepoint (normal execution)

VM Mutex/Monitor currently owned by a thread: None

Heap:
 PSYoungGen      total 38400K, used 1996K [0x0000000795580000, 0x0000000798000000, 0x00000007c0000000)
  eden space 33280K, 6% used [0x0000000795580000,0x0000000795773398,0x0000000797600000)
  from space 5120K, 0% used [0x0000000797b00000,0x0000000797b00000,0x0000000798000000)
  to   space 5120K, 0% used [0x0000000797600000,0x0000000797600000,0x0000000797b00000)
 ParOldGen       total 87552K, used 0K [0x0000000740000000, 0x0000000745580000, 0x0000000795580000)
  object space 87552K, 0% used [0x0000000740000000,0x0000000740000000,0x0000000745580000)
 Metaspace       used 3338K, capacity 4564K, committed 4864K, reserved 1056768K
  class space    used 380K, capacity 388K, committed 512K, reserved 1048576K

Card table byte_map: [0x000000010d354000,0x000000010d755000] byte_map_base: 0x0000000109954000

Marking Bits: (ParMarkBitMap*) 0x000000010c8e6eb0
 Begin Bits: [0x00000001202a8000, 0x00000001222a8000)
 End Bits:   [0x00000001222a8000, 0x00000001242a8000)

Polling page: 0x000000010b69f000

CodeCache: size=245760Kb used=1184Kb max_used=1184Kb free=244575Kb
 bounds [0x00000001112a8000, 0x0000000111518000, 0x00000001202a8000]
 total_blobs=309 nmethods=69 adapters=154
 compilation: enabled

Compilation events (10 events):
Event: 0.220 Thread 0x00007fdd450a4800   66       3       java.util.StringTokenizer::scanToken (179 bytes)
Event: 0.221 Thread 0x00007fdd450a4800 nmethod 66 0x00000001113cc390 code [0x00000001113cc620, 0x00000001113cd8d8]
Event: 0.221 Thread 0x00007fdd450a4800   65       3       java.util.StringTokenizer::skipDelimiters (116 bytes)
Event: 0.222 Thread 0x00007fdd450a4800 nmethod 65 0x00000001113ce050 code [0x00000001113ce260, 0x00000001113cedf8]
Event: 3.714 Thread 0x00007fdd450a4800   67       1       java.nio.Buffer::limit (5 bytes)
Event: 3.714 Thread 0x00007fdd450a4800 nmethod 67 0x00000001113cfa90 code [0x00000001113cfbe0, 0x00000001113cfcf0]
Event: 3.714 Thread 0x00007fdd450a4800   68       3       java.lang.StringBuilder::toString (17 bytes)
Event: 3.715 Thread 0x00007fdd450a4800 nmethod 68 0x00000001113cfd50 code [0x00000001113cfec0, 0x00000001113d00c8]
Event: 3.716 Thread 0x00007fdd450a4800   69       3       java.lang.ThreadLocal::getMap (5 bytes)
Event: 3.717 Thread 0x00007fdd450a4800 nmethod 69 0x00000001113d0190 code [0x00000001113d0300, 0x00000001113d0450]

GC Heap History (0 events):
No events

Deoptimization events (0 events):
No events

Internal exceptions (10 events):
Event: 0.180 Thread 0x00007fdd4500b000 Exception <a 'java/util/zip/ZipException'> (0x00000007956cd030) thrown at [/Users/java_re/workspace/8-2-build-macosx-x86_64/jdk8u91/6644/hotspot/src/share/vm/prims/jni.cpp, line 709]
Event: 0.180 Thread 0x00007fdd4500b000 Exception <a 'java/security/PrivilegedActionException'> (0x00000007956cd238) thrown at [/Users/java_re/workspace/8-2-build-macosx-x86_64/jdk8u91/6644/hotspot/src/share/vm/prims/jvm.cpp, line 1386]
Event: 0.180 Thread 0x00007fdd4500b000 Exception <a 'java/security/PrivilegedActionException'> (0x00000007956cd448) thrown at [/Users/java_re/workspace/8-2-build-macosx-x86_64/jdk8u91/6644/hotspot/src/share/vm/prims/jvm.cpp, line 1386]
Event: 0.184 Thread 0x00007fdd4500b000 Exception <a 'java/util/zip/ZipException'> (0x00000007956dec08) thrown at [/Users/java_re/workspace/8-2-build-macosx-x86_64/jdk8u91/6644/hotspot/src/share/vm/prims/jni.cpp, line 709]
Event: 0.184 Thread 0x00007fdd4500b000 Exception <a 'java/security/PrivilegedActionException'> (0x00000007956dee10) thrown at [/Users/java_re/workspace/8-2-build-macosx-x86_64/jdk8u91/6644/hotspot/src/share/vm/prims/jvm.cpp, line 1386]
Event: 0.184 Thread 0x00007fdd4500b000 Exception <a 'java/security/PrivilegedActionException'> (0x00000007956df020) thrown at [/Users/java_re/workspace/8-2-build-macosx-x86_64/jdk8u91/6644/hotspot/src/share/vm/prims/jvm.cpp, line 1386]
Event: 0.208 Thread 0x00007fdd4500b000 Exception <a 'java/security/PrivilegedActionException'> (0x00000007957127b0) thrown at [/Users/java_re/workspace/8-2-build-macosx-x86_64/jdk8u91/6644/hotspot/src/share/vm/prims/jvm.cpp, line 1386]
Event: 0.208 Thread 0x00007fdd4500b000 Exception <a 'java/security/PrivilegedActionException'> (0x00000007957129c0) thrown at [/Users/java_re/workspace/8-2-build-macosx-x86_64/jdk8u91/6644/hotspot/src/share/vm/prims/jvm.cpp, line 1386]
Event: 0.208 Thread 0x00007fdd4500b000 Exception <a 'java/security/PrivilegedActionException'> (0x0000000795715e48) thrown at [/Users/java_re/workspace/8-2-build-macosx-x86_64/jdk8u91/6644/hotspot/src/share/vm/prims/jvm.cpp, line 1386]
Event: 0.208 Thread 0x00007fdd4500b000 Exception <a 'java/security/PrivilegedActionException'> (0x0000000795716058) thrown at [/Users/java_re/workspace/8-2-build-macosx-x86_64/jdk8u91/6644/hotspot/src/share/vm/prims/jvm.cpp, line 1386]

Events (10 events):
Event: 0.225 loading class java/util/regex/Pattern$BranchConn
Event: 0.225 loading class java/util/regex/Pattern$BranchConn done
Event: 0.225 loading class java/util/regex/Pattern$Branch
Event: 0.225 loading class java/util/regex/Pattern$Branch done
Event: 0.225 loading class java/util/regex/Pattern$Dollar
Event: 0.225 loading class java/util/regex/Pattern$Dollar done
Event: 3.714 loading class InterfaceAvecC
Event: 3.714 loading class InterfaceAvecC done
Event: 3.718 loading class Hex
Event: 3.718 loading class Hex done


Dynamic libraries:
0x000000000053d000 	/System/Library/Frameworks/Cocoa.framework/Versions/A/Cocoa
0x000000000053d000 	/System/Library/Frameworks/Security.framework/Versions/A/Security
0x000000000053d000 	/System/Library/Frameworks/ApplicationServices.framework/Versions/A/ApplicationServices
0x000000000053d000 	/usr/lib/libz.1.dylib
0x000000000053d000 	/usr/lib/libSystem.B.dylib
0x000000000053d000 	/usr/lib/libobjc.A.dylib
0x000000000053d000 	/System/Library/Frameworks/CoreFoundation.framework/Versions/A/CoreFoundation
0x000000000053d000 	/System/Library/Frameworks/Foundation.framework/Versions/C/Foundation
0x000000000053d000 	/System/Library/Frameworks/AppKit.framework/Versions/C/AppKit
0x000000000053d000 	/System/Library/Frameworks/CoreData.framework/Versions/A/CoreData
0x000000000053d000 	/System/Library/PrivateFrameworks/RemoteViewServices.framework/Versions/A/RemoteViewServices
0x000000000053d000 	/System/Library/PrivateFrameworks/UIFoundation.framework/Versions/A/UIFoundation
0x000000000053d000 	/System/Library/PrivateFrameworks/DFRFoundation.framework/Versions/A/DFRFoundation
0x000000000053d000 	/usr/lib/libenergytrace.dylib
0x000000000053d000 	/System/Library/PrivateFrameworks/SkyLight.framework/Versions/A/SkyLight
0x000000000053d000 	/System/Library/Frameworks/CoreGraphics.framework/Versions/A/CoreGraphics
0x000000000053d000 	/usr/lib/libScreenReader.dylib
0x000000000053d000 	/System/Library/Frameworks/Accelerate.framework/Versions/A/Accelerate
0x000000000053d000 	/System/Library/Frameworks/IOSurface.framework/Versions/A/IOSurface
0x000000000053d000 	/System/Library/Frameworks/AudioToolbox.framework/Versions/A/AudioToolbox
0x000000000053d000 	/System/Library/Frameworks/AudioUnit.framework/Versions/A/AudioUnit
0x000000000053d000 	/System/Library/PrivateFrameworks/DataDetectorsCore.framework/Versions/A/DataDetectorsCore
0x000000000053d000 	/System/Library/PrivateFrameworks/DesktopServicesPriv.framework/Versions/A/DesktopServicesPriv
0x000000000053d000 	/System/Library/Frameworks/Carbon.framework/Versions/A/Frameworks/HIToolbox.framework/Versions/A/HIToolbox
0x000000000053d000 	/usr/lib/libicucore.A.dylib
0x000000000053d000 	/System/Library/Frameworks/QuartzCore.framework/Versions/A/QuartzCore
0x000000000053d000 	/System/Library/Frameworks/Carbon.framework/Versions/A/Frameworks/SpeechRecognition.framework/Versions/A/SpeechRecognition
0x000000000053d000 	/usr/lib/libauto.dylib
0x000000000053d000 	/usr/lib/libxml2.2.dylib
0x000000000053d000 	/System/Library/PrivateFrameworks/CoreUI.framework/Versions/A/CoreUI
0x000000000053d000 	/System/Library/Frameworks/CoreAudio.framework/Versions/A/CoreAudio
0x000000000053d000 	/System/Library/Frameworks/DiskArbitration.framework/Versions/A/DiskArbitration
0x000000000053d000 	/usr/lib/liblangid.dylib
0x000000000053d000 	/System/Library/PrivateFrameworks/MultitouchSupport.framework/Versions/A/MultitouchSupport
0x000000000053d000 	/System/Library/Frameworks/IOKit.framework/Versions/A/IOKit
0x000000000053d000 	/usr/lib/libDiagnosticMessagesClient.dylib
0x000000000053d000 	/System/Library/Frameworks/CoreServices.framework/Versions/A/CoreServices
0x000000000053d000 	/System/Library/PrivateFrameworks/PerformanceAnalysis.framework/Versions/A/PerformanceAnalysis
0x000000000053d000 	/System/Library/PrivateFrameworks/GenerationalStorage.framework/Versions/A/GenerationalStorage
0x000000000053d000 	/System/Library/Frameworks/OpenGL.framework/Versions/A/OpenGL
0x000000000053d000 	/System/Library/Frameworks/CoreImage.framework/Versions/A/CoreImage
0x000000000053d000 	/System/Library/Frameworks/CoreText.framework/Versions/A/CoreText
0x000000000053d000 	/System/Library/Frameworks/ImageIO.framework/Versions/A/ImageIO
0x000000000053d000 	/System/Library/PrivateFrameworks/Backup.framework/Versions/A/Backup
0x000000000053d000 	/usr/lib/libarchive.2.dylib
0x000000000053d000 	/System/Library/Frameworks/CFNetwork.framework/Versions/A/CFNetwork
0x000000000053d000 	/System/Library/Frameworks/SystemConfiguration.framework/Versions/A/SystemConfiguration
0x000000000053d000 	/usr/lib/libCRFSuite.dylib
0x000000000053d000 	/usr/lib/libc++.1.dylib
0x000000000053d000 	/usr/lib/libc++abi.dylib
0x000000000053d000 	/usr/lib/system/libcache.dylib
0x000000000053d000 	/usr/lib/system/libcommonCrypto.dylib
0x000000000053d000 	/usr/lib/system/libcompiler_rt.dylib
0x000000000053d000 	/usr/lib/system/libcopyfile.dylib
0x000000000053d000 	/usr/lib/system/libcorecrypto.dylib
0x000000000053d000 	/usr/lib/system/libdispatch.dylib
0x000000000053d000 	/usr/lib/system/libdyld.dylib
0x000000000053d000 	/usr/lib/system/libkeymgr.dylib
0x000000000053d000 	/usr/lib/system/liblaunch.dylib
0x000000000053d000 	/usr/lib/system/libmacho.dylib
0x000000000053d000 	/usr/lib/system/libquarantine.dylib
0x000000000053d000 	/usr/lib/system/libremovefile.dylib
0x000000000053d000 	/usr/lib/system/libsystem_asl.dylib
0x000000000053d000 	/usr/lib/system/libsystem_blocks.dylib
0x000000000053d000 	/usr/lib/system/libsystem_c.dylib
0x000000000053d000 	/usr/lib/system/libsystem_configuration.dylib
0x000000000053d000 	/usr/lib/system/libsystem_coreservices.dylib
0x000000000053d000 	/usr/lib/system/libsystem_coretls.dylib
0x000000000053d000 	/usr/lib/system/libsystem_dnssd.dylib
0x000000000053d000 	/usr/lib/system/libsystem_info.dylib
0x000000000053d000 	/usr/lib/system/libsystem_kernel.dylib
0x000000000053d000 	/usr/lib/system/libsystem_m.dylib
0x000000000053d000 	/usr/lib/system/libsystem_malloc.dylib
0x000000000053d000 	/usr/lib/system/libsystem_network.dylib
0x000000000053d000 	/usr/lib/system/libsystem_networkextension.dylib
0x000000000053d000 	/usr/lib/system/libsystem_notify.dylib
0x000000000053d000 	/usr/lib/system/libsystem_platform.dylib
0x000000000053d000 	/usr/lib/system/libsystem_pthread.dylib
0x000000000053d000 	/usr/lib/system/libsystem_sandbox.dylib
0x000000000053d000 	/usr/lib/system/libsystem_secinit.dylib
0x000000000053d000 	/usr/lib/system/libsystem_symptoms.dylib
0x000000000053d000 	/usr/lib/system/libsystem_trace.dylib
0x000000000053d000 	/usr/lib/system/libunwind.dylib
0x000000000053d000 	/usr/lib/system/libxpc.dylib
0x000000000053d000 	/usr/lib/libbsm.0.dylib
0x000000000053d000 	/usr/lib/system/libkxld.dylib
0x000000000053d000 	/usr/lib/libcoretls.dylib
0x000000000053d000 	/usr/lib/libcoretls_cfhelpers.dylib
0x000000000053d000 	/usr/lib/libxar.1.dylib
0x000000000053d000 	/usr/lib/libsqlite3.dylib
0x000000000053d000 	/usr/lib/libpam.2.dylib
0x000000000053d000 	/usr/lib/libOpenScriptingUtil.dylib
0x000000000053d000 	/usr/lib/libbz2.1.0.dylib
0x000000000053d000 	/usr/lib/liblzma.5.dylib
0x000000000053d000 	/usr/lib/libnetwork.dylib
0x000000000053d000 	/usr/lib/libpcap.A.dylib
0x000000000053d000 	/System/Library/Frameworks/CoreServices.framework/Versions/A/Frameworks/FSEvents.framework/Versions/A/FSEvents
0x000000000053d000 	/System/Library/Frameworks/CoreServices.framework/Versions/A/Frameworks/CarbonCore.framework/Versions/A/CarbonCore
0x000000000053d000 	/System/Library/Frameworks/CoreServices.framework/Versions/A/Frameworks/Metadata.framework/Versions/A/Metadata
0x000000000053d000 	/System/Library/Frameworks/CoreServices.framework/Versions/A/Frameworks/OSServices.framework/Versions/A/OSServices
0x000000000053d000 	/System/Library/Frameworks/CoreServices.framework/Versions/A/Frameworks/SearchKit.framework/Versions/A/SearchKit
0x000000000053d000 	/System/Library/Frameworks/CoreServices.framework/Versions/A/Frameworks/AE.framework/Versions/A/AE
0x000000000053d000 	/System/Library/Frameworks/CoreServices.framework/Versions/A/Frameworks/LaunchServices.framework/Versions/A/LaunchServices
0x000000000053d000 	/System/Library/Frameworks/CoreServices.framework/Versions/A/Frameworks/DictionaryServices.framework/Versions/A/DictionaryServices
0x000000000053d000 	/System/Library/Frameworks/CoreServices.framework/Versions/A/Frameworks/SharedFileList.framework/Versions/A/SharedFileList
0x000000000053d000 	/System/Library/Frameworks/NetFS.framework/Versions/A/NetFS
0x000000000053d000 	/System/Library/PrivateFrameworks/NetAuth.framework/Versions/A/NetAuth
0x000000000053d000 	/System/Library/PrivateFrameworks/login.framework/Versions/A/Frameworks/loginsupport.framework/Versions/A/loginsupport
0x000000000053d000 	/System/Library/PrivateFrameworks/TCC.framework/Versions/A/TCC
0x000000000053d000 	/usr/lib/libmecabra.dylib
0x000000000053d000 	/System/Library/Frameworks/ApplicationServices.framework/Versions/A/Frameworks/ATS.framework/Versions/A/ATS
0x000000000053d000 	/System/Library/Frameworks/ApplicationServices.framework/Versions/A/Frameworks/ColorSync.framework/Versions/A/ColorSync
0x000000000053d000 	/System/Library/Frameworks/ApplicationServices.framework/Versions/A/Frameworks/HIServices.framework/Versions/A/HIServices
0x000000000053d000 	/System/Library/Frameworks/ApplicationServices.framework/Versions/A/Frameworks/LangAnalysis.framework/Versions/A/LangAnalysis
0x000000000053d000 	/System/Library/Frameworks/ApplicationServices.framework/Versions/A/Frameworks/PrintCore.framework/Versions/A/PrintCore
0x000000000053d000 	/System/Library/Frameworks/ApplicationServices.framework/Versions/A/Frameworks/QD.framework/Versions/A/QD
0x000000000053d000 	/System/Library/Frameworks/ApplicationServices.framework/Versions/A/Frameworks/SpeechSynthesis.framework/Versions/A/SpeechSynthesis
0x000000000053d000 	/System/Library/Frameworks/Accelerate.framework/Versions/A/Frameworks/vImage.framework/Versions/A/vImage
0x000000000053d000 	/System/Library/Frameworks/Accelerate.framework/Versions/A/Frameworks/vecLib.framework/Versions/A/vecLib
0x000000000053d000 	/System/Library/Frameworks/Accelerate.framework/Versions/A/Frameworks/vecLib.framework/Versions/A/libvDSP.dylib
0x000000000053d000 	/System/Library/Frameworks/Accelerate.framework/Versions/A/Frameworks/vecLib.framework/Versions/A/libBNNS.dylib
0x000000000053d000 	/System/Library/Frameworks/Accelerate.framework/Versions/A/Frameworks/vecLib.framework/Versions/A/libQuadrature.dylib
0x000000000053d000 	/System/Library/Frameworks/Accelerate.framework/Versions/A/Frameworks/vecLib.framework/Versions/A/libvMisc.dylib
0x000000000053d000 	/System/Library/Frameworks/Accelerate.framework/Versions/A/Frameworks/vecLib.framework/Versions/A/libLAPACK.dylib
0x000000000053d000 	/System/Library/Frameworks/Accelerate.framework/Versions/A/Frameworks/vecLib.framework/Versions/A/libBLAS.dylib
0x000000000053d000 	/System/Library/Frameworks/Accelerate.framework/Versions/A/Frameworks/vecLib.framework/Versions/A/libLinearAlgebra.dylib
0x000000000053d000 	/System/Library/Frameworks/Accelerate.framework/Versions/A/Frameworks/vecLib.framework/Versions/A/libSparseBLAS.dylib
0x000000000053d000 	/System/Library/Frameworks/ApplicationServices.framework/Versions/A/Frameworks/ATS.framework/Versions/A/Resources/libFontParser.dylib
0x000000000053d000 	/System/Library/Frameworks/ApplicationServices.framework/Versions/A/Frameworks/ATS.framework/Versions/A/Resources/libFontRegistry.dylib
0x000000000053d000 	/System/Library/Frameworks/ImageIO.framework/Versions/A/Resources/libJPEG.dylib
0x000000000053d000 	/System/Library/Frameworks/ImageIO.framework/Versions/A/Resources/libTIFF.dylib
0x000000000053d000 	/System/Library/Frameworks/ImageIO.framework/Versions/A/Resources/libPng.dylib
0x000000000053d000 	/System/Library/Frameworks/ImageIO.framework/Versions/A/Resources/libGIF.dylib
0x000000000053d000 	/System/Library/Frameworks/ImageIO.framework/Versions/A/Resources/libJP2.dylib
0x000000000053d000 	/System/Library/Frameworks/ImageIO.framework/Versions/A/Resources/libRadiance.dylib
0x000000000053d000 	/usr/lib/libcompression.dylib
0x000000000053d000 	/System/Library/PrivateFrameworks/AppleJPEG.framework/Versions/A/AppleJPEG
0x000000000053d000 	/usr/lib/libcups.2.dylib
0x000000000053d000 	/System/Library/Frameworks/Kerberos.framework/Versions/A/Kerberos
0x000000000053d000 	/System/Library/Frameworks/GSS.framework/Versions/A/GSS
0x000000000053d000 	/usr/lib/libresolv.9.dylib
0x000000000053d000 	/usr/lib/libiconv.2.dylib
0x000000000053d000 	/System/Library/PrivateFrameworks/Heimdal.framework/Versions/A/Heimdal
0x000000000053d000 	/usr/lib/libheimdal-asn1.dylib
0x000000000053d000 	/System/Library/Frameworks/OpenDirectory.framework/Versions/A/OpenDirectory
0x000000000053d000 	/System/Library/PrivateFrameworks/CommonAuth.framework/Versions/A/CommonAuth
0x000000000053d000 	/System/Library/Frameworks/OpenDirectory.framework/Versions/A/Frameworks/CFOpenDirectory.framework/Versions/A/CFOpenDirectory
0x000000000053d000 	/System/Library/Frameworks/SecurityFoundation.framework/Versions/A/SecurityFoundation
0x000000000053d000 	/System/Library/PrivateFrameworks/LanguageModeling.framework/Versions/A/LanguageModeling
0x000000000053d000 	/usr/lib/libmarisa.dylib
0x000000000053d000 	/usr/lib/libChineseTokenizer.dylib
0x000000000053d000 	/usr/lib/libcmph.dylib
0x000000000053d000 	/System/Library/PrivateFrameworks/CoreEmoji.framework/Versions/A/CoreEmoji
0x000000000053d000 	/System/Library/Frameworks/ServiceManagement.framework/Versions/A/ServiceManagement
0x000000000053d000 	/usr/lib/libxslt.1.dylib
0x000000000053d000 	/System/Library/Frameworks/Carbon.framework/Versions/A/Frameworks/Ink.framework/Versions/A/Ink
0x000000000053d000 	/System/Library/PrivateFrameworks/TextureIO.framework/Versions/A/TextureIO
0x000000000053d000 	/System/Library/Frameworks/Metal.framework/Versions/A/Metal
0x000000000053d000 	/usr/lib/libate.dylib
0x000000000053d000 	/System/Library/PrivateFrameworks/GPUCompiler.framework/libmetal_timestamp.dylib
0x000000000053d000 	/System/Library/Frameworks/OpenGL.framework/Versions/A/Libraries/libCoreFSCache.dylib
0x000000000053d000 	/System/Library/PrivateFrameworks/IOAccelerator.framework/Versions/A/IOAccelerator
0x000000000053d000 	/System/Library/Frameworks/CoreVideo.framework/Versions/A/CoreVideo
0x000000000053d000 	/usr/lib/libFosl_dynamic.dylib
0x000000000053d000 	/System/Library/PrivateFrameworks/MetalPerformanceShaders.framework/Versions/A/MetalPerformanceShaders
0x000000000053d000 	/System/Library/PrivateFrameworks/FaceCore.framework/Versions/A/FaceCore
0x000000000053d000 	/System/Library/Frameworks/OpenCL.framework/Versions/A/OpenCL
0x000000000053d000 	/System/Library/Frameworks/OpenGL.framework/Versions/A/Libraries/libGLU.dylib
0x000000000053d000 	/System/Library/Frameworks/OpenGL.framework/Versions/A/Libraries/libGFXShared.dylib
0x000000000053d000 	/System/Library/Frameworks/OpenGL.framework/Versions/A/Libraries/libGL.dylib
0x000000000053d000 	/System/Library/Frameworks/OpenGL.framework/Versions/A/Libraries/libGLImage.dylib
0x000000000053d000 	/System/Library/Frameworks/OpenGL.framework/Versions/A/Libraries/libCVMSPluginSupport.dylib
0x000000000053d000 	/System/Library/Frameworks/OpenGL.framework/Versions/A/Libraries/libCoreVMClient.dylib
0x000000000053d000 	/System/Library/PrivateFrameworks/CrashReporterSupport.framework/Versions/A/CrashReporterSupport
0x000000000053d000 	/System/Library/PrivateFrameworks/Sharing.framework/Versions/A/Sharing
0x000000000053d000 	/System/Library/PrivateFrameworks/IconServices.framework/Versions/A/IconServices
0x000000000053d000 	/System/Library/PrivateFrameworks/ProtocolBuffer.framework/Versions/A/ProtocolBuffer
0x000000000053d000 	/System/Library/PrivateFrameworks/Apple80211.framework/Versions/A/Apple80211
0x000000000053d000 	/System/Library/Frameworks/CoreWLAN.framework/Versions/A/CoreWLAN
0x000000000053d000 	/System/Library/PrivateFrameworks/CoreUtils.framework/Versions/A/CoreUtils
0x000000000053d000 	/System/Library/Frameworks/IOBluetooth.framework/Versions/A/IOBluetooth
0x000000000053d000 	/System/Library/PrivateFrameworks/CoreWiFi.framework/Versions/A/CoreWiFi
0x000000000053d000 	/System/Library/Frameworks/CoreBluetooth.framework/Versions/A/CoreBluetooth
0x000000000053d000 	/System/Library/Frameworks/CoreDisplay.framework/Versions/A/CoreDisplay
0x000000000053d000 	/System/Library/PrivateFrameworks/IOPresentment.framework/Versions/A/IOPresentment
0x000000000053d000 	/System/Library/PrivateFrameworks/DebugSymbols.framework/Versions/A/DebugSymbols
0x000000000053d000 	/System/Library/PrivateFrameworks/CoreSymbolication.framework/Versions/A/CoreSymbolication
0x000000000053d000 	/System/Library/PrivateFrameworks/Symbolication.framework/Versions/A/Symbolication
0x000000000053d000 	/System/Library/PrivateFrameworks/AppleFSCompression.framework/Versions/A/AppleFSCompression
0x000000000053d000 	/System/Library/PrivateFrameworks/SpeechRecognitionCore.framework/Versions/A/SpeechRecognitionCore
0x000000000053d000 	/System/Library/PrivateFrameworks/ChunkingLibrary.framework/Versions/A/ChunkingLibrary
0x000000010c000000 	/Library/Java/JavaVirtualMachines/jdk1.8.0_91.jdk/Contents/Home/jre/lib/server/libjvm.dylib
0x000000000053d000 	/usr/lib/libstdc++.6.dylib
0x000000010b65c000 	/Library/Java/JavaVirtualMachines/jdk1.8.0_91.jdk/Contents/Home/jre/lib/libverify.dylib
0x000000010b66a000 	/Library/Java/JavaVirtualMachines/jdk1.8.0_91.jdk/Contents/Home/jre/lib/libjava.dylib
0x000000010b6a9000 	/Library/Java/JavaVirtualMachines/jdk1.8.0_91.jdk/Contents/Home/jre/lib/libzip.dylib
0x000000010f7b5000 	/System/Library/Frameworks/JavaVM.framework/Frameworks/JavaRuntimeSupport.framework/JavaRuntimeSupport
0x000000010f7cf000 	/System/Library/Frameworks/JavaVM.framework/Versions/A/Frameworks/JavaNativeFoundation.framework/Versions/A/JavaNativeFoundation
0x000000010f7e4000 	/System/Library/Frameworks/JavaVM.framework/Versions/A/JavaVM
0x000000000053d000 	/System/Library/Frameworks/Carbon.framework/Versions/A/Carbon
0x000000010b7f4000 	/System/Library/PrivateFrameworks/JavaLaunching.framework/Versions/A/JavaLaunching
0x000000000053d000 	/System/Library/Frameworks/Carbon.framework/Versions/A/Frameworks/CommonPanels.framework/Versions/A/CommonPanels
0x000000000053d000 	/System/Library/Frameworks/Carbon.framework/Versions/A/Frameworks/Help.framework/Versions/A/Help
0x000000000053d000 	/System/Library/Frameworks/Carbon.framework/Versions/A/Frameworks/ImageCapture.framework/Versions/A/ImageCapture
0x000000000053d000 	/System/Library/Frameworks/Carbon.framework/Versions/A/Frameworks/OpenScripting.framework/Versions/A/OpenScripting
0x000000000053d000 	/System/Library/Frameworks/Carbon.framework/Versions/A/Frameworks/Print.framework/Versions/A/Print
0x000000000053d000 	/System/Library/Frameworks/Carbon.framework/Versions/A/Frameworks/SecurityHI.framework/Versions/A/SecurityHI
0x000000011112d000 	/Users/Angelo/Desktop/ProjetHex/ProjetS4BEGGIFOUDINEMMADI/code/lib/libInterfaceAvecC.dylib

VM Arguments:
java_command: JeuHex
java_class_path (initial): .
Launcher Type: SUN_STANDARD

Environment Variables:
PATH=/usr/local/bin:/usr/bin:/bin:/usr/sbin:/sbin:/opt/X11/bin:/usr/local/share/dotnet
SHELL=/bin/zsh
DISPLAY=/private/tmp/com.apple.launchd.54UjxjMbBX/org.macosforge.xquartz:0

Signal Handlers:
SIGSEGV: [libjvm.dylib+0x5a97a1], sa_mask[0]=11111111011111110111111111111111, sa_flags=SA_ONSTACK|SA_RESTART|SA_SIGINFO
SIGBUS: [libjvm.dylib+0x5a97a1], sa_mask[0]=11111111011111110111111111111111, sa_flags=SA_RESTART|SA_SIGINFO
SIGFPE: [libjvm.dylib+0x482594], sa_mask[0]=11111111011111110111111111111111, sa_flags=SA_RESTART|SA_SIGINFO
SIGPIPE: [libjvm.dylib+0x482594], sa_mask[0]=11111111011111110111111111111111, sa_flags=SA_RESTART|SA_SIGINFO
SIGXFSZ: [libjvm.dylib+0x482594], sa_mask[0]=11111111011111110111111111111111, sa_flags=SA_RESTART|SA_SIGINFO
SIGILL: [libjvm.dylib+0x482594], sa_mask[0]=11111111011111110111111111111111, sa_flags=SA_RESTART|SA_SIGINFO
SIGUSR1: SIG_DFL, sa_mask[0]=00000000000000000000000000000000, sa_flags=SA_RESTART
SIGUSR2: [libjvm.dylib+0x4820b2], sa_mask[0]=00000000000000000000000000000000, sa_flags=SA_RESTART|SA_SIGINFO
SIGHUP: [libjvm.dylib+0x480689], sa_mask[0]=11111111011111110111111111111111, sa_flags=SA_RESTART|SA_SIGINFO
SIGINT: [libjvm.dylib+0x480689], sa_mask[0]=11111111011111110111111111111111, sa_flags=SA_RESTART|SA_SIGINFO
SIGTERM: [libjvm.dylib+0x480689], sa_mask[0]=11111111011111110111111111111111, sa_flags=SA_RESTART|SA_SIGINFO
SIGQUIT: [libjvm.dylib+0x480689], sa_mask[0]=11111111011111110111111111111111, sa_flags=SA_RESTART|SA_SIGINFO


---------------  S Y S T E M  ---------------

OS:Bsduname:Darwin 16.3.0 Darwin Kernel Version 16.3.0: Thu Nov 17 20:23:58 PST 2016; root:xnu-3789.31.2~1/RELEASE_X86_64 x86_64
rlimit: STACK 8192k, CORE 0k, NPROC 709, NOFILE 10240, AS infinity
load average:1.22 1.38 1.36

CPU:total 4 (2 cores per cpu, 2 threads per core) family 6 model 61 stepping 4, cmov, cx8, fxsr, mmx, sse, sse2, sse3, ssse3, sse4.1, sse4.2, popcnt, avx, avx2, aes, clmul, erms, 3dnowpref, lzcnt, ht, tsc, tscinvbit, bmi1, bmi2, adx

Memory: 4k page, physical 8388608k(84804k free)

/proc/meminfo:


vm_info: Java HotSpot(TM) 64-Bit Server VM (25.91-b14) for bsd-amd64 JRE (1.8.0_91-b14), built on Apr  1 2016 01:03:00 by "java_re" with gcc 4.2.1 (Based on Apple Inc. build 5658) (LLVM build 2336.11.00)

time: Fri May 12 17:20:55 2017
elapsed time: 3 seconds (0d 0h 0m 3s)

