#
# A fatal error has been detected by the Java Runtime Environment:
#
#  SIGBUS (0xa) at pc=0x0000000126163546, pid=3154, tid=7171
#
# JRE version: Java(TM) SE Runtime Environment (8.0_91-b14) (build 1.8.0_91-b14)
# Java VM: Java HotSpot(TM) 64-Bit Server VM (25.91-b14 mixed mode bsd-amd64 compressed oops)
# Problematic frame:
# C  [libInterfaceAvecC.dylib+0x2546]  saveBoardFile+0x3c6
#
# Failed to write core dump. Core dumps have been disabled. To enable core dumping, try "ulimit -c unlimited" before starting Java again
#
# If you would like to submit a bug report, please visit:
#   http://bugreport.java.com/bugreport/crash.jsp
# The crash happened outside the Java Virtual Machine in native code.
# See problematic frame for where to report the bug.
#

---------------  T H R E A D  ---------------

Current thread (0x00007ff444002000):  JavaThread "main" [_thread_in_native, id=7171, stack(0x000070000fb34000,0x000070000fc34000)]

siginfo: si_signo: 10 (SIGBUS), si_code: 2 (BUS_ADRERR), si_addr: 0x000070000fc36000

Registers:
RAX=0x0000000000000ad0, RBX=0x00000001232e4de0, RCX=0x0000000000000ad0, RDX=0x000070000fc334c0
RSP=0x000070000fc33220, RBP=0x000070000fc332c0, RSI=0x0000000126163e99, RDI=0x00007fffaf8341e0
R8 =0x0000000000000040, R9 =0x00007fffaf8334a0, R10=0xffffffffffffffff, R11=0x0000000000012068
R12=0x0000000000000000, R13=0x00000001232e4de0, R14=0x000070000fc337f0, R15=0x00007ff444002000
RIP=0x0000000126163546, EFLAGS=0x0000000000010212, ERR=0x0000000000000004
  TRAPNO=0x000000000000000e

Top of Stack: (sp=0x000070000fc33220)
0x000070000fc33220:   0000000000000000 000000079579c890
0x000070000fc33230:   0000000c0000000c 0000000100000017
0x000070000fc33240:   01007ff444002000 0000000600000033
0x000070000fc33250:   000000140000000b 0000000200000002
0x000070000fc33260:   0000000700000001 0000000500000008
0x000070000fc33270:   0000000000000007 00000acf00000ad1
0x000070000fc33280:   0000007900000000 310000000000000b
0x000070000fc33290:   0000007c00000031 00007fffaf8341e0
0x000070000fc332a0:   000070000fc332d0 000070000fc334c0
0x000070000fc332b0:   00007ff44242dc80 00007ff44242dc60
0x000070000fc332c0:   000070000fc33740 0000000126161c9d
0x000070000fc332d0:   0000000000000006 0000000100000000
0x000070000fc332e0:   0000000800000008 0000000000000000
0x000070000fc332f0:   0000000000000000 0000000000000000
0x000070000fc33300:   0000000000000000 0000000000000000
0x000070000fc33310:   0000000000000000 0000000000000000
0x000070000fc33320:   0000000000000000 0000000000000000
0x000070000fc33330:   0000000000000000 0000000000000000
0x000070000fc33340:   0000000000000000 0000000000000000
0x000070000fc33350:   0000000000000000 0000000000000000
0x000070000fc33360:   0000000000000000 0000000000000000
0x000070000fc33370:   0000000000000000 0000000000000000
0x000070000fc33380:   0000000000000000 0000000000000000
0x000070000fc33390:   0000000000000000 0000000000000000
0x000070000fc333a0:   0000000000000000 0000000000000000
0x000070000fc333b0:   0000000000000000 0000000000000000
0x000070000fc333c0:   0000000000000000 0000000000000000
0x000070000fc333d0:   0000000000000000 0000000000000000
0x000070000fc333e0:   0000000000000000 0000000000000000
0x000070000fc333f0:   0000000000000000 0000000000000000
0x000070000fc33400:   0000000000000000 0000000000000000
0x000070000fc33410:   0000000000000000 0000000000000000 

Instructions: (pc=0x0000000126163546)
0x0000000126163526:   3b 01 0f 84 42 00 00 00 48 8d 35 64 09 00 00 48
0x0000000126163536:   8b 7d d8 8b 45 bc 83 c0 01 48 63 c8 48 8b 55 e8
0x0000000126163546:   8b 14 8a 8b 45 bc 83 c0 02 48 63 c8 4c 8b 45 e8
0x0000000126163556:   41 8b 0c 88 b0 00 e8 09 07 00 00 8b 4d bc 83 c1 

Register to memory mapping:

RAX=0x0000000000000ad0 is an unknown value
RBX={method} {0x00000001232e4de0} 'nativeSaveGame' '(Ljava/lang/String;Ljava/lang/String;[I[I)V' in 'InterfaceAvecC'
RCX=0x0000000000000ad0 is an unknown value
RDX=0x000070000fc334c0 is pointing into the stack for thread: 0x00007ff444002000
RSP=0x000070000fc33220 is pointing into the stack for thread: 0x00007ff444002000
RBP=0x000070000fc332c0 is pointing into the stack for thread: 0x00007ff444002000
RSI=0x0000000126163e99: createPiece+0x339 in /Users/Angelo/Desktop/ProjetHex/ProjetS4BEGGIFOUDINEMMADI/code/lib/libInterfaceAvecC.dylib at 0x0000000126161000
RDI=0x00007fffaf8341e0: usual+0x130 in /usr/lib/system/libsystem_c.dylib at 0x00007fffa696f000
R8 =0x0000000000000040 is an unknown value
R9 =0x00007fffaf8334a0: usual_extra+0x1c0 in /usr/lib/system/libsystem_c.dylib at 0x00007fffa696f000
R10=0xffffffffffffffff is an unknown value
R11=0x0000000000012068 is an unknown value
R12=0x0000000000000000 is an unknown value
R13={method} {0x00000001232e4de0} 'nativeSaveGame' '(Ljava/lang/String;Ljava/lang/String;[I[I)V' in 'InterfaceAvecC'
R14=0x000070000fc337f0 is pointing into the stack for thread: 0x00007ff444002000
R15=0x00007ff444002000 is a thread


Stack: [0x000070000fb34000,0x000070000fc34000],  sp=0x000070000fc33220,  free space=1020k
Native frames: (J=compiled Java code, j=interpreted, Vv=VM code, C=native code)
C  [libInterfaceAvecC.dylib+0x2546]  saveBoardFile+0x3c6
C  [libInterfaceAvecC.dylib+0xc9d]  Java_InterfaceAvecC_nativeSaveGame+0x1dd
j  InterfaceAvecC.nativeSaveGame(Ljava/lang/String;Ljava/lang/String;[I[I)V+0
j  JeuHex.saveGameAndPlayer(Ljava/lang/String;Ljava/lang/String;)V+98
j  JeuHex.quitMenu()V+182
j  JeuHex.main([Ljava/lang/String;)V+37
v  ~StubRoutines::call_stub
V  [libjvm.dylib+0x2ec1e6]
V  [libjvm.dylib+0x322fbe]
V  [libjvm.dylib+0x31bd35]
C  [java+0x393e]  JavaMain+0x9b1
C  [libsystem_pthread.dylib+0x39af]  _pthread_body+0xb4
C  [libsystem_pthread.dylib+0x38fb]  _pthread_body+0x0
C  [libsystem_pthread.dylib+0x3101]  thread_start+0xd
C  0x0000000000000000

Java frames: (J=compiled Java code, j=interpreted, Vv=VM code)
j  InterfaceAvecC.nativeSaveGame(Ljava/lang/String;Ljava/lang/String;[I[I)V+0
j  JeuHex.saveGameAndPlayer(Ljava/lang/String;Ljava/lang/String;)V+98
j  JeuHex.quitMenu()V+182
j  JeuHex.main([Ljava/lang/String;)V+37
v  ~StubRoutines::call_stub

---------------  P R O C E S S  ---------------

Java Threads: ( => current thread )
  0x00007ff444090000 JavaThread "Service Thread" daemon [_thread_blocked, id=18435, stack(0x0000700010758000,0x0000700010858000)]
  0x00007ff444068000 JavaThread "C1 CompilerThread2" daemon [_thread_blocked, id=17923, stack(0x0000700010655000,0x0000700010755000)]
  0x00007ff444031000 JavaThread "C2 CompilerThread1" daemon [_thread_blocked, id=17411, stack(0x0000700010552000,0x0000700010652000)]
  0x00007ff444067000 JavaThread "C2 CompilerThread0" daemon [_thread_blocked, id=16899, stack(0x000070001044f000,0x000070001054f000)]
  0x00007ff44405a000 JavaThread "Signal Dispatcher" daemon [_thread_blocked, id=16387, stack(0x000070001034c000,0x000070001044c000)]
  0x00007ff444020800 JavaThread "Finalizer" daemon [_thread_blocked, id=12547, stack(0x0000700010249000,0x0000700010349000)]
  0x00007ff44401e000 JavaThread "Reference Handler" daemon [_thread_blocked, id=12035, stack(0x0000700010146000,0x0000700010246000)]
=>0x00007ff444002000 JavaThread "main" [_thread_in_native, id=7171, stack(0x000070000fb34000,0x000070000fc34000)]

Other Threads:
  0x00007ff444019000 VMThread [stack: 0x0000700010043000,0x0000700010143000] [id=11523]
  0x00007ff44302c800 WatcherThread [stack: 0x000070001085b000,0x000070001095b000] [id=18947]

VM state:not at safepoint (normal execution)

VM Mutex/Monitor currently owned by a thread: None

Heap:
 PSYoungGen      total 38400K, used 2662K [0x0000000795580000, 0x0000000798000000, 0x00000007c0000000)
  eden space 33280K, 8% used [0x0000000795580000,0x00000007958199f8,0x0000000797600000)
  from space 5120K, 0% used [0x0000000797b00000,0x0000000797b00000,0x0000000798000000)
  to   space 5120K, 0% used [0x0000000797600000,0x0000000797600000,0x0000000797b00000)
 ParOldGen       total 87552K, used 0K [0x0000000740000000, 0x0000000745580000, 0x0000000795580000)
  object space 87552K, 0% used [0x0000000740000000,0x0000000740000000,0x0000000745580000)
 Metaspace       used 3409K, capacity 4566K, committed 4864K, reserved 1056768K
  class space    used 385K, capacity 390K, committed 512K, reserved 1048576K

Card table byte_map: [0x000000011e433000,0x000000011e834000] byte_map_base: 0x000000011aa33000

Marking Bits: (ParMarkBitMap*) 0x000000010e9c5eb0
 Begin Bits: [0x000000011eadf000, 0x0000000120adf000)
 End Bits:   [0x0000000120adf000, 0x0000000122adf000)

Polling page: 0x000000010d58e000

CodeCache: size=245760Kb used=1324Kb max_used=1324Kb free=244435Kb
 bounds [0x000000010f073000, 0x000000010f2e3000, 0x000000011e073000]
 total_blobs=374 nmethods=134 adapters=154
 compilation: enabled

Compilation events (10 events):
Event: 9.404 Thread 0x00007ff444068000  131       3       java.util.regex.ASCII::isAscii (13 bytes)
Event: 9.404 Thread 0x00007ff444068000 nmethod 131 0x000000010f1bd550 code [0x000000010f1bd6c0, 0x000000010f1bd850]
Event: 9.404 Thread 0x00007ff444068000  133       3       java.lang.Character::isBmpCodePoint (13 bytes)
Event: 9.404 Thread 0x00007ff444068000 nmethod 133 0x000000010f1bd8d0 code [0x000000010f1bda40, 0x000000010f1bdbd0]
Event: 9.404 Thread 0x00007ff444068000  129       3       java.io.FileOutputStream::write (12 bytes)
Event: 9.404 Thread 0x00007ff444068000 nmethod 129 0x000000010f1bdc50 code [0x000000010f1bddc0, 0x000000010f1bdf48]
Event: 9.404 Thread 0x00007ff444068000  130       3       java.nio.Buffer::clear (20 bytes)
Event: 9.405 Thread 0x00007ff444068000 nmethod 130 0x000000010f1be010 code [0x000000010f1be160, 0x000000010f1be2d0]
Event: 30.613 Thread 0x00007ff444068000  134       3       java.nio.CharBuffer::<init> (22 bytes)
Event: 30.614 Thread 0x00007ff444068000 nmethod 134 0x000000010f1be350 code [0x000000010f1be4c0, 0x000000010f1be688]

GC Heap History (0 events):
No events

Deoptimization events (0 events):
No events

Internal exceptions (10 events):
Event: 0.089 Thread 0x00007ff444002000 Exception <a 'java/util/zip/ZipException'> (0x00000007956cd030) thrown at [/Users/java_re/workspace/8-2-build-macosx-x86_64/jdk8u91/6644/hotspot/src/share/vm/prims/jni.cpp, line 709]
Event: 0.089 Thread 0x00007ff444002000 Exception <a 'java/security/PrivilegedActionException'> (0x00000007956cd238) thrown at [/Users/java_re/workspace/8-2-build-macosx-x86_64/jdk8u91/6644/hotspot/src/share/vm/prims/jvm.cpp, line 1386]
Event: 0.089 Thread 0x00007ff444002000 Exception <a 'java/security/PrivilegedActionException'> (0x00000007956cd448) thrown at [/Users/java_re/workspace/8-2-build-macosx-x86_64/jdk8u91/6644/hotspot/src/share/vm/prims/jvm.cpp, line 1386]
Event: 0.091 Thread 0x00007ff444002000 Exception <a 'java/util/zip/ZipException'> (0x00000007956dec08) thrown at [/Users/java_re/workspace/8-2-build-macosx-x86_64/jdk8u91/6644/hotspot/src/share/vm/prims/jni.cpp, line 709]
Event: 0.091 Thread 0x00007ff444002000 Exception <a 'java/security/PrivilegedActionException'> (0x00000007956dee10) thrown at [/Users/java_re/workspace/8-2-build-macosx-x86_64/jdk8u91/6644/hotspot/src/share/vm/prims/jvm.cpp, line 1386]
Event: 0.091 Thread 0x00007ff444002000 Exception <a 'java/security/PrivilegedActionException'> (0x00000007956df020) thrown at [/Users/java_re/workspace/8-2-build-macosx-x86_64/jdk8u91/6644/hotspot/src/share/vm/prims/jvm.cpp, line 1386]
Event: 0.102 Thread 0x00007ff444002000 Exception <a 'java/security/PrivilegedActionException'> (0x0000000795716840) thrown at [/Users/java_re/workspace/8-2-build-macosx-x86_64/jdk8u91/6644/hotspot/src/share/vm/prims/jvm.cpp, line 1386]
Event: 0.102 Thread 0x00007ff444002000 Exception <a 'java/security/PrivilegedActionException'> (0x0000000795716a50) thrown at [/Users/java_re/workspace/8-2-build-macosx-x86_64/jdk8u91/6644/hotspot/src/share/vm/prims/jvm.cpp, line 1386]
Event: 0.103 Thread 0x00007ff444002000 Exception <a 'java/security/PrivilegedActionException'> (0x0000000795719ed8) thrown at [/Users/java_re/workspace/8-2-build-macosx-x86_64/jdk8u91/6644/hotspot/src/share/vm/prims/jvm.cpp, line 1386]
Event: 0.103 Thread 0x00007ff444002000 Exception <a 'java/security/PrivilegedActionException'> (0x000000079571a0e8) thrown at [/Users/java_re/workspace/8-2-build-macosx-x86_64/jdk8u91/6644/hotspot/src/share/vm/prims/jvm.cpp, line 1386]

Events (10 events):
Event: 1.110 loading class java/util/regex/ASCII
Event: 1.110 loading class java/util/regex/ASCII done
Event: 1.110 loading class java/util/regex/Pattern$Ques
Event: 1.110 loading class java/util/regex/Pattern$Ques done
Event: 1.110 loading class java/util/regex/Pattern$Loop
Event: 1.110 loading class java/util/regex/Pattern$Loop done
Event: 1.110 loading class java/util/regex/Pattern$Prolog
Event: 1.110 loading class java/util/regex/Pattern$Prolog done
Event: 4.099 Executing VM operation: EnableBiasedLocking
Event: 4.099 Executing VM operation: EnableBiasedLocking done


Dynamic libraries:
0x000000001bddc000 	/System/Library/Frameworks/Cocoa.framework/Versions/A/Cocoa
0x000000001bddc000 	/System/Library/Frameworks/Security.framework/Versions/A/Security
0x000000001bddc000 	/System/Library/Frameworks/ApplicationServices.framework/Versions/A/ApplicationServices
0x000000001bddc000 	/usr/lib/libz.1.dylib
0x000000001bddc000 	/usr/lib/libSystem.B.dylib
0x000000001bddc000 	/usr/lib/libobjc.A.dylib
0x000000001bddc000 	/System/Library/Frameworks/CoreFoundation.framework/Versions/A/CoreFoundation
0x000000001bddc000 	/System/Library/Frameworks/Foundation.framework/Versions/C/Foundation
0x000000001bddc000 	/System/Library/Frameworks/AppKit.framework/Versions/C/AppKit
0x000000001bddc000 	/System/Library/Frameworks/CoreData.framework/Versions/A/CoreData
0x000000001bddc000 	/System/Library/PrivateFrameworks/RemoteViewServices.framework/Versions/A/RemoteViewServices
0x000000001bddc000 	/System/Library/PrivateFrameworks/UIFoundation.framework/Versions/A/UIFoundation
0x000000001bddc000 	/System/Library/PrivateFrameworks/DFRFoundation.framework/Versions/A/DFRFoundation
0x000000001bddc000 	/usr/lib/libenergytrace.dylib
0x000000001bddc000 	/System/Library/PrivateFrameworks/SkyLight.framework/Versions/A/SkyLight
0x000000001bddc000 	/System/Library/Frameworks/CoreGraphics.framework/Versions/A/CoreGraphics
0x000000001bddc000 	/usr/lib/libScreenReader.dylib
0x000000001bddc000 	/System/Library/Frameworks/Accelerate.framework/Versions/A/Accelerate
0x000000001bddc000 	/System/Library/Frameworks/IOSurface.framework/Versions/A/IOSurface
0x000000001bddc000 	/System/Library/Frameworks/AudioToolbox.framework/Versions/A/AudioToolbox
0x000000001bddc000 	/System/Library/Frameworks/AudioUnit.framework/Versions/A/AudioUnit
0x000000001bddc000 	/System/Library/PrivateFrameworks/DataDetectorsCore.framework/Versions/A/DataDetectorsCore
0x000000001bddc000 	/System/Library/PrivateFrameworks/DesktopServicesPriv.framework/Versions/A/DesktopServicesPriv
0x000000001bddc000 	/System/Library/Frameworks/Carbon.framework/Versions/A/Frameworks/HIToolbox.framework/Versions/A/HIToolbox
0x000000001bddc000 	/usr/lib/libicucore.A.dylib
0x000000001bddc000 	/System/Library/Frameworks/QuartzCore.framework/Versions/A/QuartzCore
0x000000001bddc000 	/System/Library/Frameworks/Carbon.framework/Versions/A/Frameworks/SpeechRecognition.framework/Versions/A/SpeechRecognition
0x000000001bddc000 	/usr/lib/libauto.dylib
0x000000001bddc000 	/usr/lib/libxml2.2.dylib
0x000000001bddc000 	/System/Library/PrivateFrameworks/CoreUI.framework/Versions/A/CoreUI
0x000000001bddc000 	/System/Library/Frameworks/CoreAudio.framework/Versions/A/CoreAudio
0x000000001bddc000 	/System/Library/Frameworks/DiskArbitration.framework/Versions/A/DiskArbitration
0x000000001bddc000 	/usr/lib/liblangid.dylib
0x000000001bddc000 	/System/Library/PrivateFrameworks/MultitouchSupport.framework/Versions/A/MultitouchSupport
0x000000001bddc000 	/System/Library/Frameworks/IOKit.framework/Versions/A/IOKit
0x000000001bddc000 	/usr/lib/libDiagnosticMessagesClient.dylib
0x000000001bddc000 	/System/Library/Frameworks/CoreServices.framework/Versions/A/CoreServices
0x000000001bddc000 	/System/Library/PrivateFrameworks/PerformanceAnalysis.framework/Versions/A/PerformanceAnalysis
0x000000001bddc000 	/System/Library/PrivateFrameworks/GenerationalStorage.framework/Versions/A/GenerationalStorage
0x000000001bddc000 	/System/Library/Frameworks/OpenGL.framework/Versions/A/OpenGL
0x000000001bddc000 	/System/Library/Frameworks/CoreImage.framework/Versions/A/CoreImage
0x000000001bddc000 	/System/Library/Frameworks/CoreText.framework/Versions/A/CoreText
0x000000001bddc000 	/System/Library/Frameworks/ImageIO.framework/Versions/A/ImageIO
0x000000001bddc000 	/System/Library/PrivateFrameworks/Backup.framework/Versions/A/Backup
0x000000001bddc000 	/usr/lib/libarchive.2.dylib
0x000000001bddc000 	/System/Library/Frameworks/CFNetwork.framework/Versions/A/CFNetwork
0x000000001bddc000 	/System/Library/Frameworks/SystemConfiguration.framework/Versions/A/SystemConfiguration
0x000000001bddc000 	/usr/lib/libCRFSuite.dylib
0x000000001bddc000 	/usr/lib/libc++.1.dylib
0x000000001bddc000 	/usr/lib/libc++abi.dylib
0x000000001bddc000 	/usr/lib/system/libcache.dylib
0x000000001bddc000 	/usr/lib/system/libcommonCrypto.dylib
0x000000001bddc000 	/usr/lib/system/libcompiler_rt.dylib
0x000000001bddc000 	/usr/lib/system/libcopyfile.dylib
0x000000001bddc000 	/usr/lib/system/libcorecrypto.dylib
0x000000001bddc000 	/usr/lib/system/libdispatch.dylib
0x000000001bddc000 	/usr/lib/system/libdyld.dylib
0x000000001bddc000 	/usr/lib/system/libkeymgr.dylib
0x000000001bddc000 	/usr/lib/system/liblaunch.dylib
0x000000001bddc000 	/usr/lib/system/libmacho.dylib
0x000000001bddc000 	/usr/lib/system/libquarantine.dylib
0x000000001bddc000 	/usr/lib/system/libremovefile.dylib
0x000000001bddc000 	/usr/lib/system/libsystem_asl.dylib
0x000000001bddc000 	/usr/lib/system/libsystem_blocks.dylib
0x000000001bddc000 	/usr/lib/system/libsystem_c.dylib
0x000000001bddc000 	/usr/lib/system/libsystem_configuration.dylib
0x000000001bddc000 	/usr/lib/system/libsystem_coreservices.dylib
0x000000001bddc000 	/usr/lib/system/libsystem_coretls.dylib
0x000000001bddc000 	/usr/lib/system/libsystem_dnssd.dylib
0x000000001bddc000 	/usr/lib/system/libsystem_info.dylib
0x000000001bddc000 	/usr/lib/system/libsystem_kernel.dylib
0x000000001bddc000 	/usr/lib/system/libsystem_m.dylib
0x000000001bddc000 	/usr/lib/system/libsystem_malloc.dylib
0x000000001bddc000 	/usr/lib/system/libsystem_network.dylib
0x000000001bddc000 	/usr/lib/system/libsystem_networkextension.dylib
0x000000001bddc000 	/usr/lib/system/libsystem_notify.dylib
0x000000001bddc000 	/usr/lib/system/libsystem_platform.dylib
0x000000001bddc000 	/usr/lib/system/libsystem_pthread.dylib
0x000000001bddc000 	/usr/lib/system/libsystem_sandbox.dylib
0x000000001bddc000 	/usr/lib/system/libsystem_secinit.dylib
0x000000001bddc000 	/usr/lib/system/libsystem_symptoms.dylib
0x000000001bddc000 	/usr/lib/system/libsystem_trace.dylib
0x000000001bddc000 	/usr/lib/system/libunwind.dylib
0x000000001bddc000 	/usr/lib/system/libxpc.dylib
0x000000001bddc000 	/usr/lib/libbsm.0.dylib
0x000000001bddc000 	/usr/lib/system/libkxld.dylib
0x000000001bddc000 	/usr/lib/libcoretls.dylib
0x000000001bddc000 	/usr/lib/libcoretls_cfhelpers.dylib
0x000000001bddc000 	/usr/lib/libOpenScriptingUtil.dylib
0x000000001bddc000 	/usr/lib/libpam.2.dylib
0x000000001bddc000 	/usr/lib/libsqlite3.dylib
0x000000001bddc000 	/usr/lib/libxar.1.dylib
0x000000001bddc000 	/usr/lib/libbz2.1.0.dylib
0x000000001bddc000 	/usr/lib/liblzma.5.dylib
0x000000001bddc000 	/usr/lib/libnetwork.dylib
0x000000001bddc000 	/usr/lib/libpcap.A.dylib
0x000000001bddc000 	/System/Library/Frameworks/CoreServices.framework/Versions/A/Frameworks/FSEvents.framework/Versions/A/FSEvents
0x000000001bddc000 	/System/Library/Frameworks/CoreServices.framework/Versions/A/Frameworks/CarbonCore.framework/Versions/A/CarbonCore
0x000000001bddc000 	/System/Library/Frameworks/CoreServices.framework/Versions/A/Frameworks/Metadata.framework/Versions/A/Metadata
0x000000001bddc000 	/System/Library/Frameworks/CoreServices.framework/Versions/A/Frameworks/OSServices.framework/Versions/A/OSServices
0x000000001bddc000 	/System/Library/Frameworks/CoreServices.framework/Versions/A/Frameworks/SearchKit.framework/Versions/A/SearchKit
0x000000001bddc000 	/System/Library/Frameworks/CoreServices.framework/Versions/A/Frameworks/AE.framework/Versions/A/AE
0x000000001bddc000 	/System/Library/Frameworks/CoreServices.framework/Versions/A/Frameworks/LaunchServices.framework/Versions/A/LaunchServices
0x000000001bddc000 	/System/Library/Frameworks/CoreServices.framework/Versions/A/Frameworks/DictionaryServices.framework/Versions/A/DictionaryServices
0x000000001bddc000 	/System/Library/Frameworks/CoreServices.framework/Versions/A/Frameworks/SharedFileList.framework/Versions/A/SharedFileList
0x000000001bddc000 	/System/Library/Frameworks/NetFS.framework/Versions/A/NetFS
0x000000001bddc000 	/System/Library/PrivateFrameworks/NetAuth.framework/Versions/A/NetAuth
0x000000001bddc000 	/System/Library/PrivateFrameworks/login.framework/Versions/A/Frameworks/loginsupport.framework/Versions/A/loginsupport
0x000000001bddc000 	/System/Library/PrivateFrameworks/TCC.framework/Versions/A/TCC
0x000000001bddc000 	/usr/lib/libmecabra.dylib
0x000000001bddc000 	/System/Library/Frameworks/ApplicationServices.framework/Versions/A/Frameworks/ATS.framework/Versions/A/ATS
0x000000001bddc000 	/System/Library/Frameworks/ApplicationServices.framework/Versions/A/Frameworks/ColorSync.framework/Versions/A/ColorSync
0x000000001bddc000 	/System/Library/Frameworks/ApplicationServices.framework/Versions/A/Frameworks/HIServices.framework/Versions/A/HIServices
0x000000001bddc000 	/System/Library/Frameworks/ApplicationServices.framework/Versions/A/Frameworks/LangAnalysis.framework/Versions/A/LangAnalysis
0x000000001bddc000 	/System/Library/Frameworks/ApplicationServices.framework/Versions/A/Frameworks/PrintCore.framework/Versions/A/PrintCore
0x000000001bddc000 	/System/Library/Frameworks/ApplicationServices.framework/Versions/A/Frameworks/QD.framework/Versions/A/QD
0x000000001bddc000 	/System/Library/Frameworks/ApplicationServices.framework/Versions/A/Frameworks/SpeechSynthesis.framework/Versions/A/SpeechSynthesis
0x000000001bddc000 	/System/Library/Frameworks/Accelerate.framework/Versions/A/Frameworks/vImage.framework/Versions/A/vImage
0x000000001bddc000 	/System/Library/Frameworks/Accelerate.framework/Versions/A/Frameworks/vecLib.framework/Versions/A/vecLib
0x000000001bddc000 	/System/Library/Frameworks/Accelerate.framework/Versions/A/Frameworks/vecLib.framework/Versions/A/libvDSP.dylib
0x000000001bddc000 	/System/Library/Frameworks/Accelerate.framework/Versions/A/Frameworks/vecLib.framework/Versions/A/libBNNS.dylib
0x000000001bddc000 	/System/Library/Frameworks/Accelerate.framework/Versions/A/Frameworks/vecLib.framework/Versions/A/libQuadrature.dylib
0x000000001bddc000 	/System/Library/Frameworks/Accelerate.framework/Versions/A/Frameworks/vecLib.framework/Versions/A/libvMisc.dylib
0x000000001bddc000 	/System/Library/Frameworks/Accelerate.framework/Versions/A/Frameworks/vecLib.framework/Versions/A/libLAPACK.dylib
0x000000001bddc000 	/System/Library/Frameworks/Accelerate.framework/Versions/A/Frameworks/vecLib.framework/Versions/A/libBLAS.dylib
0x000000001bddc000 	/System/Library/Frameworks/Accelerate.framework/Versions/A/Frameworks/vecLib.framework/Versions/A/libLinearAlgebra.dylib
0x000000001bddc000 	/System/Library/Frameworks/Accelerate.framework/Versions/A/Frameworks/vecLib.framework/Versions/A/libSparseBLAS.dylib
0x000000001bddc000 	/System/Library/Frameworks/ApplicationServices.framework/Versions/A/Frameworks/ATS.framework/Versions/A/Resources/libFontParser.dylib
0x000000001bddc000 	/System/Library/Frameworks/ApplicationServices.framework/Versions/A/Frameworks/ATS.framework/Versions/A/Resources/libFontRegistry.dylib
0x000000001bddc000 	/System/Library/Frameworks/ImageIO.framework/Versions/A/Resources/libJPEG.dylib
0x000000001bddc000 	/System/Library/Frameworks/ImageIO.framework/Versions/A/Resources/libTIFF.dylib
0x000000001bddc000 	/System/Library/Frameworks/ImageIO.framework/Versions/A/Resources/libPng.dylib
0x000000001bddc000 	/System/Library/Frameworks/ImageIO.framework/Versions/A/Resources/libGIF.dylib
0x000000001bddc000 	/System/Library/Frameworks/ImageIO.framework/Versions/A/Resources/libJP2.dylib
0x000000001bddc000 	/System/Library/Frameworks/ImageIO.framework/Versions/A/Resources/libRadiance.dylib
0x000000001bddc000 	/usr/lib/libcompression.dylib
0x000000001bddc000 	/System/Library/PrivateFrameworks/AppleJPEG.framework/Versions/A/AppleJPEG
0x000000001bddc000 	/usr/lib/libcups.2.dylib
0x000000001bddc000 	/System/Library/Frameworks/Kerberos.framework/Versions/A/Kerberos
0x000000001bddc000 	/System/Library/Frameworks/GSS.framework/Versions/A/GSS
0x000000001bddc000 	/usr/lib/libresolv.9.dylib
0x000000001bddc000 	/usr/lib/libiconv.2.dylib
0x000000001bddc000 	/System/Library/PrivateFrameworks/Heimdal.framework/Versions/A/Heimdal
0x000000001bddc000 	/usr/lib/libheimdal-asn1.dylib
0x000000001bddc000 	/System/Library/Frameworks/OpenDirectory.framework/Versions/A/OpenDirectory
0x000000001bddc000 	/System/Library/PrivateFrameworks/CommonAuth.framework/Versions/A/CommonAuth
0x000000001bddc000 	/System/Library/Frameworks/OpenDirectory.framework/Versions/A/Frameworks/CFOpenDirectory.framework/Versions/A/CFOpenDirectory
0x000000001bddc000 	/System/Library/Frameworks/SecurityFoundation.framework/Versions/A/SecurityFoundation
0x000000001bddc000 	/System/Library/PrivateFrameworks/LanguageModeling.framework/Versions/A/LanguageModeling
0x000000001bddc000 	/usr/lib/libmarisa.dylib
0x000000001bddc000 	/usr/lib/libChineseTokenizer.dylib
0x000000001bddc000 	/usr/lib/libcmph.dylib
0x000000001bddc000 	/System/Library/PrivateFrameworks/CoreEmoji.framework/Versions/A/CoreEmoji
0x000000001bddc000 	/System/Library/Frameworks/ServiceManagement.framework/Versions/A/ServiceManagement
0x000000001bddc000 	/usr/lib/libxslt.1.dylib
0x000000001bddc000 	/System/Library/Frameworks/Carbon.framework/Versions/A/Frameworks/Ink.framework/Versions/A/Ink
0x000000001bddc000 	/System/Library/PrivateFrameworks/TextureIO.framework/Versions/A/TextureIO
0x000000001bddc000 	/System/Library/Frameworks/Metal.framework/Versions/A/Metal
0x000000001bddc000 	/usr/lib/libate.dylib
0x000000001bddc000 	/System/Library/PrivateFrameworks/GPUCompiler.framework/libmetal_timestamp.dylib
0x000000001bddc000 	/System/Library/Frameworks/OpenGL.framework/Versions/A/Libraries/libCoreFSCache.dylib
0x000000001bddc000 	/System/Library/PrivateFrameworks/IOAccelerator.framework/Versions/A/IOAccelerator
0x000000001bddc000 	/System/Library/Frameworks/CoreVideo.framework/Versions/A/CoreVideo
0x000000001bddc000 	/usr/lib/libFosl_dynamic.dylib
0x000000001bddc000 	/System/Library/PrivateFrameworks/MetalPerformanceShaders.framework/Versions/A/MetalPerformanceShaders
0x000000001bddc000 	/System/Library/PrivateFrameworks/FaceCore.framework/Versions/A/FaceCore
0x000000001bddc000 	/System/Library/Frameworks/OpenCL.framework/Versions/A/OpenCL
0x000000001bddc000 	/System/Library/Frameworks/OpenGL.framework/Versions/A/Libraries/libGLU.dylib
0x000000001bddc000 	/System/Library/Frameworks/OpenGL.framework/Versions/A/Libraries/libGFXShared.dylib
0x000000001bddc000 	/System/Library/Frameworks/OpenGL.framework/Versions/A/Libraries/libGL.dylib
0x000000001bddc000 	/System/Library/Frameworks/OpenGL.framework/Versions/A/Libraries/libGLImage.dylib
0x000000001bddc000 	/System/Library/Frameworks/OpenGL.framework/Versions/A/Libraries/libCVMSPluginSupport.dylib
0x000000001bddc000 	/System/Library/Frameworks/OpenGL.framework/Versions/A/Libraries/libCoreVMClient.dylib
0x000000001bddc000 	/System/Library/PrivateFrameworks/CrashReporterSupport.framework/Versions/A/CrashReporterSupport
0x000000001bddc000 	/System/Library/PrivateFrameworks/Sharing.framework/Versions/A/Sharing
0x000000001bddc000 	/System/Library/PrivateFrameworks/IconServices.framework/Versions/A/IconServices
0x000000001bddc000 	/System/Library/PrivateFrameworks/ProtocolBuffer.framework/Versions/A/ProtocolBuffer
0x000000001bddc000 	/System/Library/PrivateFrameworks/Apple80211.framework/Versions/A/Apple80211
0x000000001bddc000 	/System/Library/Frameworks/CoreWLAN.framework/Versions/A/CoreWLAN
0x000000001bddc000 	/System/Library/PrivateFrameworks/CoreUtils.framework/Versions/A/CoreUtils
0x000000001bddc000 	/System/Library/Frameworks/IOBluetooth.framework/Versions/A/IOBluetooth
0x000000001bddc000 	/System/Library/PrivateFrameworks/CoreWiFi.framework/Versions/A/CoreWiFi
0x000000001bddc000 	/System/Library/Frameworks/CoreBluetooth.framework/Versions/A/CoreBluetooth
0x000000001bddc000 	/System/Library/Frameworks/CoreDisplay.framework/Versions/A/CoreDisplay
0x000000001bddc000 	/System/Library/PrivateFrameworks/IOPresentment.framework/Versions/A/IOPresentment
0x000000001bddc000 	/System/Library/PrivateFrameworks/DSExternalDisplay.framework/Versions/A/DSExternalDisplay
0x000000001bddc000 	/System/Library/PrivateFrameworks/DebugSymbols.framework/Versions/A/DebugSymbols
0x000000001bddc000 	/System/Library/PrivateFrameworks/CoreSymbolication.framework/Versions/A/CoreSymbolication
0x000000001bddc000 	/System/Library/PrivateFrameworks/Symbolication.framework/Versions/A/Symbolication
0x000000001bddc000 	/System/Library/PrivateFrameworks/AppleFSCompression.framework/Versions/A/AppleFSCompression
0x000000001bddc000 	/System/Library/PrivateFrameworks/SpeechRecognitionCore.framework/Versions/A/SpeechRecognitionCore
0x000000001bddc000 	/System/Library/PrivateFrameworks/ChunkingLibrary.framework/Versions/A/ChunkingLibrary
0x000000010e0df000 	/Library/Java/JavaVirtualMachines/jdk1.8.0_91.jdk/Contents/Home/jre/lib/server/libjvm.dylib
0x000000010de00000 	/usr/lib/libstdc++.6.dylib
0x000000010d54b000 	/Library/Java/JavaVirtualMachines/jdk1.8.0_91.jdk/Contents/Home/jre/lib/libverify.dylib
0x000000010d559000 	/Library/Java/JavaVirtualMachines/jdk1.8.0_91.jdk/Contents/Home/jre/lib/libjava.dylib
0x000000010d598000 	/Library/Java/JavaVirtualMachines/jdk1.8.0_91.jdk/Contents/Home/jre/lib/libzip.dylib
0x0000000124803000 	/System/Library/Frameworks/JavaVM.framework/Frameworks/JavaRuntimeSupport.framework/JavaRuntimeSupport
0x000000010e03b000 	/System/Library/Frameworks/JavaVM.framework/Versions/A/Frameworks/JavaNativeFoundation.framework/Versions/A/JavaNativeFoundation
0x000000010d5f2000 	/System/Library/Frameworks/JavaVM.framework/Versions/A/JavaVM
0x000000001bddc000 	/System/Library/Frameworks/Carbon.framework/Versions/A/Carbon
0x000000012481d000 	/System/Library/PrivateFrameworks/JavaLaunching.framework/Versions/A/JavaLaunching
0x000000001bddc000 	/System/Library/Frameworks/Carbon.framework/Versions/A/Frameworks/CommonPanels.framework/Versions/A/CommonPanels
0x000000001bddc000 	/System/Library/Frameworks/Carbon.framework/Versions/A/Frameworks/Help.framework/Versions/A/Help
0x000000001bddc000 	/System/Library/Frameworks/Carbon.framework/Versions/A/Frameworks/ImageCapture.framework/Versions/A/ImageCapture
0x000000001bddc000 	/System/Library/Frameworks/Carbon.framework/Versions/A/Frameworks/OpenScripting.framework/Versions/A/OpenScripting
0x000000001bddc000 	/System/Library/Frameworks/Carbon.framework/Versions/A/Frameworks/Print.framework/Versions/A/Print
0x000000001bddc000 	/System/Library/Frameworks/Carbon.framework/Versions/A/Frameworks/SecurityHI.framework/Versions/A/SecurityHI
0x0000000126161000 	/Users/Angelo/Desktop/ProjetHex/ProjetS4BEGGIFOUDINEMMADI/code/lib/libInterfaceAvecC.dylib

VM Arguments:
java_command: JeuHex
java_class_path (initial): .
Launcher Type: SUN_STANDARD

Environment Variables:
PATH=/usr/local/bin:/usr/bin:/bin:/usr/sbin:/sbin:/opt/X11/bin:/usr/local/share/dotnet
SHELL=/bin/zsh
DISPLAY=/private/tmp/com.apple.launchd.0KBjL2mZaq/org.macosforge.xquartz:0

Signal Handlers:
SIGSEGV: [libjvm.dylib+0x5a97a1], sa_mask[0]=11111111011111110111111111111111, sa_flags=SA_ONSTACK|SA_RESTART|SA_SIGINFO
SIGBUS: [libjvm.dylib+0x5a97a1], sa_mask[0]=11111111011111110111111111111111, sa_flags=SA_RESTART|SA_SIGINFO
SIGFPE: [libjvm.dylib+0x482594], sa_mask[0]=11111111011111110111111111111111, sa_flags=SA_RESTART|SA_SIGINFO
SIGPIPE: [libjvm.dylib+0x482594], sa_mask[0]=11111111011111110111111111111111, sa_flags=SA_RESTART|SA_SIGINFO
SIGXFSZ: [libjvm.dylib+0x482594], sa_mask[0]=11111111011111110111111111111111, sa_flags=SA_RESTART|SA_SIGINFO
SIGILL: [libjvm.dylib+0x482594], sa_mask[0]=11111111011111110111111111111111, sa_flags=SA_RESTART|SA_SIGINFO
SIGUSR1: SIG_DFL, sa_mask[0]=00000000000000000000000000000000, sa_flags=SA_RESTART
SIGUSR2: [libjvm.dylib+0x4820b2], sa_mask[0]=00000000000000000000000000000000, sa_flags=SA_RESTART|SA_SIGINFO
SIGHUP: [libjvm.dylib+0x480689], sa_mask[0]=11111111011111110111111111111111, sa_flags=SA_RESTART|SA_SIGINFO
SIGINT: [libjvm.dylib+0x480689], sa_mask[0]=11111111011111110111111111111111, sa_flags=SA_RESTART|SA_SIGINFO
SIGTERM: [libjvm.dylib+0x480689], sa_mask[0]=11111111011111110111111111111111, sa_flags=SA_RESTART|SA_SIGINFO
SIGQUIT: [libjvm.dylib+0x480689], sa_mask[0]=11111111011111110111111111111111, sa_flags=SA_RESTART|SA_SIGINFO


---------------  S Y S T E M  ---------------

OS:Bsduname:Darwin 16.5.0 Darwin Kernel Version 16.5.0: Fri Mar  3 16:52:33 PST 2017; root:xnu-3789.51.2~3/RELEASE_X86_64 x86_64
rlimit: STACK 8192k, CORE 0k, NPROC 709, NOFILE 10240, AS infinity
load average:2.05 1.55 1.46

CPU:total 4 (2 cores per cpu, 2 threads per core) family 6 model 61 stepping 4, cmov, cx8, fxsr, mmx, sse, sse2, sse3, ssse3, sse4.1, sse4.2, popcnt, avx, avx2, aes, clmul, erms, 3dnowpref, lzcnt, ht, tsc, tscinvbit, bmi1, bmi2, adx

Memory: 4k page, physical 8388608k(44968k free)

/proc/meminfo:


vm_info: Java HotSpot(TM) 64-Bit Server VM (25.91-b14) for bsd-amd64 JRE (1.8.0_91-b14), built on Apr  1 2016 01:03:00 by "java_re" with gcc 4.2.1 (Based on Apple Inc. build 5658) (LLVM build 2336.11.00)

time: Sun May 14 14:38:06 2017
elapsed time: 30 seconds (0d 0h 0m 30s)

