#
# A fatal error has been detected by the Java Runtime Environment:
#
#  SIGSEGV (0xb) at pc=0x000000010f62f6f9, pid=90957, tid=6915
#
# JRE version: Java(TM) SE Runtime Environment (8.0_91-b14) (build 1.8.0_91-b14)
# Java VM: Java HotSpot(TM) 64-Bit Server VM (25.91-b14 mixed mode bsd-amd64 compressed oops)
# Problematic frame:
# V  [libjvm.dylib+0x22f6f9]
#
# Failed to write core dump. Core dumps have been disabled. To enable core dumping, try "ulimit -c unlimited" before starting Java again
#
# If you would like to submit a bug report, please visit:
#   http://bugreport.java.com/bugreport/crash.jsp
#

---------------  T H R E A D  ---------------

Current thread (0x00007f9784007000):  JavaThread "main" [_thread_in_vm, id=6915, stack(0x0000700009e2a000,0x0000700009f2a000)]

siginfo: si_signo: 11 (SIGSEGV), si_code: 0 (unknown), si_addr: 0x0000000000000000

Registers:
RAX=0x2e2e2e2e2e2e2e2e, RBX=0x0000000000000000, RCX=0x00007f9782c19af0, RDX=0x00000000743c7755
RSP=0x0000700009f294b0, RBP=0x0000700009f294b0, RSI=0x0000000017e01af9, RDI=0x00007f9782e02860
R8 =0x00007f9782c23a80, R9 =0x0000000000000000, R10=0xffffffffffffffff, R11=0x0000000000012068
R12=0x00007f9782c19af0, R13=0x0000000000000005, R14=0x0000000031681629, R15=0x00007f9782c07790
RIP=0x000000010f62f6f9, EFLAGS=0x0000000000010206, ERR=0x0000000000000000
  TRAPNO=0x000000000000000d

Top of Stack: (sp=0x0000700009f294b0)
0x0000700009f294b0:   0000700009f294d0 000000010f62f78f
0x0000700009f294c0:   00007f9784007000 00007f9784007000
0x0000700009f294d0:   0000700009f295b0 000000010f93489a
0x0000700009f294e0:   00007f9784007000 00007fff93c681a8
0x0000700009f294f0:   0000700009f295e0 0000000000000000
0x0000700009f29500:   17e01af900000000 743c775509f296d0
0x0000700009f29510:   00007f9782c07798 0000000000000000
0x0000700009f29520:   00007f9782c23a80 00007f9782c19af0
0x0000700009f29530:   0000000000000000 00007f9782020000
0x0000700009f29540:   0000700009f29450 0000000000000000
0x0000700009f29550:   0000000000000000 00000001199a5ee0
0x0000700009f29560:   00007f9700000400 0000700009f29578
0x0000700009f29570:   0000700009f29668 00000000b06e63e1
0x0000700009f29580:   00000001db9f810a 00007f9784007000
0x0000700009f29590:   00007f9782c19af0 0000000000000005
0x0000700009f295a0:   0000000000000000 00007f9782c07790
0x0000700009f295b0:   0000700009f29610 000000010f93569c
0x0000700009f295c0:   00007fff93c681a8 00007fff93c676b8
0x0000700009f295d0:   0000000000000017 000000011853de53
0x0000700009f295e0:   0000700009f29630 00007f9784007000
0x0000700009f295f0:   00007f9782c07790 00007f9782c19af0
0x0000700009f29600:   0000000000000001 0000000000000000
0x0000700009f29610:   0000700009f29650 000000010f935d19
0x0000700009f29620:   000000011853de6b 0000000000000001
0x0000700009f29630:   00007f9782c07790 00007f9782c19af0
0x0000700009f29640:   00007f97840071f8 00007f9784007000
0x0000700009f29650:   0000700009f29680 000000010f7446b9
0x0000700009f29660:   000000011853de6b 00007f9782c07790
0x0000700009f29670:   00007f9784007000 0000000000000000
0x0000700009f29680:   0000700009f29710 000000010f711714
0x0000700009f29690:   00007f9784007000 01007f9782c07910
0x0000700009f296a0:   00007f97840071f8 00007f9700000008 

Instructions: (pc=0x000000010f62f6f9)
0x000000010f62f6d9:   74 ec 4d 8b 36 4d 85 f6 75 ee 30 c0 0f b6 c0 5b
0x000000010f62f6e9:   41 5e 5d c3 90 55 48 89 e5 48 8b 47 08 48 63 f6
0x000000010f62f6f9:   48 8b 04 f0 eb 1c 39 10 75 10 48 8b 70 10 48 39
0x000000010f62f709:   4e 10 75 06 4c 39 40 20 74 0f 48 8b 40 08 48 83 

Register to memory mapping:

RAX=0x2e2e2e2e2e2e2e2e is an unknown value
RBX=0x0000000000000000 is an unknown value
RCX=0x00007f9782c19af0 is an unknown value
RDX=0x00000000743c7755 is an unknown value
RSP=0x0000700009f294b0 is pointing into the stack for thread: 0x00007f9784007000
RBP=0x0000700009f294b0 is pointing into the stack for thread: 0x00007f9784007000
RSI=0x0000000017e01af9 is an unknown value
RDI=0x00007f9782e02860 is an unknown value
R8 =0x00007f9782c23a80 is an unknown value
R9 =0x0000000000000000 is an unknown value
R10=0xffffffffffffffff is an unknown value
R11=0x0000000000012068 is an unknown value
R12=0x00007f9782c19af0 is an unknown value
R13=0x0000000000000005 is an unknown value
R14=0x0000000031681629 is an unknown value
R15=0x00007f9782c07790 is an unknown value


Stack: [0x0000700009e2a000,0x0000700009f2a000],  sp=0x0000700009f294b0,  free space=1021k
Native frames: (J=compiled Java code, j=interpreted, Vv=VM code, C=native code)
V  [libjvm.dylib+0x22f6f9]
V  [libjvm.dylib+0x22f78f]
V  [libjvm.dylib+0x53489a]
V  [libjvm.dylib+0x53569c]
V  [libjvm.dylib+0x535d19]
V  [libjvm.dylib+0x3446b9]
V  [libjvm.dylib+0x311714]
C  [libInterfaceAvecC.dylib+0x14c3]  Java_InterfaceAvecC_nativeInitBoard+0x43
j  InterfaceAvecC.nativeInitBoard(ILjava/lang/String;)LBoard;+0
j  JeuHex.initBoard(ILjava/lang/String;)LBoard;+3
j  JeuHex.gameSetup()V+106
j  JeuHex.main([Ljava/lang/String;)V+13
v  ~StubRoutines::call_stub
V  [libjvm.dylib+0x2ec1e6]
V  [libjvm.dylib+0x322fbe]
V  [libjvm.dylib+0x31bd35]
C  [java+0x393e]  JavaMain+0x9b1
C  [libsystem_pthread.dylib+0x3aab]  _pthread_body+0xb4
C  [libsystem_pthread.dylib+0x39f7]  _pthread_body+0x0
C  [libsystem_pthread.dylib+0x31fd]  thread_start+0xd
C  0x0000000000000000

Java frames: (J=compiled Java code, j=interpreted, Vv=VM code)
j  InterfaceAvecC.nativeInitBoard(ILjava/lang/String;)LBoard;+0
j  JeuHex.initBoard(ILjava/lang/String;)LBoard;+3
j  JeuHex.gameSetup()V+106
j  JeuHex.main([Ljava/lang/String;)V+13
v  ~StubRoutines::call_stub

---------------  P R O C E S S  ---------------

Java Threads: ( => current thread )
  0x00007f9783048000 JavaThread "Service Thread" daemon [_thread_blocked, id=18691, stack(0x000070000aad1000,0x000070000abd1000)]
  0x00007f978380b000 JavaThread "C1 CompilerThread2" daemon [_thread_blocked, id=18179, stack(0x000070000a9ce000,0x000070000aace000)]
  0x00007f978380a000 JavaThread "C2 CompilerThread1" daemon [_thread_blocked, id=17667, stack(0x000070000a8cb000,0x000070000a9cb000)]
  0x00007f9783806000 JavaThread "C2 CompilerThread0" daemon [_thread_blocked, id=17155, stack(0x000070000a7c8000,0x000070000a8c8000)]
  0x00007f9783800000 JavaThread "Signal Dispatcher" daemon [_thread_blocked, id=16643, stack(0x000070000a6c5000,0x000070000a7c5000)]
  0x00007f9783011800 JavaThread "Finalizer" daemon [_thread_blocked, id=12291, stack(0x000070000a53f000,0x000070000a63f000)]
  0x00007f978300e800 JavaThread "Reference Handler" daemon [_thread_blocked, id=11779, stack(0x000070000a43c000,0x000070000a53c000)]
=>0x00007f9784007000 JavaThread "main" [_thread_in_vm, id=6915, stack(0x0000700009e2a000,0x0000700009f2a000)]

Other Threads:
  0x00007f9784030000 VMThread [stack: 0x000070000a339000,0x000070000a439000] [id=11267]
  0x00007f9784037000 WatcherThread [stack: 0x000070000abd4000,0x000070000acd4000] [id=19203]

VM state:not at safepoint (normal execution)

VM Mutex/Monitor currently owned by a thread: None

Heap:
 PSYoungGen      total 38400K, used 1996K [0x0000000795580000, 0x0000000798000000, 0x00000007c0000000)
  eden space 33280K, 6% used [0x0000000795580000,0x0000000795773398,0x0000000797600000)
  from space 5120K, 0% used [0x0000000797b00000,0x0000000797b00000,0x0000000798000000)
  to   space 5120K, 0% used [0x0000000797600000,0x0000000797600000,0x0000000797b00000)
 ParOldGen       total 87552K, used 0K [0x0000000740000000, 0x0000000745580000, 0x0000000795580000)
  object space 87552K, 0% used [0x0000000740000000,0x0000000740000000,0x0000000745580000)
 Metaspace       used 3337K, capacity 4564K, committed 4864K, reserved 1056768K
  class space    used 380K, capacity 388K, committed 512K, reserved 1048576K

Card table byte_map: [0x0000000110754000,0x0000000110b55000] byte_map_base: 0x000000010cd54000

Marking Bits: (ParMarkBitMap*) 0x000000010fce6eb0
 Begin Bits: [0x0000000110e00000, 0x0000000112e00000)
 End Bits:   [0x0000000112e00000, 0x0000000114e00000)

Polling page: 0x000000010eaad000

CodeCache: size=245760Kb used=1183Kb max_used=1183Kb free=244576Kb
 bounds [0x0000000119945000, 0x0000000119bb5000, 0x0000000128945000]
 total_blobs=308 nmethods=68 adapters=154
 compilation: enabled

Compilation events (10 events):
Event: 0.105 Thread 0x00007f978380b000   65       3       java.util.StringTokenizer::scanToken (179 bytes)
Event: 0.106 Thread 0x00007f978380b000 nmethod 65 0x0000000119a68c90 code [0x0000000119a68f20, 0x0000000119a6a1d8]
Event: 0.106 Thread 0x00007f978380b000   64       3       java.util.StringTokenizer::skipDelimiters (116 bytes)
Event: 0.107 Thread 0x00007f978380b000 nmethod 64 0x0000000119a6a950 code [0x0000000119a6ab60, 0x0000000119a6b6f8]
Event: 2.958 Thread 0x00007f978380b000   66       1       java.nio.Buffer::limit (5 bytes)
Event: 2.958 Thread 0x00007f978380b000 nmethod 66 0x0000000119a6c810 code [0x0000000119a6c960, 0x0000000119a6ca70]
Event: 2.958 Thread 0x00007f978380b000   67       3       java.lang.StringBuilder::toString (17 bytes)
Event: 2.958 Thread 0x00007f978380b000 nmethod 67 0x0000000119a6cad0 code [0x0000000119a6cc40, 0x0000000119a6ce48]
Event: 2.958 Thread 0x00007f978380b000   68       3       java.lang.ThreadLocal::getMap (5 bytes)
Event: 2.959 Thread 0x00007f978380b000 nmethod 68 0x0000000119a6cf10 code [0x0000000119a6d080, 0x0000000119a6d1d0]

GC Heap History (0 events):
No events

Deoptimization events (0 events):
No events

Internal exceptions (10 events):
Event: 0.084 Thread 0x00007f9784007000 Exception <a 'java/util/zip/ZipException'> (0x00000007956cd030) thrown at [/Users/java_re/workspace/8-2-build-macosx-x86_64/jdk8u91/6644/hotspot/src/share/vm/prims/jni.cpp, line 709]
Event: 0.084 Thread 0x00007f9784007000 Exception <a 'java/security/PrivilegedActionException'> (0x00000007956cd238) thrown at [/Users/java_re/workspace/8-2-build-macosx-x86_64/jdk8u91/6644/hotspot/src/share/vm/prims/jvm.cpp, line 1386]
Event: 0.084 Thread 0x00007f9784007000 Exception <a 'java/security/PrivilegedActionException'> (0x00000007956cd448) thrown at [/Users/java_re/workspace/8-2-build-macosx-x86_64/jdk8u91/6644/hotspot/src/share/vm/prims/jvm.cpp, line 1386]
Event: 0.085 Thread 0x00007f9784007000 Exception <a 'java/util/zip/ZipException'> (0x00000007956dec08) thrown at [/Users/java_re/workspace/8-2-build-macosx-x86_64/jdk8u91/6644/hotspot/src/share/vm/prims/jni.cpp, line 709]
Event: 0.085 Thread 0x00007f9784007000 Exception <a 'java/security/PrivilegedActionException'> (0x00000007956dee10) thrown at [/Users/java_re/workspace/8-2-build-macosx-x86_64/jdk8u91/6644/hotspot/src/share/vm/prims/jvm.cpp, line 1386]
Event: 0.085 Thread 0x00007f9784007000 Exception <a 'java/security/PrivilegedActionException'> (0x00000007956df020) thrown at [/Users/java_re/workspace/8-2-build-macosx-x86_64/jdk8u91/6644/hotspot/src/share/vm/prims/jvm.cpp, line 1386]
Event: 0.099 Thread 0x00007f9784007000 Exception <a 'java/security/PrivilegedActionException'> (0x00000007957127b0) thrown at [/Users/java_re/workspace/8-2-build-macosx-x86_64/jdk8u91/6644/hotspot/src/share/vm/prims/jvm.cpp, line 1386]
Event: 0.099 Thread 0x00007f9784007000 Exception <a 'java/security/PrivilegedActionException'> (0x00000007957129c0) thrown at [/Users/java_re/workspace/8-2-build-macosx-x86_64/jdk8u91/6644/hotspot/src/share/vm/prims/jvm.cpp, line 1386]
Event: 0.099 Thread 0x00007f9784007000 Exception <a 'java/security/PrivilegedActionException'> (0x0000000795715e48) thrown at [/Users/java_re/workspace/8-2-build-macosx-x86_64/jdk8u91/6644/hotspot/src/share/vm/prims/jvm.cpp, line 1386]
Event: 0.099 Thread 0x00007f9784007000 Exception <a 'java/security/PrivilegedActionException'> (0x0000000795716058) thrown at [/Users/java_re/workspace/8-2-build-macosx-x86_64/jdk8u91/6644/hotspot/src/share/vm/prims/jvm.cpp, line 1386]

Events (10 events):
Event: 0.109 loading class java/util/regex/Pattern$5
Event: 0.109 loading class java/util/regex/Pattern$5 done
Event: 0.109 loading class java/util/regex/Pattern$BranchConn
Event: 0.109 loading class java/util/regex/Pattern$BranchConn done
Event: 0.109 loading class java/util/regex/Pattern$Branch
Event: 0.109 loading class java/util/regex/Pattern$Branch done
Event: 0.109 loading class java/util/regex/Pattern$Dollar
Event: 0.109 loading class java/util/regex/Pattern$Dollar done
Event: 2.958 loading class InterfaceAvecC
Event: 2.958 loading class InterfaceAvecC done


Dynamic libraries:
0x000000000053d000 	/System/Library/Frameworks/Cocoa.framework/Versions/A/Cocoa
0x000000000053d000 	/System/Library/Frameworks/Security.framework/Versions/A/Security
0x000000000053d000 	/System/Library/Frameworks/ApplicationServices.framework/Versions/A/ApplicationServices
0x000000000053d000 	/usr/lib/libz.1.dylib
0x000000000053d000 	/usr/lib/libSystem.B.dylib
0x000000000053d000 	/usr/lib/libobjc.A.dylib
0x000000000053d000 	/System/Library/Frameworks/CoreFoundation.framework/Versions/A/CoreFoundation
0x000000000053d000 	/System/Library/Frameworks/Foundation.framework/Versions/C/Foundation
0x000000000053d000 	/System/Library/Frameworks/AppKit.framework/Versions/C/AppKit
0x000000000053d000 	/System/Library/Frameworks/CoreData.framework/Versions/A/CoreData
0x000000000053d000 	/System/Library/PrivateFrameworks/RemoteViewServices.framework/Versions/A/RemoteViewServices
0x000000000053d000 	/System/Library/PrivateFrameworks/UIFoundation.framework/Versions/A/UIFoundation
0x000000000053d000 	/System/Library/PrivateFrameworks/DFRFoundation.framework/Versions/A/DFRFoundation
0x000000000053d000 	/usr/lib/libenergytrace.dylib
0x000000000053d000 	/System/Library/PrivateFrameworks/SkyLight.framework/Versions/A/SkyLight
0x000000000053d000 	/System/Library/Frameworks/CoreGraphics.framework/Versions/A/CoreGraphics
0x000000000053d000 	/usr/lib/libScreenReader.dylib
0x000000000053d000 	/System/Library/Frameworks/Accelerate.framework/Versions/A/Accelerate
0x000000000053d000 	/System/Library/Frameworks/IOSurface.framework/Versions/A/IOSurface
0x000000000053d000 	/System/Library/Frameworks/AudioToolbox.framework/Versions/A/AudioToolbox
0x000000000053d000 	/System/Library/Frameworks/AudioUnit.framework/Versions/A/AudioUnit
0x000000000053d000 	/System/Library/PrivateFrameworks/DataDetectorsCore.framework/Versions/A/DataDetectorsCore
0x000000000053d000 	/System/Library/PrivateFrameworks/DesktopServicesPriv.framework/Versions/A/DesktopServicesPriv
0x000000000053d000 	/System/Library/Frameworks/Carbon.framework/Versions/A/Frameworks/HIToolbox.framework/Versions/A/HIToolbox
0x000000000053d000 	/usr/lib/libicucore.A.dylib
0x000000000053d000 	/System/Library/Frameworks/QuartzCore.framework/Versions/A/QuartzCore
0x000000000053d000 	/System/Library/Frameworks/Carbon.framework/Versions/A/Frameworks/SpeechRecognition.framework/Versions/A/SpeechRecognition
0x000000000053d000 	/usr/lib/libauto.dylib
0x000000000053d000 	/usr/lib/libxml2.2.dylib
0x000000000053d000 	/System/Library/PrivateFrameworks/CoreUI.framework/Versions/A/CoreUI
0x000000000053d000 	/System/Library/Frameworks/CoreAudio.framework/Versions/A/CoreAudio
0x000000000053d000 	/System/Library/Frameworks/DiskArbitration.framework/Versions/A/DiskArbitration
0x000000000053d000 	/usr/lib/liblangid.dylib
0x000000000053d000 	/System/Library/PrivateFrameworks/MultitouchSupport.framework/Versions/A/MultitouchSupport
0x000000000053d000 	/System/Library/Frameworks/IOKit.framework/Versions/A/IOKit
0x000000000053d000 	/usr/lib/libDiagnosticMessagesClient.dylib
0x000000000053d000 	/System/Library/Frameworks/CoreServices.framework/Versions/A/CoreServices
0x000000000053d000 	/System/Library/PrivateFrameworks/PerformanceAnalysis.framework/Versions/A/PerformanceAnalysis
0x000000000053d000 	/System/Library/PrivateFrameworks/GenerationalStorage.framework/Versions/A/GenerationalStorage
0x000000000053d000 	/System/Library/Frameworks/OpenGL.framework/Versions/A/OpenGL
0x000000000053d000 	/System/Library/Frameworks/CoreImage.framework/Versions/A/CoreImage
0x000000000053d000 	/System/Library/Frameworks/CoreText.framework/Versions/A/CoreText
0x000000000053d000 	/System/Library/Frameworks/ImageIO.framework/Versions/A/ImageIO
0x000000000053d000 	/System/Library/PrivateFrameworks/Backup.framework/Versions/A/Backup
0x000000000053d000 	/usr/lib/libarchive.2.dylib
0x000000000053d000 	/System/Library/Frameworks/CFNetwork.framework/Versions/A/CFNetwork
0x000000000053d000 	/System/Library/Frameworks/SystemConfiguration.framework/Versions/A/SystemConfiguration
0x000000000053d000 	/usr/lib/libCRFSuite.dylib
0x000000000053d000 	/usr/lib/libc++.1.dylib
0x000000000053d000 	/usr/lib/libc++abi.dylib
0x000000000053d000 	/usr/lib/system/libcache.dylib
0x000000000053d000 	/usr/lib/system/libcommonCrypto.dylib
0x000000000053d000 	/usr/lib/system/libcompiler_rt.dylib
0x000000000053d000 	/usr/lib/system/libcopyfile.dylib
0x000000000053d000 	/usr/lib/system/libcorecrypto.dylib
0x000000000053d000 	/usr/lib/system/libdispatch.dylib
0x000000000053d000 	/usr/lib/system/libdyld.dylib
0x000000000053d000 	/usr/lib/system/libkeymgr.dylib
0x000000000053d000 	/usr/lib/system/liblaunch.dylib
0x000000000053d000 	/usr/lib/system/libmacho.dylib
0x000000000053d000 	/usr/lib/system/libquarantine.dylib
0x000000000053d000 	/usr/lib/system/libremovefile.dylib
0x000000000053d000 	/usr/lib/system/libsystem_asl.dylib
0x000000000053d000 	/usr/lib/system/libsystem_blocks.dylib
0x000000000053d000 	/usr/lib/system/libsystem_c.dylib
0x000000000053d000 	/usr/lib/system/libsystem_configuration.dylib
0x000000000053d000 	/usr/lib/system/libsystem_coreservices.dylib
0x000000000053d000 	/usr/lib/system/libsystem_coretls.dylib
0x000000000053d000 	/usr/lib/system/libsystem_dnssd.dylib
0x000000000053d000 	/usr/lib/system/libsystem_info.dylib
0x000000000053d000 	/usr/lib/system/libsystem_kernel.dylib
0x000000000053d000 	/usr/lib/system/libsystem_m.dylib
0x000000000053d000 	/usr/lib/system/libsystem_malloc.dylib
0x000000000053d000 	/usr/lib/system/libsystem_network.dylib
0x000000000053d000 	/usr/lib/system/libsystem_networkextension.dylib
0x000000000053d000 	/usr/lib/system/libsystem_notify.dylib
0x000000000053d000 	/usr/lib/system/libsystem_platform.dylib
0x000000000053d000 	/usr/lib/system/libsystem_pthread.dylib
0x000000000053d000 	/usr/lib/system/libsystem_sandbox.dylib
0x000000000053d000 	/usr/lib/system/libsystem_secinit.dylib
0x000000000053d000 	/usr/lib/system/libsystem_symptoms.dylib
0x000000000053d000 	/usr/lib/system/libsystem_trace.dylib
0x000000000053d000 	/usr/lib/system/libunwind.dylib
0x000000000053d000 	/usr/lib/system/libxpc.dylib
0x000000000053d000 	/usr/lib/libbsm.0.dylib
0x000000000053d000 	/usr/lib/system/libkxld.dylib
0x000000000053d000 	/usr/lib/libcoretls.dylib
0x000000000053d000 	/usr/lib/libcoretls_cfhelpers.dylib
0x000000000053d000 	/usr/lib/libxar.1.dylib
0x000000000053d000 	/usr/lib/libsqlite3.dylib
0x000000000053d000 	/usr/lib/libpam.2.dylib
0x000000000053d000 	/usr/lib/libOpenScriptingUtil.dylib
0x000000000053d000 	/usr/lib/libbz2.1.0.dylib
0x000000000053d000 	/usr/lib/liblzma.5.dylib
0x000000000053d000 	/usr/lib/libnetwork.dylib
0x000000000053d000 	/usr/lib/libpcap.A.dylib
0x000000000053d000 	/System/Library/Frameworks/CoreServices.framework/Versions/A/Frameworks/FSEvents.framework/Versions/A/FSEvents
0x000000000053d000 	/System/Library/Frameworks/CoreServices.framework/Versions/A/Frameworks/CarbonCore.framework/Versions/A/CarbonCore
0x000000000053d000 	/System/Library/Frameworks/CoreServices.framework/Versions/A/Frameworks/Metadata.framework/Versions/A/Metadata
0x000000000053d000 	/System/Library/Frameworks/CoreServices.framework/Versions/A/Frameworks/OSServices.framework/Versions/A/OSServices
0x000000000053d000 	/System/Library/Frameworks/CoreServices.framework/Versions/A/Frameworks/SearchKit.framework/Versions/A/SearchKit
0x000000000053d000 	/System/Library/Frameworks/CoreServices.framework/Versions/A/Frameworks/AE.framework/Versions/A/AE
0x000000000053d000 	/System/Library/Frameworks/CoreServices.framework/Versions/A/Frameworks/LaunchServices.framework/Versions/A/LaunchServices
0x000000000053d000 	/System/Library/Frameworks/CoreServices.framework/Versions/A/Frameworks/DictionaryServices.framework/Versions/A/DictionaryServices
0x000000000053d000 	/System/Library/Frameworks/CoreServices.framework/Versions/A/Frameworks/SharedFileList.framework/Versions/A/SharedFileList
0x000000000053d000 	/System/Library/Frameworks/NetFS.framework/Versions/A/NetFS
0x000000000053d000 	/System/Library/PrivateFrameworks/NetAuth.framework/Versions/A/NetAuth
0x000000000053d000 	/System/Library/PrivateFrameworks/login.framework/Versions/A/Frameworks/loginsupport.framework/Versions/A/loginsupport
0x000000000053d000 	/System/Library/PrivateFrameworks/TCC.framework/Versions/A/TCC
0x000000000053d000 	/usr/lib/libmecabra.dylib
0x000000000053d000 	/System/Library/Frameworks/ApplicationServices.framework/Versions/A/Frameworks/ATS.framework/Versions/A/ATS
0x000000000053d000 	/System/Library/Frameworks/ApplicationServices.framework/Versions/A/Frameworks/ColorSync.framework/Versions/A/ColorSync
0x000000000053d000 	/System/Library/Frameworks/ApplicationServices.framework/Versions/A/Frameworks/HIServices.framework/Versions/A/HIServices
0x000000000053d000 	/System/Library/Frameworks/ApplicationServices.framework/Versions/A/Frameworks/LangAnalysis.framework/Versions/A/LangAnalysis
0x000000000053d000 	/System/Library/Frameworks/ApplicationServices.framework/Versions/A/Frameworks/PrintCore.framework/Versions/A/PrintCore
0x000000000053d000 	/System/Library/Frameworks/ApplicationServices.framework/Versions/A/Frameworks/QD.framework/Versions/A/QD
0x000000000053d000 	/System/Library/Frameworks/ApplicationServices.framework/Versions/A/Frameworks/SpeechSynthesis.framework/Versions/A/SpeechSynthesis
0x000000000053d000 	/System/Library/Frameworks/Accelerate.framework/Versions/A/Frameworks/vImage.framework/Versions/A/vImage
0x000000000053d000 	/System/Library/Frameworks/Accelerate.framework/Versions/A/Frameworks/vecLib.framework/Versions/A/vecLib
0x000000000053d000 	/System/Library/Frameworks/Accelerate.framework/Versions/A/Frameworks/vecLib.framework/Versions/A/libvDSP.dylib
0x000000000053d000 	/System/Library/Frameworks/Accelerate.framework/Versions/A/Frameworks/vecLib.framework/Versions/A/libBNNS.dylib
0x000000000053d000 	/System/Library/Frameworks/Accelerate.framework/Versions/A/Frameworks/vecLib.framework/Versions/A/libQuadrature.dylib
0x000000000053d000 	/System/Library/Frameworks/Accelerate.framework/Versions/A/Frameworks/vecLib.framework/Versions/A/libvMisc.dylib
0x000000000053d000 	/System/Library/Frameworks/Accelerate.framework/Versions/A/Frameworks/vecLib.framework/Versions/A/libLAPACK.dylib
0x000000000053d000 	/System/Library/Frameworks/Accelerate.framework/Versions/A/Frameworks/vecLib.framework/Versions/A/libBLAS.dylib
0x000000000053d000 	/System/Library/Frameworks/Accelerate.framework/Versions/A/Frameworks/vecLib.framework/Versions/A/libLinearAlgebra.dylib
0x000000000053d000 	/System/Library/Frameworks/Accelerate.framework/Versions/A/Frameworks/vecLib.framework/Versions/A/libSparseBLAS.dylib
0x000000000053d000 	/System/Library/Frameworks/ApplicationServices.framework/Versions/A/Frameworks/ATS.framework/Versions/A/Resources/libFontParser.dylib
0x000000000053d000 	/System/Library/Frameworks/ApplicationServices.framework/Versions/A/Frameworks/ATS.framework/Versions/A/Resources/libFontRegistry.dylib
0x000000000053d000 	/System/Library/Frameworks/ImageIO.framework/Versions/A/Resources/libJPEG.dylib
0x000000000053d000 	/System/Library/Frameworks/ImageIO.framework/Versions/A/Resources/libTIFF.dylib
0x000000000053d000 	/System/Library/Frameworks/ImageIO.framework/Versions/A/Resources/libPng.dylib
0x000000000053d000 	/System/Library/Frameworks/ImageIO.framework/Versions/A/Resources/libGIF.dylib
0x000000000053d000 	/System/Library/Frameworks/ImageIO.framework/Versions/A/Resources/libJP2.dylib
0x000000000053d000 	/System/Library/Frameworks/ImageIO.framework/Versions/A/Resources/libRadiance.dylib
0x000000000053d000 	/usr/lib/libcompression.dylib
0x000000000053d000 	/System/Library/PrivateFrameworks/AppleJPEG.framework/Versions/A/AppleJPEG
0x000000000053d000 	/usr/lib/libcups.2.dylib
0x000000000053d000 	/System/Library/Frameworks/Kerberos.framework/Versions/A/Kerberos
0x000000000053d000 	/System/Library/Frameworks/GSS.framework/Versions/A/GSS
0x000000000053d000 	/usr/lib/libresolv.9.dylib
0x000000000053d000 	/usr/lib/libiconv.2.dylib
0x000000000053d000 	/System/Library/PrivateFrameworks/Heimdal.framework/Versions/A/Heimdal
0x000000000053d000 	/usr/lib/libheimdal-asn1.dylib
0x000000000053d000 	/System/Library/Frameworks/OpenDirectory.framework/Versions/A/OpenDirectory
0x000000000053d000 	/System/Library/PrivateFrameworks/CommonAuth.framework/Versions/A/CommonAuth
0x000000000053d000 	/System/Library/Frameworks/OpenDirectory.framework/Versions/A/Frameworks/CFOpenDirectory.framework/Versions/A/CFOpenDirectory
0x000000000053d000 	/System/Library/Frameworks/SecurityFoundation.framework/Versions/A/SecurityFoundation
0x000000000053d000 	/System/Library/PrivateFrameworks/LanguageModeling.framework/Versions/A/LanguageModeling
0x000000000053d000 	/usr/lib/libmarisa.dylib
0x000000000053d000 	/usr/lib/libChineseTokenizer.dylib
0x000000000053d000 	/usr/lib/libcmph.dylib
0x000000000053d000 	/System/Library/PrivateFrameworks/CoreEmoji.framework/Versions/A/CoreEmoji
0x000000000053d000 	/System/Library/Frameworks/ServiceManagement.framework/Versions/A/ServiceManagement
0x000000000053d000 	/usr/lib/libxslt.1.dylib
0x000000000053d000 	/System/Library/Frameworks/Carbon.framework/Versions/A/Frameworks/Ink.framework/Versions/A/Ink
0x000000000053d000 	/System/Library/PrivateFrameworks/TextureIO.framework/Versions/A/TextureIO
0x000000000053d000 	/System/Library/Frameworks/Metal.framework/Versions/A/Metal
0x000000000053d000 	/usr/lib/libate.dylib
0x000000000053d000 	/System/Library/PrivateFrameworks/GPUCompiler.framework/libmetal_timestamp.dylib
0x000000000053d000 	/System/Library/Frameworks/OpenGL.framework/Versions/A/Libraries/libCoreFSCache.dylib
0x000000000053d000 	/System/Library/PrivateFrameworks/IOAccelerator.framework/Versions/A/IOAccelerator
0x000000000053d000 	/System/Library/Frameworks/CoreVideo.framework/Versions/A/CoreVideo
0x000000000053d000 	/usr/lib/libFosl_dynamic.dylib
0x000000000053d000 	/System/Library/PrivateFrameworks/MetalPerformanceShaders.framework/Versions/A/MetalPerformanceShaders
0x000000000053d000 	/System/Library/PrivateFrameworks/FaceCore.framework/Versions/A/FaceCore
0x000000000053d000 	/System/Library/Frameworks/OpenCL.framework/Versions/A/OpenCL
0x000000000053d000 	/System/Library/Frameworks/OpenGL.framework/Versions/A/Libraries/libGLU.dylib
0x000000000053d000 	/System/Library/Frameworks/OpenGL.framework/Versions/A/Libraries/libGFXShared.dylib
0x000000000053d000 	/System/Library/Frameworks/OpenGL.framework/Versions/A/Libraries/libGL.dylib
0x000000000053d000 	/System/Library/Frameworks/OpenGL.framework/Versions/A/Libraries/libGLImage.dylib
0x000000000053d000 	/System/Library/Frameworks/OpenGL.framework/Versions/A/Libraries/libCVMSPluginSupport.dylib
0x000000000053d000 	/System/Library/Frameworks/OpenGL.framework/Versions/A/Libraries/libCoreVMClient.dylib
0x000000000053d000 	/System/Library/PrivateFrameworks/CrashReporterSupport.framework/Versions/A/CrashReporterSupport
0x000000000053d000 	/System/Library/PrivateFrameworks/Sharing.framework/Versions/A/Sharing
0x000000000053d000 	/System/Library/PrivateFrameworks/IconServices.framework/Versions/A/IconServices
0x000000000053d000 	/System/Library/PrivateFrameworks/ProtocolBuffer.framework/Versions/A/ProtocolBuffer
0x000000000053d000 	/System/Library/PrivateFrameworks/Apple80211.framework/Versions/A/Apple80211
0x000000000053d000 	/System/Library/Frameworks/CoreWLAN.framework/Versions/A/CoreWLAN
0x000000000053d000 	/System/Library/PrivateFrameworks/CoreUtils.framework/Versions/A/CoreUtils
0x000000000053d000 	/System/Library/Frameworks/IOBluetooth.framework/Versions/A/IOBluetooth
0x000000000053d000 	/System/Library/PrivateFrameworks/CoreWiFi.framework/Versions/A/CoreWiFi
0x000000000053d000 	/System/Library/Frameworks/CoreBluetooth.framework/Versions/A/CoreBluetooth
0x000000000053d000 	/System/Library/Frameworks/CoreDisplay.framework/Versions/A/CoreDisplay
0x000000000053d000 	/System/Library/PrivateFrameworks/IOPresentment.framework/Versions/A/IOPresentment
0x000000000053d000 	/System/Library/PrivateFrameworks/DebugSymbols.framework/Versions/A/DebugSymbols
0x000000000053d000 	/System/Library/PrivateFrameworks/CoreSymbolication.framework/Versions/A/CoreSymbolication
0x000000000053d000 	/System/Library/PrivateFrameworks/Symbolication.framework/Versions/A/Symbolication
0x000000000053d000 	/System/Library/PrivateFrameworks/AppleFSCompression.framework/Versions/A/AppleFSCompression
0x000000000053d000 	/System/Library/PrivateFrameworks/SpeechRecognitionCore.framework/Versions/A/SpeechRecognitionCore
0x000000000053d000 	/System/Library/PrivateFrameworks/ChunkingLibrary.framework/Versions/A/ChunkingLibrary
0x000000010f400000 	/Library/Java/JavaVirtualMachines/jdk1.8.0_91.jdk/Contents/Home/jre/lib/server/libjvm.dylib
0x000000000053d000 	/usr/lib/libstdc++.6.dylib
0x000000010ea6a000 	/Library/Java/JavaVirtualMachines/jdk1.8.0_91.jdk/Contents/Home/jre/lib/libverify.dylib
0x000000010ea78000 	/Library/Java/JavaVirtualMachines/jdk1.8.0_91.jdk/Contents/Home/jre/lib/libjava.dylib
0x000000010eab7000 	/Library/Java/JavaVirtualMachines/jdk1.8.0_91.jdk/Contents/Home/jre/lib/libzip.dylib
0x000000010ebe2000 	/System/Library/Frameworks/JavaVM.framework/Frameworks/JavaRuntimeSupport.framework/JavaRuntimeSupport
0x0000000116bd5000 	/System/Library/Frameworks/JavaVM.framework/Versions/A/Frameworks/JavaNativeFoundation.framework/Versions/A/JavaNativeFoundation
0x0000000116bea000 	/System/Library/Frameworks/JavaVM.framework/Versions/A/JavaVM
0x000000000053d000 	/System/Library/Frameworks/Carbon.framework/Versions/A/Carbon
0x0000000116bf7000 	/System/Library/PrivateFrameworks/JavaLaunching.framework/Versions/A/JavaLaunching
0x000000000053d000 	/System/Library/Frameworks/Carbon.framework/Versions/A/Frameworks/CommonPanels.framework/Versions/A/CommonPanels
0x000000000053d000 	/System/Library/Frameworks/Carbon.framework/Versions/A/Frameworks/Help.framework/Versions/A/Help
0x000000000053d000 	/System/Library/Frameworks/Carbon.framework/Versions/A/Frameworks/ImageCapture.framework/Versions/A/ImageCapture
0x000000000053d000 	/System/Library/Frameworks/Carbon.framework/Versions/A/Frameworks/OpenScripting.framework/Versions/A/OpenScripting
0x000000000053d000 	/System/Library/Frameworks/Carbon.framework/Versions/A/Frameworks/Print.framework/Versions/A/Print
0x000000000053d000 	/System/Library/Frameworks/Carbon.framework/Versions/A/Frameworks/SecurityHI.framework/Versions/A/SecurityHI
0x000000011853b000 	/Users/Angelo/Desktop/ProjetHex/ProjetS4BEGGIFOUDINEMMADI/code/lib/libInterfaceAvecC.dylib

VM Arguments:
java_command: JeuHex
java_class_path (initial): .
Launcher Type: SUN_STANDARD

Environment Variables:
PATH=/usr/local/bin:/usr/bin:/bin:/usr/sbin:/sbin:/opt/X11/bin:/usr/local/share/dotnet
SHELL=/bin/zsh
DISPLAY=/private/tmp/com.apple.launchd.54UjxjMbBX/org.macosforge.xquartz:0

Signal Handlers:
SIGSEGV: [libjvm.dylib+0x5a97a1], sa_mask[0]=11111111011111110111111111111111, sa_flags=SA_ONSTACK|SA_RESTART|SA_SIGINFO
SIGBUS: [libjvm.dylib+0x5a97a1], sa_mask[0]=11111111011111110111111111111111, sa_flags=SA_RESTART|SA_SIGINFO
SIGFPE: [libjvm.dylib+0x482594], sa_mask[0]=11111111011111110111111111111111, sa_flags=SA_RESTART|SA_SIGINFO
SIGPIPE: [libjvm.dylib+0x482594], sa_mask[0]=11111111011111110111111111111111, sa_flags=SA_RESTART|SA_SIGINFO
SIGXFSZ: [libjvm.dylib+0x482594], sa_mask[0]=11111111011111110111111111111111, sa_flags=SA_RESTART|SA_SIGINFO
SIGILL: [libjvm.dylib+0x482594], sa_mask[0]=11111111011111110111111111111111, sa_flags=SA_RESTART|SA_SIGINFO
SIGUSR1: SIG_DFL, sa_mask[0]=00000000000000000000000000000000, sa_flags=SA_RESTART
SIGUSR2: [libjvm.dylib+0x4820b2], sa_mask[0]=00000000000000000000000000000000, sa_flags=SA_RESTART|SA_SIGINFO
SIGHUP: [libjvm.dylib+0x480689], sa_mask[0]=11111111011111110111111111111111, sa_flags=SA_RESTART|SA_SIGINFO
SIGINT: [libjvm.dylib+0x480689], sa_mask[0]=11111111011111110111111111111111, sa_flags=SA_RESTART|SA_SIGINFO
SIGTERM: [libjvm.dylib+0x480689], sa_mask[0]=11111111011111110111111111111111, sa_flags=SA_RESTART|SA_SIGINFO
SIGQUIT: [libjvm.dylib+0x480689], sa_mask[0]=11111111011111110111111111111111, sa_flags=SA_RESTART|SA_SIGINFO


---------------  S Y S T E M  ---------------

OS:Bsduname:Darwin 16.3.0 Darwin Kernel Version 16.3.0: Thu Nov 17 20:23:58 PST 2016; root:xnu-3789.31.2~1/RELEASE_X86_64 x86_64
rlimit: STACK 8192k, CORE 0k, NPROC 709, NOFILE 10240, AS infinity
load average:1.59 1.45 1.39

CPU:total 4 (2 cores per cpu, 2 threads per core) family 6 model 61 stepping 4, cmov, cx8, fxsr, mmx, sse, sse2, sse3, ssse3, sse4.1, sse4.2, popcnt, avx, avx2, aes, clmul, erms, 3dnowpref, lzcnt, ht, tsc, tscinvbit, bmi1, bmi2, adx

Memory: 4k page, physical 8388608k(95916k free)

/proc/meminfo:


vm_info: Java HotSpot(TM) 64-Bit Server VM (25.91-b14) for bsd-amd64 JRE (1.8.0_91-b14), built on Apr  1 2016 01:03:00 by "java_re" with gcc 4.2.1 (Based on Apple Inc. build 5658) (LLVM build 2336.11.00)

time: Fri May 12 17:23:25 2017
elapsed time: 2 seconds (0d 0h 0m 2s)

